<?xml version="1.0" encoding="UTF-8"?>
<robot generator="Robot 5.0.1 (Python 3.7.9 on win32)" generated="20250805 15:16:27.877" rpa="false" schemaversion="3">
<suite id="s1" name="FBB OSP for TPT III" source="C:\Users\arnoj885\Robot Framework\Obsolate Transporter\tests\TYPE_Non-Turnkey\FBB OSP for TPT III">
<suite id="s1-s1" name="FBB OSP for TPT III" source="C:\Users\arnoj885\Robot Framework\Obsolate Transporter\tests\TYPE_Non-Turnkey\FBB OSP for TPT III\FBB_OSP_for_TPT_III.robot">
<kw name="Open Browser To Login Page" library="login_keywords" type="SETUP">
<kw name="Open Browser" library="SeleniumLibrary">
<arg>${URL}</arg>
<arg>${BROWSER}</arg>
<doc>Opens a new browser instance to the optional ``url``.</doc>
<msg timestamp="20250805 15:16:30.526" level="INFO">Opening browser 'Chrome' to base url 'https://test-transporter.intra.ais/TPTWeb/login.jsf'.</msg>
<status status="PASS" starttime="20250805 15:16:30.526" endtime="20250805 15:16:35.096"/>
</kw>
<kw name="Maximize Browser Window" library="SeleniumLibrary">
<doc>Maximizes current browser window.</doc>
<status status="PASS" starttime="20250805 15:16:35.096" endtime="20250805 15:16:35.211"/>
</kw>
<kw name="Set Selenium Timeout" library="SeleniumLibrary">
<arg>10 seconds</arg>
<doc>Sets the timeout that is used by various keywords.</doc>
<status status="PASS" starttime="20250805 15:16:35.211" endtime="20250805 15:16:35.214"/>
</kw>
<status status="PASS" starttime="20250805 15:16:30.526" endtime="20250805 15:16:35.214"/>
</kw>
<test id="s1-s1-t1" name="[1] เตรียมข้อมูลสำหรับทดสอบระบบ" line="9">
<kw name="Clear Excel Value" library="Excel_Template">
<kw name="Open Workbook" library="RPA.Excel.Files">
<arg>${SOURCE_FILE}</arg>
<doc>Open an existing Excel workbook.</doc>
<msg timestamp="20250805 15:16:35.255" level="INFO">Opened workbook: &lt;RPA.Excel.Files.XlsxWorkbook object at 0x0000020DCCB40A88&gt;</msg>
<status status="PASS" starttime="20250805 15:16:35.214" endtime="20250805 15:16:35.255"/>
</kw>
<kw name="Set Cell Value" library="RPA.Excel.Files">
<arg>row=2</arg>
<arg>column=14</arg>
<arg>value=${EMPTY}</arg>
<doc>Set a cell value in the given worksheet.</doc>
<status status="PASS" starttime="20250805 15:16:35.255" endtime="20250805 15:16:35.259"/>
</kw>
<kw name="Set Cell Value" library="RPA.Excel.Files">
<arg>row=2</arg>
<arg>column=15</arg>
<arg>value=${EMPTY}</arg>
<doc>Set a cell value in the given worksheet.</doc>
<status status="PASS" starttime="20250805 15:16:35.259" endtime="20250805 15:16:35.259"/>
</kw>
<kw name="Set Cell Value" library="RPA.Excel.Files">
<arg>row=2</arg>
<arg>column=16</arg>
<arg>value=${EMPTY}</arg>
<doc>Set a cell value in the given worksheet.</doc>
<status status="PASS" starttime="20250805 15:16:35.259" endtime="20250805 15:16:35.259"/>
</kw>
<kw name="Set Cell Value" library="RPA.Excel.Files">
<arg>row=2</arg>
<arg>column=17</arg>
<arg>value=${EMPTY}</arg>
<doc>Set a cell value in the given worksheet.</doc>
<status status="PASS" starttime="20250805 15:16:35.259" endtime="20250805 15:16:35.259"/>
</kw>
<kw name="Set Cell Value" library="RPA.Excel.Files">
<arg>row=2</arg>
<arg>column=18</arg>
<arg>value=${EMPTY}</arg>
<doc>Set a cell value in the given worksheet.</doc>
<status status="PASS" starttime="20250805 15:16:35.259" endtime="20250805 15:16:35.259"/>
</kw>
<kw name="Set Cell Value" library="RPA.Excel.Files">
<arg>row=2</arg>
<arg>column=19</arg>
<arg>value=${EMPTY}</arg>
<doc>Set a cell value in the given worksheet.</doc>
<status status="PASS" starttime="20250805 15:16:35.259" endtime="20250805 15:16:35.273"/>
</kw>
<kw name="Set Cell Value" library="RPA.Excel.Files">
<arg>row=2</arg>
<arg>column=20</arg>
<arg>value=${EMPTY}</arg>
<doc>Set a cell value in the given worksheet.</doc>
<status status="PASS" starttime="20250805 15:16:35.273" endtime="20250805 15:16:35.276"/>
</kw>
<kw name="Save Workbook" library="RPA.Excel.Files">
<doc>Save the active workbook.</doc>
<msg timestamp="20250805 15:16:35.281" level="FAIL">PermissionError: [Errno 13] Permission denied: 'C:\\Users\\arnoj885\\Robot Framework\\Obsolate Transporter\\data file\\FBB_OSP_Config.xlsx'</msg>
<status status="FAIL" starttime="20250805 15:16:35.276" endtime="20250805 15:16:35.305"/>
</kw>
<kw name="Close Workbook" library="RPA.Excel.Files">
<doc>Close the active workbook.</doc>
<status status="NOT RUN" starttime="20250805 15:16:35.305" endtime="20250805 15:16:35.305"/>
</kw>
<status status="FAIL" starttime="20250805 15:16:35.214" endtime="20250805 15:16:35.305"/>
</kw>
<kw name="Gennerate Reference Site Code" library="Excel_Template">
<status status="NOT RUN" starttime="20250805 15:16:35.305" endtime="20250805 15:16:35.305"/>
</kw>
<kw name="Write Value To Excel" library="Excel_Template">
<status status="NOT RUN" starttime="20250805 15:16:35.305" endtime="20250805 15:16:35.305"/>
</kw>
<kw name="Log" library="BuiltIn">
<arg>${FULL_TIMESTAMP}</arg>
<doc>Logs the given message with the given level.</doc>
<status status="NOT RUN" starttime="20250805 15:16:35.305" endtime="20250805 15:16:35.305"/>
</kw>
<kw name="Write Value Reference Site Code" library="Excel_Template">
<status status="NOT RUN" starttime="20250805 15:16:35.305" endtime="20250805 15:16:35.305"/>
</kw>
<kw name="Write Value Running Date" library="Excel_Template">
<arg>${FULL_TIMESTAMP}</arg>
<status status="NOT RUN" starttime="20250805 15:16:35.305" endtime="20250805 15:16:35.305"/>
</kw>
<kw name="Write Value To Excel Result" library="Excel_Template">
<arg>Fail</arg>
<status status="NOT RUN" starttime="20250805 15:16:35.321" endtime="20250805 15:16:35.321"/>
</kw>
<doc>เตรียมข้อมูลสำหรับทดสอบ 1.สร้าง Reference Site Code 2.สร้างวันที่และเวลา</doc>
<tag>Standard_Test</tag>
<status status="FAIL" starttime="20250805 15:16:35.214" endtime="20250805 15:16:35.321">PermissionError: [Errno 13] Permission denied: 'C:\\Users\\arnoj885\\Robot Framework\\Obsolate Transporter\\data file\\FBB_OSP_Config.xlsx'</status>
</test>
<test id="s1-s1-t2" name="[2] สามารถล็อคอินเข้าสู่ระบบ Transporter" line="21">
<kw name="Your connection is not private" library="login_keywords">
<kw name="Click Button" library="SeleniumLibrary">
<arg>id=details-button</arg>
<doc>Clicks the button identified by ``locator``.</doc>
<msg timestamp="20250805 15:16:35.326" level="INFO">Clicking button 'id=details-button'.</msg>
<status status="PASS" starttime="20250805 15:16:35.322" endtime="20250805 15:16:35.398"/>
</kw>
<kw name="Set Selenium Timeout" library="SeleniumLibrary">
<arg>3 seconds</arg>
<doc>Sets the timeout that is used by various keywords.</doc>
<status status="PASS" starttime="20250805 15:16:35.398" endtime="20250805 15:16:35.399"/>
</kw>
<kw name="Click Link" library="SeleniumLibrary">
<arg>id=proceed-link</arg>
<doc>Clicks a link identified by ``locator``.</doc>
<msg timestamp="20250805 15:16:35.399" level="INFO">Clicking link 'id=proceed-link'.</msg>
<status status="PASS" starttime="20250805 15:16:35.399" endtime="20250805 15:16:35.458"/>
</kw>
<kw name="Set Selenium Timeout" library="SeleniumLibrary">
<arg>3 seconds</arg>
<doc>Sets the timeout that is used by various keywords.</doc>
<status status="PASS" starttime="20250805 15:16:35.458" endtime="20250805 15:16:35.460"/>
</kw>
<status status="PASS" starttime="20250805 15:16:35.322" endtime="20250805 15:16:35.460"/>
</kw>
<kw name="Transporter_Login" library="login_keywords">
<arg>${SSR Create Draft Site Code USER}</arg>
<arg>${SSR Create Draft Site Code PASS}</arg>
<kw name="Input Text" library="SeleniumLibrary">
<arg>id=loginForm:username</arg>
<arg>${username}</arg>
<doc>Types the given ``text`` into the text field identified by ``locator``.</doc>
<msg timestamp="20250805 15:16:35.462" level="INFO">Typing text 'arnonkus' into text field 'id=loginForm:username'.</msg>
<status status="PASS" starttime="20250805 15:16:35.462" endtime="20250805 15:16:36.221"/>
</kw>
<kw name="Input Text" library="SeleniumLibrary">
<arg>id=loginForm:password</arg>
<arg>${password}</arg>
<doc>Types the given ``text`` into the text field identified by ``locator``.</doc>
<msg timestamp="20250805 15:16:36.221" level="INFO">Typing text '123' into text field 'id=loginForm:password'.</msg>
<status status="PASS" starttime="20250805 15:16:36.221" endtime="20250805 15:16:36.306"/>
</kw>
<kw name="Click Button" library="SeleniumLibrary">
<arg>xpath=${LOGIN BUTTON}</arg>
<doc>Clicks the button identified by ``locator``.</doc>
<msg timestamp="20250805 15:16:36.306" level="INFO">Clicking button 'xpath=//*[@id="loginForm:login"]'.</msg>
<status status="PASS" starttime="20250805 15:16:36.306" endtime="20250805 15:16:37.308"/>
</kw>
<status status="PASS" starttime="20250805 15:16:35.461" endtime="20250805 15:16:37.309"/>
</kw>
<kw name="Welcome Page Should Be Open" library="login_keywords">
<arg>${LOGIN TITLE}</arg>
<kw name="Title Should Be" library="SeleniumLibrary">
<arg>${Title}</arg>
<doc>Verifies that the current page title equals ``title``.</doc>
<msg timestamp="20250805 15:16:37.313" level="INFO">Page title is 'Transporter Web (TPT)'.</msg>
<status status="PASS" starttime="20250805 15:16:37.309" endtime="20250805 15:16:37.313"/>
</kw>
<status status="PASS" starttime="20250805 15:16:37.309" endtime="20250805 15:16:37.317"/>
</kw>
<kw name="Sleep" library="BuiltIn">
<arg>1 seconds</arg>
<doc>Pauses the test executed for the given time.</doc>
<msg timestamp="20250805 15:16:38.325" level="INFO">Slept 1 second</msg>
<status status="PASS" starttime="20250805 15:16:37.317" endtime="20250805 15:16:38.325"/>
</kw>
<doc>ล็อคอินเข้าสู่ระบบ Transporter สร้าง Draft Site Code</doc>
<tag>Standard_Test</tag>
<status status="PASS" starttime="20250805 15:16:35.322" endtime="20250805 15:16:38.327"/>
</test>
<test id="s1-s1-t3" name="[3] สามารถกดเมนู Site Management Menu และ สามารถกด Create Draft Site Code Menu ได้" line="29">
<kw name="Click Menu List" library="menu_keywords">
<kw name="Click Element" library="SeleniumLibrary">
<arg>xpath=${Menu List}</arg>
<doc>Click the element identified by ``locator``.</doc>
<msg timestamp="20250805 15:16:38.342" level="INFO">Clicking element 'xpath=//form/div[1]/table/tbody/tr/td[1]/img'.</msg>
<status status="PASS" starttime="20250805 15:16:38.342" endtime="20250805 15:16:38.430"/>
</kw>
<status status="PASS" starttime="20250805 15:16:38.342" endtime="20250805 15:16:38.430"/>
</kw>
<kw name="Select Menu" library="menu_keywords">
<arg>${Site Management Menu ID}</arg>
<kw name="Execute Javascript" library="SeleniumLibrary">
<arg>document.getElementById("${Menu}").click()</arg>
<doc>Executes the given JavaScript code with possible arguments.</doc>
<msg timestamp="20250805 15:16:38.432" level="INFO">Executing JavaScript:
document.getElementById("iconheader:frmMenu:SiteManagement").click()
Without any arguments.</msg>
<status status="PASS" starttime="20250805 15:16:38.431" endtime="20250805 15:16:38.444"/>
</kw>
<kw name="Sleep" library="BuiltIn">
<arg>1 seconds</arg>
<doc>Pauses the test executed for the given time.</doc>
<msg timestamp="20250805 15:16:39.458" level="INFO">Slept 1 second</msg>
<status status="PASS" starttime="20250805 15:16:38.444" endtime="20250805 15:16:39.458"/>
</kw>
<status status="PASS" starttime="20250805 15:16:38.431" endtime="20250805 15:16:39.458"/>
</kw>
<kw name="Select Menu" library="menu_keywords">
<arg>${Create Draft Site Code Menu ID}</arg>
<kw name="Execute Javascript" library="SeleniumLibrary">
<arg>document.getElementById("${Menu}").click()</arg>
<doc>Executes the given JavaScript code with possible arguments.</doc>
<msg timestamp="20250805 15:16:39.458" level="INFO">Executing JavaScript:
document.getElementById("iconheader:frmMenu:CreateDraftSiteCode").click()
Without any arguments.</msg>
<status status="PASS" starttime="20250805 15:16:39.458" endtime="20250805 15:16:40.403"/>
</kw>
<kw name="Sleep" library="BuiltIn">
<arg>1 seconds</arg>
<doc>Pauses the test executed for the given time.</doc>
<msg timestamp="20250805 15:16:41.420" level="INFO">Slept 1 second</msg>
<status status="PASS" starttime="20250805 15:16:40.403" endtime="20250805 15:16:41.420"/>
</kw>
<status status="PASS" starttime="20250805 15:16:39.458" endtime="20250805 15:16:41.420"/>
</kw>
<kw name="Click Import" library="create_draft_site_code">
<kw name="Click Element" library="SeleniumLibrary">
<arg>xpath=${Import Create Draft Site Code}</arg>
<doc>Click the element identified by ``locator``.</doc>
<msg timestamp="20250805 15:16:41.420" level="INFO">Clicking element 'xpath=//form/table/tbody/tr/td[2]/input[1]'.</msg>
<status status="PASS" starttime="20250805 15:16:41.420" endtime="20250805 15:16:42.025"/>
</kw>
<kw name="Wait Until Page Contains" library="SeleniumLibrary">
<arg>Import Site Information</arg>
<arg>timeout=15s</arg>
<doc>Waits until ``text`` appears on the current page.</doc>
<status status="PASS" starttime="20250805 15:16:42.025" endtime="20250805 15:16:42.052"/>
</kw>
<status status="PASS" starttime="20250805 15:16:41.420" endtime="20250805 15:16:42.052"/>
</kw>
<kw name="Click Search Proforma No" library="create_draft_site_code">
<kw name="Click Element" library="SeleniumLibrary">
<arg>xpath=${Search Proforma No}</arg>
<doc>Click the element identified by ``locator``.</doc>
<msg timestamp="20250805 15:16:42.055" level="INFO">Clicking element 'xpath=//form/fieldset[2]/table/tbody/tr[2]/td[3]/input[2]'.</msg>
<status status="PASS" starttime="20250805 15:16:42.054" endtime="20250805 15:16:42.107"/>
</kw>
<kw name="Wait Until Element Is Visible" library="SeleniumLibrary">
<arg>xpath=${Proferma No Input}</arg>
<arg>timeout=10s</arg>
<doc>Waits until the element ``locator`` is visible.</doc>
<status status="PASS" starttime="20250805 15:16:42.109" endtime="20250805 15:16:42.379"/>
</kw>
<status status="PASS" starttime="20250805 15:16:42.054" endtime="20250805 15:16:42.380"/>
</kw>
<kw name="Get Column Values By Name" library="Excel_Template">
<var>${Proferma No List}</var>
<arg>Proferma_No</arg>
<kw name="Open Workbook" library="RPA.Excel.Files">
<arg>${SOURCE_FILE}</arg>
<doc>Open an existing Excel workbook.</doc>
<msg timestamp="20250805 15:16:42.381" level="INFO">Closing workbook: &lt;RPA.Excel.Files.XlsxWorkbook object at 0x0000020DCCB40A88&gt;</msg>
<msg timestamp="20250805 15:16:42.391" level="INFO">Opened workbook: &lt;RPA.Excel.Files.XlsxWorkbook object at 0x0000020DCCB408C8&gt;</msg>
<status status="PASS" starttime="20250805 15:16:42.381" endtime="20250805 15:16:42.391"/>
</kw>
<kw name="Read Worksheet As Table" library="RPA.Excel.Files">
<var>${rows}</var>
<arg>header=True</arg>
<doc>Read the contents of a worksheet into a Table container. Allows
sorting/filtering/manipulating using the ``RPA.Tables`` library.</doc>
<msg timestamp="20250805 15:16:42.392" level="INFO">Created table: Table(columns=['Test_Case_ID', 'Proferma_No', 'Import_Site_Template_File', 'SSR_Routing_Submitted_Latitude_Start', 'SSR_Routing_Submitted_Latitude_End', 'SSR_Routing_Submitted_Longitude_Start', 'SSR_Routing_Submitted_Longitude_End', 'SSR_Routing_Submitted_Cable_Distance', 'SSR_Routing_Submitted_Upload_File', 'DD_Submitted_Upload_file', 'Permission_Start_Submitted_Upload_file', 'PAT_BOQ_Submitted_Upload_file', 'FAT_Permission_iGIS_Submitted_Upload_file', 'Date Running', 'Run_Status', 'Reference_Site_Code', 'SSR_ID', 'Pre-PR', 'PO', 'Result'], rows=1)</msg>
<msg timestamp="20250805 15:16:42.392" level="INFO">${rows} = Table(columns=['Test_Case_ID', 'Proferma_No', 'Import_Site_Template_File', 'SSR_Routing_Submitted_Latitude_Start', 'SSR_Routing_Submitted_Latitude_End', 'SSR_Routing_Submitted_Longitude_Start', 'SSR_R...</msg>
<status status="PASS" starttime="20250805 15:16:42.391" endtime="20250805 15:16:42.392"/>
</kw>
<kw name="Create List" library="BuiltIn">
<var>${values}</var>
<doc>Returns a list containing given items.</doc>
<msg timestamp="20250805 15:16:42.393" level="INFO">${values} = []</msg>
<status status="PASS" starttime="20250805 15:16:42.392" endtime="20250805 15:16:42.393"/>
</kw>
<for flavor="IN">
<var>${row}</var>
<value>@{rows}</value>
<iter>
<var name="${row}">{'Test_Case_ID': '001', 'Proferma_No': 1010001072, 'Import_Site_Template_File': 'Import_Site_Template_Proforma OSP.xls', 'SSR_Routing_Submitted_Latitude_Start': 4.12345, 'SSR_Routing_Submitted_Latitud...</var>
<kw name="Get From Dictionary" library="Collections">
<var>${value}</var>
<arg>${row}</arg>
<arg>${column_name}</arg>
<doc>Returns a value from the given ``dictionary`` based on the given ``key``.</doc>
<msg timestamp="20250805 15:16:42.393" level="INFO">${value} = 1010001072</msg>
<status status="PASS" starttime="20250805 15:16:42.393" endtime="20250805 15:16:42.393"/>
</kw>
<kw name="Append To List" library="Collections">
<arg>${values}</arg>
<arg>${value}</arg>
<doc>Adds ``values`` to the end of ``list``.</doc>
<status status="PASS" starttime="20250805 15:16:42.394" endtime="20250805 15:16:42.394"/>
</kw>
<status status="PASS" starttime="20250805 15:16:42.393" endtime="20250805 15:16:42.394"/>
</iter>
<status status="PASS" starttime="20250805 15:16:42.393" endtime="20250805 15:16:42.394"/>
</for>
<kw name="Close Workbook" library="RPA.Excel.Files">
<doc>Close the active workbook.</doc>
<msg timestamp="20250805 15:16:42.394" level="INFO">Closing workbook: &lt;RPA.Excel.Files.XlsxWorkbook object at 0x0000020DCCB408C8&gt;</msg>
<status status="PASS" starttime="20250805 15:16:42.394" endtime="20250805 15:16:42.394"/>
</kw>
<msg timestamp="20250805 15:16:42.394" level="INFO">${Proferma No List} = [1010001072]</msg>
<status status="PASS" starttime="20250805 15:16:42.380" endtime="20250805 15:16:42.394"/>
</kw>
<kw name="Set Variable" library="BuiltIn">
<var>${Proferma No}</var>
<arg>${Proferma No List[0]}</arg>
<doc>Returns the given values which can then be assigned to a variables.</doc>
<msg timestamp="20250805 15:16:42.398" level="INFO">${Proferma No} = 1010001072</msg>
<status status="PASS" starttime="20250805 15:16:42.395" endtime="20250805 15:16:42.398"/>
</kw>
<kw name="Log" library="BuiltIn">
<arg>Proferma No :&gt;&gt;&gt;${Proferma No}</arg>
<doc>Logs the given message with the given level.</doc>
<msg timestamp="20250805 15:16:42.399" level="INFO">Proferma No :&gt;&gt;&gt;1010001072</msg>
<status status="PASS" starttime="20250805 15:16:42.399" endtime="20250805 15:16:42.399"/>
</kw>
<kw name="Search Proforma No" library="create_draft_site_code">
<arg>${Proferma No}</arg>
<kw name="Input Text" library="SeleniumLibrary">
<arg>xpath=${Proferma No Input}</arg>
<arg>${Proferma Number}</arg>
<doc>Types the given ``text`` into the text field identified by ``locator``.</doc>
<msg timestamp="20250805 15:16:42.400" level="INFO">Typing text '1010001072' into text field 'xpath=//div/div[2]/table/tbody/tr[2]/td/form/div[1]/div/fieldset/table[1]/tbody/tr[3]/td[3]/input'.</msg>
<status status="PASS" starttime="20250805 15:16:42.400" endtime="20250805 15:16:42.520"/>
</kw>
<kw name="Click Element" library="SeleniumLibrary">
<arg>xpath=${Proferma Serach Button}</arg>
<doc>Click the element identified by ``locator``.</doc>
<msg timestamp="20250805 15:16:42.520" level="INFO">Clicking element 'xpath=//div[2]/div[2]/div/div[2]/table/tbody/tr[2]/td/form/div[1]/div/fieldset/table[2]/tbody/tr[1]/td/input[1]'.</msg>
<status status="PASS" starttime="20250805 15:16:42.520" endtime="20250805 15:16:42.571"/>
</kw>
<kw name="Wait Until Element Is Visible" library="SeleniumLibrary">
<arg>xpath=${First Proferma No}</arg>
<arg>timeout=15s</arg>
<doc>Waits until the element ``locator`` is visible.</doc>
<status status="PASS" starttime="20250805 15:16:42.572" endtime="20250805 15:16:43.020"/>
</kw>
<kw name="Click Element" library="SeleniumLibrary">
<arg>xpath=${First Proferma No}</arg>
<doc>Click the element identified by ``locator``.</doc>
<msg timestamp="20250805 15:16:43.021" level="INFO">Clicking element 'xpath=//div[2]/table/tbody/tr[2]/td/form/div[1]/div/span/fieldset/span/div[2]/table/tbody/tr/td[2]/div/a'.</msg>
<status status="PASS" starttime="20250805 15:16:43.021" endtime="20250805 15:16:43.583"/>
</kw>
<status status="PASS" starttime="20250805 15:16:42.399" endtime="20250805 15:16:43.583"/>
</kw>
<kw name="Click Budget Check List" library="create_draft_site_code">
<kw name="Click Element" library="SeleniumLibrary">
<arg>xpath=${Serach Budget Check List}</arg>
<doc>Click the element identified by ``locator``.</doc>
<msg timestamp="20250805 15:16:43.585" level="INFO">Clicking element 'xpath=//tbody/tr/td/form/fieldset[2]/table/tbody/tr[7]/td[3]/input[2]'.</msg>
<status status="PASS" starttime="20250805 15:16:43.584" endtime="20250805 15:16:43.653"/>
</kw>
<kw name="Wait Until Element Is Visible" library="SeleniumLibrary">
<arg>xpath=${Purchase Cat Group}</arg>
<arg>timeout=10s</arg>
<doc>Waits until the element ``locator`` is visible.</doc>
<status status="PASS" starttime="20250805 15:16:43.653" endtime="20250805 15:16:43.905"/>
</kw>
<status status="PASS" starttime="20250805 15:16:43.584" endtime="20250805 15:16:43.905"/>
</kw>
<kw name="Search Budget Check List" library="create_draft_site_code">
<arg>${Telecom-Radio}</arg>
<arg>${Service Management Fee}</arg>
<arg>${Installation Upgrade Optimization}</arg>
<arg>${4G}</arg>
<arg>${Telecom}</arg>
<arg>${AWN}</arg>
<kw name="Click Element" library="SeleniumLibrary">
<arg>xpath=${Purchase Cat Group}</arg>
<doc>Click the element identified by ``locator``.</doc>
<msg timestamp="20250805 15:16:43.907" level="INFO">Clicking element 'xpath=//div[2]/div[2]/div/div[2]/table/tbody/tr[2]/td/form/div[1]/div/fieldset/table[1]/tbody/tr[3]/td[3]/select'.</msg>
<status status="PASS" starttime="20250805 15:16:43.907" endtime="20250805 15:16:43.999"/>
</kw>
<kw name="Click Element" library="SeleniumLibrary">
<arg>xpath=${Select Purchase Cat Group}</arg>
<doc>Click the element identified by ``locator``.</doc>
<msg timestamp="20250805 15:16:43.999" level="INFO">Clicking element 'xpath=//*[@id="purchasePopupId:popupPurchasefrom:purchaseCatGroupId"]/option[6]'.</msg>
<status status="PASS" starttime="20250805 15:16:43.999" endtime="20250805 15:16:44.061"/>
</kw>
<kw name="Sleep" library="BuiltIn">
<arg>0.5 seconds</arg>
<doc>Pauses the test executed for the given time.</doc>
<msg timestamp="20250805 15:16:44.573" level="INFO">Slept 500 milliseconds</msg>
<status status="PASS" starttime="20250805 15:16:44.061" endtime="20250805 15:16:44.573"/>
</kw>
<kw name="Click Element" library="SeleniumLibrary">
<arg>xpath=${Purchase Cat}</arg>
<doc>Click the element identified by ``locator``.</doc>
<msg timestamp="20250805 15:16:44.573" level="INFO">Clicking element 'xpath=//div[2]/div[2]/div/div[2]/table/tbody/tr[2]/td/form/div[1]/div/fieldset/table[1]/tbody/tr[3]/td[6]/select'.</msg>
<status status="PASS" starttime="20250805 15:16:44.573" endtime="20250805 15:16:44.635"/>
</kw>
<kw name="Click Element" library="SeleniumLibrary">
<arg>xpath=${Select Purchase Cat}</arg>
<doc>Click the element identified by ``locator``.</doc>
<msg timestamp="20250805 15:16:44.635" level="INFO">Clicking element 'xpath=//tr[2]/td/form/div[1]/div/fieldset/table[1]/tbody/tr[3]/td[6]/select/option[2]'.</msg>
<status status="PASS" starttime="20250805 15:16:44.635" endtime="20250805 15:16:44.683"/>
</kw>
<kw name="Sleep" library="BuiltIn">
<arg>0.5 seconds</arg>
<doc>Pauses the test executed for the given time.</doc>
<msg timestamp="20250805 15:16:45.192" level="INFO">Slept 500 milliseconds</msg>
<status status="PASS" starttime="20250805 15:16:44.684" endtime="20250805 15:16:45.192"/>
</kw>
<kw name="Click Element" library="SeleniumLibrary">
<arg>xpath=${Action Type}</arg>
<doc>Click the element identified by ``locator``.</doc>
<msg timestamp="20250805 15:16:45.192" level="INFO">Clicking element 'xpath=//div[2]/div[2]/div/div[2]/table/tbody/tr[2]/td/form/div[1]/div/fieldset/table[1]/tbody/tr[4]/td[3]/select'.</msg>
<status status="PASS" starttime="20250805 15:16:45.192" endtime="20250805 15:16:45.256"/>
</kw>
<kw name="Click Element" library="SeleniumLibrary">
<arg>xpath=${Select Action Type}</arg>
<doc>Click the element identified by ``locator``.</doc>
<msg timestamp="20250805 15:16:45.257" level="INFO">Clicking element 'xpath=//*[@id="purchasePopupId:popupPurchasefrom:actionTypeId"]/option[2]'.</msg>
<status status="PASS" starttime="20250805 15:16:45.256" endtime="20250805 15:16:45.326"/>
</kw>
<kw name="Sleep" library="BuiltIn">
<arg>0.5 seconds</arg>
<doc>Pauses the test executed for the given time.</doc>
<msg timestamp="20250805 15:16:45.830" level="INFO">Slept 500 milliseconds</msg>
<status status="PASS" starttime="20250805 15:16:45.326" endtime="20250805 15:16:45.830"/>
</kw>
<kw name="Click Element" library="SeleniumLibrary">
<arg>xpath=${System Type}</arg>
<doc>Click the element identified by ``locator``.</doc>
<msg timestamp="20250805 15:16:45.831" level="INFO">Clicking element 'xpath=//div[2]/div[2]/div/div[2]/table/tbody/tr[2]/td/form/div[1]/div/fieldset/table[1]/tbody/tr[4]/td[6]/select'.</msg>
<status status="PASS" starttime="20250805 15:16:45.831" endtime="20250805 15:16:45.935"/>
</kw>
<kw name="Click Element" library="SeleniumLibrary">
<arg>xpath=${Select System Type}</arg>
<doc>Click the element identified by ``locator``.</doc>
<msg timestamp="20250805 15:16:45.935" level="INFO">Clicking element 'xpath=//div[2]/div[2]/div/div[2]/table/tbody/tr[2]/td/form/div[1]/div/fieldset/table[1]/tbody/tr[4]/td[6]/select/option[4]'.</msg>
<status status="PASS" starttime="20250805 15:16:45.935" endtime="20250805 15:16:45.978"/>
</kw>
<kw name="Sleep" library="BuiltIn">
<arg>0.5 seconds</arg>
<doc>Pauses the test executed for the given time.</doc>
<msg timestamp="20250805 15:16:46.495" level="INFO">Slept 500 milliseconds</msg>
<status status="PASS" starttime="20250805 15:16:45.978" endtime="20250805 15:16:46.495"/>
</kw>
<kw name="Click Element" library="SeleniumLibrary">
<arg>xpath=${Service Code}</arg>
<doc>Click the element identified by ``locator``.</doc>
<msg timestamp="20250805 15:16:46.495" level="INFO">Clicking element 'xpath=//div[2]/div[2]/div/div[2]/table/tbody/tr[2]/td/form/div[1]/div/fieldset/table[1]/tbody/tr[5]/td[3]/select'.</msg>
<status status="PASS" starttime="20250805 15:16:46.495" endtime="20250805 15:16:46.600"/>
</kw>
<kw name="Click Element" library="SeleniumLibrary">
<arg>xpath=${Select Service Code}</arg>
<doc>Click the element identified by ``locator``.</doc>
<msg timestamp="20250805 15:16:46.602" level="INFO">Clicking element 'xpath=//table/tbody/tr[2]/td/form/div[1]/div/fieldset/table[1]/tbody/tr[5]/td[3]/select/option[2]'.</msg>
<status status="PASS" starttime="20250805 15:16:46.602" endtime="20250805 15:16:46.644"/>
</kw>
<kw name="Sleep" library="BuiltIn">
<arg>0.5 seconds</arg>
<doc>Pauses the test executed for the given time.</doc>
<msg timestamp="20250805 15:16:47.149" level="INFO">Slept 500 milliseconds</msg>
<status status="PASS" starttime="20250805 15:16:46.644" endtime="20250805 15:16:47.149"/>
</kw>
<kw name="Click Element" library="SeleniumLibrary">
<arg>xpath=${Company Code}</arg>
<doc>Click the element identified by ``locator``.</doc>
<msg timestamp="20250805 15:16:47.149" level="INFO">Clicking element 'xpath=//div[2]/div[2]/div/div[2]/table/tbody/tr[2]/td/form/div[1]/div/fieldset/table[1]/tbody/tr[5]/td[6]/select'.</msg>
<status status="PASS" starttime="20250805 15:16:47.149" endtime="20250805 15:16:47.264"/>
</kw>
<kw name="Click Element" library="SeleniumLibrary">
<arg>xpath=${Select Company Code}</arg>
<doc>Click the element identified by ``locator``.</doc>
<msg timestamp="20250805 15:16:47.265" level="INFO">Clicking element 'xpath=//table/tbody/tr[2]/td/form/div[1]/div/fieldset/table[1]/tbody/tr[5]/td[6]/select/option[2]'.</msg>
<status status="PASS" starttime="20250805 15:16:47.264" endtime="20250805 15:16:47.294"/>
</kw>
<kw name="Sleep" library="BuiltIn">
<arg>0.5 seconds</arg>
<doc>Pauses the test executed for the given time.</doc>
<msg timestamp="20250805 15:16:47.806" level="INFO">Slept 500 milliseconds</msg>
<status status="PASS" starttime="20250805 15:16:47.294" endtime="20250805 15:16:47.806"/>
</kw>
<status status="PASS" starttime="20250805 15:16:43.906" endtime="20250805 15:16:47.806"/>
</kw>
<kw name="Clck Search Purchase" library="create_draft_site_code">
<kw name="Click Element" library="SeleniumLibrary">
<arg>xpath=${Purchase Serach}</arg>
<doc>Click the element identified by ``locator``.</doc>
<msg timestamp="20250805 15:16:47.812" level="INFO">Clicking element 'xpath=//div[2]/div[2]/div/div[2]/table/tbody/tr[2]/td/form/div[1]/div/fieldset/table[2]/tbody/tr[1]/td/input[1]'.</msg>
<status status="PASS" starttime="20250805 15:16:47.812" endtime="20250805 15:16:47.956"/>
</kw>
<kw name="Wait Until Element Is Visible" library="SeleniumLibrary">
<arg>xpath=${First Purchase Row Select}</arg>
<arg>timeout=10s</arg>
<doc>Waits until the element ``locator`` is visible.</doc>
<status status="PASS" starttime="20250805 15:16:47.958" endtime="20250805 15:16:48.236"/>
</kw>
<status status="PASS" starttime="20250805 15:16:47.806" endtime="20250805 15:16:48.236"/>
</kw>
<kw name="Select Purchase Cat Group" library="create_draft_site_code">
<kw name="Click Element" library="SeleniumLibrary">
<arg>xpath=${First Purchase Row Select}</arg>
<doc>Click the element identified by ``locator``.</doc>
<msg timestamp="20250805 15:16:48.236" level="INFO">Clicking element 'xpath=//div[2]/div[2]/div/div[2]/table/tbody/tr[2]/td/form/div[1]/div/span/fieldset/span/div[2]/table/tbody/tr[1]/td[2]/div/a'.</msg>
<status status="PASS" starttime="20250805 15:16:48.236" endtime="20250805 15:16:48.416"/>
</kw>
<kw name="Sleep" library="BuiltIn">
<arg>0.5 seconds</arg>
<doc>Pauses the test executed for the given time.</doc>
<msg timestamp="20250805 15:16:48.927" level="INFO">Slept 500 milliseconds</msg>
<status status="PASS" starttime="20250805 15:16:48.416" endtime="20250805 15:16:48.927"/>
</kw>
<status status="PASS" starttime="20250805 15:16:48.236" endtime="20250805 15:16:48.928"/>
</kw>
<kw name="Click Search Procurator" library="create_draft_site_code">
<kw name="Click Element" library="SeleniumLibrary">
<arg>xpath=${Click Search Procurator Button}</arg>
<doc>Click the element identified by ``locator``.</doc>
<msg timestamp="20250805 15:16:48.935" level="INFO">Clicking element 'xpath=//tbody/tr/td/form/fieldset[2]/table/tbody/tr[10]/td[4]/input'.</msg>
<status status="PASS" starttime="20250805 15:16:48.933" endtime="20250805 15:16:49.040"/>
</kw>
<kw name="Wait Until Element Is Visible" library="SeleniumLibrary">
<arg>xpath=${Workflow Type}</arg>
<arg>timeout=10s</arg>
<doc>Waits until the element ``locator`` is visible.</doc>
<status status="PASS" starttime="20250805 15:16:49.040" endtime="20250805 15:16:49.277"/>
</kw>
<status status="PASS" starttime="20250805 15:16:48.930" endtime="20250805 15:16:49.277"/>
</kw>
<kw name="Search Procurator" library="create_draft_site_code">
<arg>${FBB OSP for TPT III Auto PO}</arg>
<arg>${FBB OSP TPT3}</arg>
<arg>${BKK}</arg>
<kw name="Click Element" library="SeleniumLibrary">
<arg>xpath=${Workflow Type}</arg>
<doc>Click the element identified by ``locator``.</doc>
<msg timestamp="20250805 15:16:49.277" level="INFO">Clicking element 'xpath=//div[2]/div[2]/div/div[2]/table/tbody/tr[2]/td/form/div[1]/div/fieldset/table[1]/tbody/tr[3]/td[3]/select'.</msg>
<status status="PASS" starttime="20250805 15:16:49.277" endtime="20250805 15:16:49.349"/>
</kw>
<kw name="Click Element" library="SeleniumLibrary">
<arg>xpath=${Select Workflow Type}</arg>
<doc>Click the element identified by ``locator``.</doc>
<msg timestamp="20250805 15:16:49.350" level="INFO">Clicking element 'xpath=//table[1]/tbody/tr[3]/td[3]/select/option[28]'.</msg>
<status status="PASS" starttime="20250805 15:16:49.350" endtime="20250805 15:16:49.385"/>
</kw>
<kw name="Sleep" library="BuiltIn">
<arg>0.5 seconds</arg>
<doc>Pauses the test executed for the given time.</doc>
<msg timestamp="20250805 15:16:49.895" level="INFO">Slept 500 milliseconds</msg>
<status status="PASS" starttime="20250805 15:16:49.385" endtime="20250805 15:16:49.895"/>
</kw>
<kw name="Click Element" library="SeleniumLibrary">
<arg>xpath=${SSR Type}</arg>
<doc>Click the element identified by ``locator``.</doc>
<msg timestamp="20250805 15:16:49.897" level="INFO">Clicking element 'xpath=//div[2]/div[2]/div/div[2]/table/tbody/tr[2]/td/form/div[1]/div/fieldset/table[1]/tbody/tr[3]/td[6]/select'.</msg>
<status status="PASS" starttime="20250805 15:16:49.897" endtime="20250805 15:16:49.988"/>
</kw>
<kw name="Click Element" library="SeleniumLibrary">
<arg>xpath=${Select SSR Type}</arg>
<doc>Click the element identified by ``locator``.</doc>
<msg timestamp="20250805 15:16:49.989" level="INFO">Clicking element 'xpath=//*[@id="viewProcuratorByCompanyCodePopupId:popupPurchasefrom:ssrTypeId"]/option[2]'.</msg>
<status status="PASS" starttime="20250805 15:16:49.989" endtime="20250805 15:16:50.023"/>
</kw>
<kw name="Sleep" library="BuiltIn">
<arg>0.5 seconds</arg>
<doc>Pauses the test executed for the given time.</doc>
<msg timestamp="20250805 15:16:50.529" level="INFO">Slept 500 milliseconds</msg>
<status status="PASS" starttime="20250805 15:16:50.023" endtime="20250805 15:16:50.529"/>
</kw>
<kw name="Click Element" library="SeleniumLibrary">
<arg>xpath=${Region}</arg>
<doc>Click the element identified by ``locator``.</doc>
<msg timestamp="20250805 15:16:50.529" level="INFO">Clicking element 'xpath=//div[2]/div[2]/div/div[2]/table/tbody/tr[2]/td/form/div[1]/div/fieldset/table[1]/tbody/tr[4]/td[3]/select'.</msg>
<status status="PASS" starttime="20250805 15:16:50.529" endtime="20250805 15:16:50.608"/>
</kw>
<kw name="Click Element" library="SeleniumLibrary">
<arg>xpath=${Select Region}</arg>
<doc>Click the element identified by ``locator``.</doc>
<msg timestamp="20250805 15:16:50.609" level="INFO">Clicking element 'xpath=//div[2]/div[2]/div/div[2]/table/tbody/tr[2]/td/form/div[1]/div/fieldset/table[1]/tbody/tr[4]/td[3]/select/option[2]'.</msg>
<status status="PASS" starttime="20250805 15:16:50.609" endtime="20250805 15:16:50.653"/>
</kw>
<kw name="Sleep" library="BuiltIn">
<arg>0.5 seconds</arg>
<doc>Pauses the test executed for the given time.</doc>
<msg timestamp="20250805 15:16:51.164" level="INFO">Slept 500 milliseconds</msg>
<status status="PASS" starttime="20250805 15:16:50.654" endtime="20250805 15:16:51.164"/>
</kw>
<kw name="Click Element" library="SeleniumLibrary">
<arg>xpath=${Click Procurator Search}</arg>
<doc>Click the element identified by ``locator``.</doc>
<msg timestamp="20250805 15:16:51.164" level="INFO">Clicking element 'xpath=//div[2]/div[2]/div/div[2]/table/tbody/tr[2]/td/form/div[1]/div/fieldset/table[2]/tbody/tr[1]/td/input[1]'.</msg>
<status status="PASS" starttime="20250805 15:16:51.164" endtime="20250805 15:16:51.226"/>
</kw>
<kw name="Wait Until Element Is Visible" library="SeleniumLibrary">
<arg>xpath=${First Row Procurator Select}</arg>
<arg>timeout=10s</arg>
<doc>Waits until the element ``locator`` is visible.</doc>
<status status="PASS" starttime="20250805 15:16:51.226" endtime="20250805 15:16:51.532"/>
</kw>
<kw name="Click Element" library="SeleniumLibrary">
<arg>xpath=${First Row Procurator Select}</arg>
<doc>Click the element identified by ``locator``.</doc>
<msg timestamp="20250805 15:16:51.541" level="INFO">Clicking element 'xpath=//div[2]/div[2]/div/div[2]/table/tbody/tr[2]/td/form/div[1]/div/span/fieldset/span/div[2]/table/tbody/tr/td[2]/div/a'.</msg>
<status status="PASS" starttime="20250805 15:16:51.532" endtime="20250805 15:16:51.951"/>
</kw>
<status status="PASS" starttime="20250805 15:16:49.277" endtime="20250805 15:16:51.951"/>
</kw>
<kw name="Get Column Values By Name" library="Excel_Template">
<var>${Import Site Template File List}</var>
<arg>Import_Site_Template_File</arg>
<kw name="Open Workbook" library="RPA.Excel.Files">
<arg>${SOURCE_FILE}</arg>
<doc>Open an existing Excel workbook.</doc>
<msg timestamp="20250805 15:16:51.964" level="INFO">Opened workbook: &lt;RPA.Excel.Files.XlsxWorkbook object at 0x0000020DDC8B6C48&gt;</msg>
<status status="PASS" starttime="20250805 15:16:51.953" endtime="20250805 15:16:51.964"/>
</kw>
<kw name="Read Worksheet As Table" library="RPA.Excel.Files">
<var>${rows}</var>
<arg>header=True</arg>
<doc>Read the contents of a worksheet into a Table container. Allows
sorting/filtering/manipulating using the ``RPA.Tables`` library.</doc>
<msg timestamp="20250805 15:16:51.965" level="INFO">Created table: Table(columns=['Test_Case_ID', 'Proferma_No', 'Import_Site_Template_File', 'SSR_Routing_Submitted_Latitude_Start', 'SSR_Routing_Submitted_Latitude_End', 'SSR_Routing_Submitted_Longitude_Start', 'SSR_Routing_Submitted_Longitude_End', 'SSR_Routing_Submitted_Cable_Distance', 'SSR_Routing_Submitted_Upload_File', 'DD_Submitted_Upload_file', 'Permission_Start_Submitted_Upload_file', 'PAT_BOQ_Submitted_Upload_file', 'FAT_Permission_iGIS_Submitted_Upload_file', 'Date Running', 'Run_Status', 'Reference_Site_Code', 'SSR_ID', 'Pre-PR', 'PO', 'Result'], rows=1)</msg>
<msg timestamp="20250805 15:16:51.965" level="INFO">${rows} = Table(columns=['Test_Case_ID', 'Proferma_No', 'Import_Site_Template_File', 'SSR_Routing_Submitted_Latitude_Start', 'SSR_Routing_Submitted_Latitude_End', 'SSR_Routing_Submitted_Longitude_Start', 'SSR_R...</msg>
<status status="PASS" starttime="20250805 15:16:51.964" endtime="20250805 15:16:51.965"/>
</kw>
<kw name="Create List" library="BuiltIn">
<var>${values}</var>
<doc>Returns a list containing given items.</doc>
<msg timestamp="20250805 15:16:51.965" level="INFO">${values} = []</msg>
<status status="PASS" starttime="20250805 15:16:51.965" endtime="20250805 15:16:51.965"/>
</kw>
<for flavor="IN">
<var>${row}</var>
<value>@{rows}</value>
<iter>
<var name="${row}">{'Test_Case_ID': '001', 'Proferma_No': 1010001072, 'Import_Site_Template_File': 'Import_Site_Template_Proforma OSP.xls', 'SSR_Routing_Submitted_Latitude_Start': 4.12345, 'SSR_Routing_Submitted_Latitud...</var>
<kw name="Get From Dictionary" library="Collections">
<var>${value}</var>
<arg>${row}</arg>
<arg>${column_name}</arg>
<doc>Returns a value from the given ``dictionary`` based on the given ``key``.</doc>
<msg timestamp="20250805 15:16:51.966" level="INFO">${value} = Import_Site_Template_Proforma OSP.xls</msg>
<status status="PASS" starttime="20250805 15:16:51.966" endtime="20250805 15:16:51.966"/>
</kw>
<kw name="Append To List" library="Collections">
<arg>${values}</arg>
<arg>${value}</arg>
<doc>Adds ``values`` to the end of ``list``.</doc>
<status status="PASS" starttime="20250805 15:16:51.966" endtime="20250805 15:16:51.967"/>
</kw>
<status status="PASS" starttime="20250805 15:16:51.965" endtime="20250805 15:16:51.967"/>
</iter>
<status status="PASS" starttime="20250805 15:16:51.965" endtime="20250805 15:16:51.967"/>
</for>
<kw name="Close Workbook" library="RPA.Excel.Files">
<doc>Close the active workbook.</doc>
<msg timestamp="20250805 15:16:51.967" level="INFO">Closing workbook: &lt;RPA.Excel.Files.XlsxWorkbook object at 0x0000020DDC8B6C48&gt;</msg>
<status status="PASS" starttime="20250805 15:16:51.967" endtime="20250805 15:16:51.967"/>
</kw>
<msg timestamp="20250805 15:16:51.967" level="INFO">${Import Site Template File List} = ['Import_Site_Template_Proforma OSP.xls']</msg>
<status status="PASS" starttime="20250805 15:16:51.951" endtime="20250805 15:16:51.967"/>
</kw>
<kw name="Catenate" library="BuiltIn">
<var>${Import_Site_Template path}</var>
<arg>SEPARATOR=</arg>
<arg>C:\\Users\\arnoj885\\Robot Framework\\Obsolate Transporter\\tests\\TYPE_Non-Turnkey\\FBB OSP for TPT III/../../../data file/</arg>
<arg>${Import Site Template File List[0]}</arg>
<doc>Catenates the given items together and returns the resulted string.</doc>
<msg timestamp="20250805 15:16:51.973" level="INFO">${Import_Site_Template path} = C:\Users\arnoj885\Robot Framework\Obsolate Transporter\tests\TYPE_Non-Turnkey\FBB OSP for TPT III/../../../data file/Import_Site_Template_Proforma OSP.xls</msg>
<status status="PASS" starttime="20250805 15:16:51.968" endtime="20250805 15:16:51.973"/>
</kw>
<kw name="Set Test Variable" library="BuiltIn">
<arg>${Import_Site_Template path}</arg>
<doc>Makes a variable available everywhere within the scope of the current test.</doc>
<msg timestamp="20250805 15:16:51.974" level="INFO">${Import_Site_Template path} = C:\Users\arnoj885\Robot Framework\Obsolate Transporter\tests\TYPE_Non-Turnkey\FBB OSP for TPT III/../../../data file/Import_Site_Template_Proforma OSP.xls</msg>
<status status="PASS" starttime="20250805 15:16:51.974" endtime="20250805 15:16:51.974"/>
</kw>
<kw name="Normalize Path" library="OperatingSystem">
<var>${Import_Site_Template path}</var>
<arg>${Import_Site_Template path}</arg>
<doc>Normalizes the given path.</doc>
<msg timestamp="20250805 15:16:51.975" level="INFO">${Import_Site_Template path} = C:\Users\arnoj885\Robot Framework\Obsolate Transporter\data file\Import_Site_Template_Proforma OSP.xls</msg>
<status status="PASS" starttime="20250805 15:16:51.975" endtime="20250805 15:16:51.975"/>
</kw>
<kw name="Log" library="BuiltIn">
<arg>${Import_Site_Template path}</arg>
<doc>Logs the given message with the given level.</doc>
<msg timestamp="20250805 15:16:51.976" level="INFO">C:\Users\arnoj885\Robot Framework\Obsolate Transporter\data file\Import_Site_Template_Proforma OSP.xls</msg>
<status status="PASS" starttime="20250805 15:16:51.976" endtime="20250805 15:16:51.976"/>
</kw>
<kw name="Import Type" library="create_draft_site_code">
<arg>${Import_Site_Template path}</arg>
<kw name="Execute Javascript" library="SeleniumLibrary">
<arg>window.scrollTo(0, document.body.scrollHeight)</arg>
<doc>Executes the given JavaScript code with possible arguments.</doc>
<msg timestamp="20250805 15:16:51.978" level="INFO">Executing JavaScript:
window.scrollTo(0, document.body.scrollHeight)
Without any arguments.</msg>
<status status="PASS" starttime="20250805 15:16:51.977" endtime="20250805 15:16:51.990"/>
</kw>
<kw name="Click Element" library="SeleniumLibrary">
<arg>xpath=${Import Type}</arg>
<doc>Click the element identified by ``locator``.</doc>
<msg timestamp="20250805 15:16:51.990" level="INFO">Clicking element 'xpath=//fieldset[3]/table/tbody/tr[1]/td[2]/table/tbody/tr/td/input'.</msg>
<status status="PASS" starttime="20250805 15:16:51.990" endtime="20250805 15:16:52.048"/>
</kw>
<kw name="Choose File" library="SeleniumLibrary">
<arg>xpath=${Choose Import Site File}</arg>
<arg>${Import Site File}</arg>
<doc>Inputs the ``file_path`` into the file input field ``locator``.</doc>
<msg timestamp="20250805 15:16:52.048" level="INFO">Sending C:\Users\arnoj885\Robot Framework\Obsolate Transporter\data file\Import_Site_Template_Proforma OSP.xls to browser.</msg>
<status status="PASS" starttime="20250805 15:16:52.048" endtime="20250805 15:16:52.081"/>
</kw>
<status status="PASS" starttime="20250805 15:16:51.977" endtime="20250805 15:16:52.082"/>
</kw>
<kw name="Upload Site" library="create_draft_site_code">
<kw name="Click Element" library="SeleniumLibrary">
<arg>xpath=${Button Upload}</arg>
<doc>Click the element identified by ``locator``.</doc>
<msg timestamp="20250805 15:16:52.082" level="INFO">Clicking element 'xpath=//tr/td/form/table[3]/tbody/tr/td/span/input'.</msg>
<status status="PASS" starttime="20250805 15:16:52.082" endtime="20250805 15:17:04.069"/>
</kw>
<kw name="Wait Until Page Contains" library="SeleniumLibrary">
<arg>Success Result</arg>
<arg>timeout=15s</arg>
<doc>Waits until ``text`` appears on the current page.</doc>
<status status="PASS" starttime="20250805 15:17:04.070" endtime="20250805 15:17:04.085"/>
</kw>
<status status="PASS" starttime="20250805 15:16:52.082" endtime="20250805 15:17:04.085"/>
</kw>
<kw name="Reference Site Code" library="result_massage_keywords">
<var>${SSR ID Reference Site Code}</var>
<kw name="Get Text" library="SeleniumLibrary">
<var>${Reference Site Code}</var>
<arg>xpath=${Reference Site Code result}</arg>
<doc>Returns the text value of the element identified by ``locator``.</doc>
<msg timestamp="20250805 15:17:04.309" level="INFO" html="true">&lt;/td&gt;&lt;/tr&gt;&lt;tr&gt;&lt;td colspan="3"&gt;&lt;a href="selenium-screenshot-1.png"&gt;&lt;img src="selenium-screenshot-1.png" width="800px"&gt;&lt;/a&gt;</msg>
<msg timestamp="20250805 15:17:04.309" level="FAIL">Element with locator 'xpath=//tr/td/form/fieldset[2]/div[2]/table/tbody/tr/td[4]' not found.</msg>
<status status="FAIL" starttime="20250805 15:17:04.086" endtime="20250805 15:17:04.336"/>
</kw>
<kw name="Set Variable" library="BuiltIn">
<var>${Reference Site Code value}</var>
<arg>${Reference Site Code}</arg>
<doc>Returns the given values which can then be assigned to a variables.</doc>
<status status="NOT RUN" starttime="20250805 15:17:04.336" endtime="20250805 15:17:04.336"/>
</kw>
<status status="FAIL" starttime="20250805 15:17:04.086" endtime="20250805 15:17:04.336"/>
</kw>
<kw name="Set Global Variable" library="BuiltIn">
<arg>${SSR ID Reference Site Code}</arg>
<doc>Makes a variable available globally in all tests and suites.</doc>
<status status="NOT RUN" starttime="20250805 15:17:04.336" endtime="20250805 15:17:04.336"/>
</kw>
<kw name="Log" library="BuiltIn">
<arg>Reference Site Code เลขที่ดึงออกมา: ${SSR ID Reference Site Code}</arg>
<doc>Logs the given message with the given level.</doc>
<status status="NOT RUN" starttime="20250805 15:17:04.336" endtime="20250805 15:17:04.336"/>
</kw>
<kw name="Sleep" library="BuiltIn">
<arg>1 seconds</arg>
<doc>Pauses the test executed for the given time.</doc>
<status status="NOT RUN" starttime="20250805 15:17:04.336" endtime="20250805 15:17:04.336"/>
</kw>
<kw name="Write Value To Excel Status" library="Excel_Template">
<arg>TC_001 Create Draft Site Code</arg>
<status status="NOT RUN" starttime="20250805 15:17:04.336" endtime="20250805 15:17:04.336"/>
</kw>
<doc>สามารถ Create Draft Site Code ได้</doc>
<tag>Standard_Test</tag>
<status status="FAIL" starttime="20250805 15:16:38.331" endtime="20250805 15:17:04.336">Element with locator 'xpath=//tr/td/form/fieldset[2]/div[2]/table/tbody/tr/td[4]' not found.</status>
</test>
<test id="s1-s1-t4" name="[4] สามารถกดออกจากระบบ Transporter ได้" line="66">
<kw name="Log Out" library="Logout_keywords">
<kw name="Click Menu List" library="menu_keywords">
<kw name="Click Element" library="SeleniumLibrary">
<arg>xpath=${Menu List}</arg>
<doc>Click the element identified by ``locator``.</doc>
<msg timestamp="20250805 15:17:04.336" level="INFO">Clicking element 'xpath=//form/div[1]/table/tbody/tr/td[1]/img'.</msg>
<status status="PASS" starttime="20250805 15:17:04.336" endtime="20250805 15:17:04.392"/>
</kw>
<status status="PASS" starttime="20250805 15:17:04.336" endtime="20250805 15:17:04.392"/>
</kw>
<kw name="Execute Javascript" library="SeleniumLibrary">
<arg>document.getElementById("iconheader:frmMenu:LogOut").click()</arg>
<doc>Executes the given JavaScript code with possible arguments.</doc>
<msg timestamp="20250805 15:17:04.394" level="INFO">Executing JavaScript:
document.getElementById("iconheader:frmMenu:LogOut").click()
Without any arguments.</msg>
<status status="PASS" starttime="20250805 15:17:04.394" endtime="20250805 15:17:04.858"/>
</kw>
<kw name="Sleep" library="BuiltIn">
<arg>1 seconds</arg>
<doc>Pauses the test executed for the given time.</doc>
<msg timestamp="20250805 15:17:05.874" level="INFO">Slept 1 second</msg>
<status status="PASS" starttime="20250805 15:17:04.859" endtime="20250805 15:17:05.875"/>
</kw>
<kw name="Wait Until Page Contains" library="SeleniumLibrary">
<arg>Login</arg>
<arg>10s</arg>
<doc>Waits until ``text`` appears on the current page.</doc>
<status status="PASS" starttime="20250805 15:17:05.875" endtime="20250805 15:17:05.921"/>
</kw>
<status status="PASS" starttime="20250805 15:17:04.336" endtime="20250805 15:17:05.922"/>
</kw>
<doc>สามารถกดออกจากระบบ Transporter เพื่อดำเนินการต่อในขั้นตอนถัดไป</doc>
<tag>Standard_Test</tag>
<status status="PASS" starttime="20250805 15:17:04.336" endtime="20250805 15:17:05.923"/>
</test>
<test id="s1-s1-t5" name="[5] สามารถล็อคอินเข้าสู่ระบบ Transporter ได้" line="71">
<kw name="Transporter_Login" library="login_keywords">
<arg>${SSR Create USER}</arg>
<arg>${SSR Create PASS}</arg>
<kw name="Input Text" library="SeleniumLibrary">
<arg>id=loginForm:username</arg>
<arg>${username}</arg>
<doc>Types the given ``text`` into the text field identified by ``locator``.</doc>
<msg timestamp="20250805 15:17:05.929" level="INFO">Typing text 'tana_huawei' into text field 'id=loginForm:username'.</msg>
<status status="PASS" starttime="20250805 15:17:05.929" endtime="20250805 15:17:06.052"/>
</kw>
<kw name="Input Text" library="SeleniumLibrary">
<arg>id=loginForm:password</arg>
<arg>${password}</arg>
<doc>Types the given ``text`` into the text field identified by ``locator``.</doc>
<msg timestamp="20250805 15:17:06.052" level="INFO">Typing text '123' into text field 'id=loginForm:password'.</msg>
<status status="PASS" starttime="20250805 15:17:06.052" endtime="20250805 15:17:06.123"/>
</kw>
<kw name="Click Button" library="SeleniumLibrary">
<arg>xpath=${LOGIN BUTTON}</arg>
<doc>Clicks the button identified by ``locator``.</doc>
<msg timestamp="20250805 15:17:06.129" level="INFO">Clicking button 'xpath=//*[@id="loginForm:login"]'.</msg>
<status status="PASS" starttime="20250805 15:17:06.123" endtime="20250805 15:17:06.452"/>
</kw>
<status status="PASS" starttime="20250805 15:17:05.929" endtime="20250805 15:17:06.452"/>
</kw>
<kw name="Welcome Page Should Be Open" library="login_keywords">
<arg>${LOGIN TITLE}</arg>
<kw name="Title Should Be" library="SeleniumLibrary">
<arg>${Title}</arg>
<doc>Verifies that the current page title equals ``title``.</doc>
<msg timestamp="20250805 15:17:06.458" level="INFO">Page title is 'Transporter Web (TPT)'.</msg>
<status status="PASS" starttime="20250805 15:17:06.452" endtime="20250805 15:17:06.460"/>
</kw>
<status status="PASS" starttime="20250805 15:17:06.452" endtime="20250805 15:17:06.460"/>
</kw>
<kw name="Sleep" library="BuiltIn">
<arg>1 seconds</arg>
<doc>Pauses the test executed for the given time.</doc>
<msg timestamp="20250805 15:17:07.469" level="INFO">Slept 1 second</msg>
<status status="PASS" starttime="20250805 15:17:06.460" endtime="20250805 15:17:07.469"/>
</kw>
<doc>สามารถล็อคอินเข้าสู่ระบบ Transporter ได้โดยใช้บัญชีที่เกี่ยวข้อง</doc>
<tag>Standard_Test</tag>
<status status="PASS" starttime="20250805 15:17:05.925" endtime="20250805 15:17:07.472"/>
</test>
<test id="s1-s1-t6" name="[6] สามารถสร้าง SSR ได้" line="78">
<kw name="Click Menu List" library="menu_keywords">
<kw name="Click Element" library="SeleniumLibrary">
<arg>xpath=${Menu List}</arg>
<doc>Click the element identified by ``locator``.</doc>
<msg timestamp="20250805 15:17:07.485" level="INFO">Clicking element 'xpath=//form/div[1]/table/tbody/tr/td[1]/img'.</msg>
<status status="PASS" starttime="20250805 15:17:07.485" endtime="20250805 15:17:07.552"/>
</kw>
<status status="PASS" starttime="20250805 15:17:07.485" endtime="20250805 15:17:07.552"/>
</kw>
<kw name="Select Menu" library="menu_keywords">
<arg>${SSR Create Menu ID}</arg>
<kw name="Execute Javascript" library="SeleniumLibrary">
<arg>document.getElementById("${Menu}").click()</arg>
<doc>Executes the given JavaScript code with possible arguments.</doc>
<msg timestamp="20250805 15:17:07.554" level="INFO">Executing JavaScript:
document.getElementById("iconheader:frmMenu:SSRCreate").click()
Without any arguments.</msg>
<status status="PASS" starttime="20250805 15:17:07.553" endtime="20250805 15:17:07.853"/>
</kw>
<kw name="Sleep" library="BuiltIn">
<arg>1 seconds</arg>
<doc>Pauses the test executed for the given time.</doc>
<msg timestamp="20250805 15:17:08.871" level="INFO">Slept 1 second</msg>
<status status="PASS" starttime="20250805 15:17:07.853" endtime="20250805 15:17:08.871"/>
</kw>
<status status="PASS" starttime="20250805 15:17:07.553" endtime="20250805 15:17:08.871"/>
</kw>
<kw name="SSR Search Site Workflow Type" library="ssr_create_keywords">
<arg>${FBB OSP for TPT III Auto PO}</arg>
<kw name="Click Element" library="SeleniumLibrary">
<arg>xpath=${SSR Click Workflow Type}</arg>
<doc>Click the element identified by ``locator``.</doc>
<msg timestamp="20250805 15:17:08.871" level="INFO">Clicking element 'xpath=//table/tbody/tr[3]/td[3]/select'.</msg>
<status status="PASS" starttime="20250805 15:17:08.871" endtime="20250805 15:17:09.009"/>
</kw>
<kw name="Click Element" library="SeleniumLibrary">
<arg>xpath=${workflow type}</arg>
<doc>Click the element identified by ``locator``.</doc>
<msg timestamp="20250805 15:17:09.010" level="INFO">Clicking element 'xpath=//table[1]/tbody/tr[3]/td[3]/select/option[28]'.</msg>
<status status="PASS" starttime="20250805 15:17:09.009" endtime="20250805 15:17:09.049"/>
</kw>
<kw name="Sleep" library="BuiltIn">
<arg>0.5 seconds</arg>
<doc>Pauses the test executed for the given time.</doc>
<msg timestamp="20250805 15:17:09.554" level="INFO">Slept 500 milliseconds</msg>
<status status="PASS" starttime="20250805 15:17:09.049" endtime="20250805 15:17:09.556"/>
</kw>
<status status="PASS" starttime="20250805 15:17:08.871" endtime="20250805 15:17:09.558"/>
</kw>
<kw name="SSR Search Reference Site Code" library="ssr_create_keywords">
<arg>${SSR ID Reference Site Code}</arg>
<msg timestamp="20250805 15:17:09.597" level="FAIL">Variable '${SSR ID Reference Site Code}' not found. Did you mean:
    ${SSR Reference Site Code}
    ${SSR ID Reference Site Code By Pass}
    ${Reference Site Code}</msg>
<status status="FAIL" starttime="20250805 15:17:09.558" endtime="20250805 15:17:09.598"/>
</kw>
<kw name="SSR Click Search Reference Site Code" library="ssr_create_keywords">
<status status="NOT RUN" starttime="20250805 15:17:09.600" endtime="20250805 15:17:09.601"/>
</kw>
<kw name="SSR Select Reference Site Code" library="ssr_create_keywords">
<status status="NOT RUN" starttime="20250805 15:17:09.603" endtime="20250805 15:17:09.603"/>
</kw>
<kw name="Get Column Values By Name" library="Excel_Template">
<var>${Input Latitude Start List}</var>
<arg>SSR_Routing_Submitted_Latitude_Start</arg>
<status status="NOT RUN" starttime="20250805 15:17:09.605" endtime="20250805 15:17:09.605"/>
</kw>
<kw name="Set Variable" library="BuiltIn">
<var>${Input Latitude Start}</var>
<arg>${Input Latitude Start List[0]}</arg>
<doc>Returns the given values which can then be assigned to a variables.</doc>
<status status="NOT RUN" starttime="20250805 15:17:09.607" endtime="20250805 15:17:09.607"/>
</kw>
<kw name="Set Test Variable" library="BuiltIn">
<arg>${Input Latitude Start}</arg>
<doc>Makes a variable available everywhere within the scope of the current test.</doc>
<status status="NOT RUN" starttime="20250805 15:17:09.609" endtime="20250805 15:17:09.610"/>
</kw>
<kw name="Get Column Values By Name" library="Excel_Template">
<var>${Input Longitude Start List}</var>
<arg>SSR_Routing_Submitted_Longitude_Start</arg>
<status status="NOT RUN" starttime="20250805 15:17:09.612" endtime="20250805 15:17:09.612"/>
</kw>
<kw name="Set Variable" library="BuiltIn">
<var>${Input Longitude Start}</var>
<arg>${Input Longitude Start List[0]}</arg>
<doc>Returns the given values which can then be assigned to a variables.</doc>
<status status="NOT RUN" starttime="20250805 15:17:09.612" endtime="20250805 15:17:09.612"/>
</kw>
<kw name="Set Test Variable" library="BuiltIn">
<arg>${Input Longitude Start}</arg>
<doc>Makes a variable available everywhere within the scope of the current test.</doc>
<status status="NOT RUN" starttime="20250805 15:17:09.612" endtime="20250805 15:17:09.612"/>
</kw>
<kw name="Get Column Values By Name" library="Excel_Template">
<var>${Input Latitude End List}</var>
<arg>SSR_Routing_Submitted_Latitude_End</arg>
<status status="NOT RUN" starttime="20250805 15:17:09.612" endtime="20250805 15:17:09.612"/>
</kw>
<kw name="Set Variable" library="BuiltIn">
<var>${Input Latitude End}</var>
<arg>${Input Latitude End List[0]}</arg>
<doc>Returns the given values which can then be assigned to a variables.</doc>
<status status="NOT RUN" starttime="20250805 15:17:09.612" endtime="20250805 15:17:09.612"/>
</kw>
<kw name="Set Test Variable" library="BuiltIn">
<arg>${Input Latitude End}</arg>
<doc>Makes a variable available everywhere within the scope of the current test.</doc>
<status status="NOT RUN" starttime="20250805 15:17:09.612" endtime="20250805 15:17:09.612"/>
</kw>
<kw name="Get Column Values By Name" library="Excel_Template">
<var>${Input Longitude End List}</var>
<arg>SSR_Routing_Submitted_Longitude_End</arg>
<status status="NOT RUN" starttime="20250805 15:17:09.612" endtime="20250805 15:17:09.612"/>
</kw>
<kw name="Set Variable" library="BuiltIn">
<var>${Input Longitude End}</var>
<arg>${Input Longitude End List[0]}</arg>
<doc>Returns the given values which can then be assigned to a variables.</doc>
<status status="NOT RUN" starttime="20250805 15:17:09.628" endtime="20250805 15:17:09.628"/>
</kw>
<kw name="Set Test Variable" library="BuiltIn">
<arg>${Input Longitude End}</arg>
<doc>Makes a variable available everywhere within the scope of the current test.</doc>
<status status="NOT RUN" starttime="20250805 15:17:09.629" endtime="20250805 15:17:09.629"/>
</kw>
<kw name="Get Column Values By Name" library="Excel_Template">
<var>${Cable_Distance List}</var>
<arg>SSR_Routing_Submitted_Cable_Distance</arg>
<status status="NOT RUN" starttime="20250805 15:17:09.629" endtime="20250805 15:17:09.629"/>
</kw>
<kw name="Set Variable" library="BuiltIn">
<var>${Cable_Distance}</var>
<arg>${Cable_Distance List[0]}</arg>
<doc>Returns the given values which can then be assigned to a variables.</doc>
<status status="NOT RUN" starttime="20250805 15:17:09.629" endtime="20250805 15:17:09.629"/>
</kw>
<kw name="Set Test Variable" library="BuiltIn">
<arg>${Cable_Distance}</arg>
<doc>Makes a variable available everywhere within the scope of the current test.</doc>
<status status="NOT RUN" starttime="20250805 15:17:09.629" endtime="20250805 15:17:09.629"/>
</kw>
<kw name="Log" library="BuiltIn">
<arg>Latitude Start:&gt;&gt;&gt;${Input Latitude Start}</arg>
<doc>Logs the given message with the given level.</doc>
<status status="NOT RUN" starttime="20250805 15:17:09.629" endtime="20250805 15:17:09.629"/>
</kw>
<kw name="Log" library="BuiltIn">
<arg>Longitude Start:&gt;&gt;&gt;${Input Longitude Start}</arg>
<doc>Logs the given message with the given level.</doc>
<status status="NOT RUN" starttime="20250805 15:17:09.629" endtime="20250805 15:17:09.629"/>
</kw>
<kw name="Log" library="BuiltIn">
<arg>Latitude End:&gt;&gt;&gt;${Input Latitude End}</arg>
<doc>Logs the given message with the given level.</doc>
<status status="NOT RUN" starttime="20250805 15:17:09.629" endtime="20250805 15:17:09.629"/>
</kw>
<kw name="Log" library="BuiltIn">
<arg>Longitude End:&gt;&gt;&gt;${Input Longitude End}</arg>
<doc>Logs the given message with the given level.</doc>
<status status="NOT RUN" starttime="20250805 15:17:09.629" endtime="20250805 15:17:09.629"/>
</kw>
<kw name="Log" library="BuiltIn">
<arg>Cable_Distance:&gt;&gt;&gt;${Cable_Distance}</arg>
<doc>Logs the given message with the given level.</doc>
<status status="NOT RUN" starttime="20250805 15:17:09.629" endtime="20250805 15:17:09.629"/>
</kw>
<kw name="Page Should Contains" library="result_massage_keywords">
<arg>${SSR &gt; SSR Routing Submitted New}</arg>
<status status="NOT RUN" starttime="20250805 15:17:09.629" endtime="20250805 15:17:09.629"/>
</kw>
<kw name="Survey Information" library="routing_submitted_keywords">
<arg>${Input Latitude Start}</arg>
<arg>${Input Longitude Start}</arg>
<arg>${Input Latitude End}</arg>
<arg>${Input Longitude End}</arg>
<status status="NOT RUN" starttime="20250805 15:17:09.629" endtime="20250805 15:17:09.629"/>
</kw>
<kw name="Cable Type Information" library="routing_submitted_keywords">
<arg>${ADSS}</arg>
<arg>${48}</arg>
<arg>${Cable_Distance}</arg>
<status status="NOT RUN" starttime="20250805 15:17:09.644" endtime="20250805 15:17:09.644"/>
</kw>
<kw name="Get Column Values By Name" library="Excel_Template">
<var>${SSR_Routing_Submitted_Upload_File List}</var>
<arg>SSR_Routing_Submitted_Upload_File</arg>
<status status="NOT RUN" starttime="20250805 15:17:09.644" endtime="20250805 15:17:09.646"/>
</kw>
<kw name="Catenate" library="BuiltIn">
<var>${SSR_Routing_Submitted_Upload_File path}</var>
<arg>SEPARATOR=</arg>
<arg>C:\\Users\\arnoj885\\Robot Framework\\Obsolate Transporter\\tests\\TYPE_Non-Turnkey\\FBB OSP for TPT III/../../../data file/</arg>
<arg>${SSR_Routing_Submitted_Upload_File List[0]}</arg>
<doc>Catenates the given items together and returns the resulted string.</doc>
<status status="NOT RUN" starttime="20250805 15:17:09.646" endtime="20250805 15:17:09.646"/>
</kw>
<kw name="Set Test Variable" library="BuiltIn">
<arg>${SSR_Routing_Submitted_Upload_File path}</arg>
<doc>Makes a variable available everywhere within the scope of the current test.</doc>
<status status="NOT RUN" starttime="20250805 15:17:09.646" endtime="20250805 15:17:09.646"/>
</kw>
<kw name="Normalize Path" library="OperatingSystem">
<var>${SSR_Routing_Submitted_Upload_File path}</var>
<arg>${SSR_Routing_Submitted_Upload_File path}</arg>
<doc>Normalizes the given path.</doc>
<status status="NOT RUN" starttime="20250805 15:17:09.646" endtime="20250805 15:17:09.646"/>
</kw>
<kw name="Log" library="BuiltIn">
<arg>${SSR_Routing_Submitted_Upload_File path}</arg>
<doc>Logs the given message with the given level.</doc>
<status status="NOT RUN" starttime="20250805 15:17:09.646" endtime="20250805 15:17:09.646"/>
</kw>
<kw name="Routing Submitted Upload File" library="routing_submitted_keywords">
<arg>${SSR_Routing_Submitted_Upload_File path}</arg>
<status status="NOT RUN" starttime="20250805 15:17:09.646" endtime="20250805 15:17:09.646"/>
</kw>
<kw name="Routing Submitted Save" library="routing_submitted_keywords">
<status status="NOT RUN" starttime="20250805 15:17:09.646" endtime="20250805 15:17:09.646"/>
</kw>
<kw name="Result Massage Data recorded" library="result_massage_keywords">
<var>${SSR ID Approval I}</var>
<arg>${SSR ID Routing Submitted}</arg>
<status status="NOT RUN" starttime="20250805 15:17:09.646" endtime="20250805 15:17:09.646"/>
</kw>
<kw name="Set Global Variable" library="BuiltIn">
<arg>${SSR ID Approval I}</arg>
<doc>Makes a variable available globally in all tests and suites.</doc>
<status status="NOT RUN" starttime="20250805 15:17:09.646" endtime="20250805 15:17:09.646"/>
</kw>
<kw name="Log" library="BuiltIn">
<arg>SSR ID Approval 1 เลขที่ดึงออกมา: ${SSR ID Approval I}</arg>
<doc>Logs the given message with the given level.</doc>
<status status="NOT RUN" starttime="20250805 15:17:09.646" endtime="20250805 15:17:09.646"/>
</kw>
<kw name="Sleep" library="BuiltIn">
<arg>1 seconds</arg>
<doc>Pauses the test executed for the given time.</doc>
<status status="NOT RUN" starttime="20250805 15:17:09.646" endtime="20250805 15:17:09.646"/>
</kw>
<kw name="Write Value SSD ID" library="Excel_Template">
<arg>${SSR ID Approval I}</arg>
<status status="NOT RUN" starttime="20250805 15:17:09.646" endtime="20250805 15:17:09.660"/>
</kw>
<kw name="Write Value To Excel Status" library="Excel_Template">
<arg>TC_002 SSR Create</arg>
<status status="NOT RUN" starttime="20250805 15:17:09.660" endtime="20250805 15:17:09.660"/>
</kw>
<doc>สามารถสร้าง SSR และใส่ข้อมูลตาม Excel ได้</doc>
<tag>Standard_Test</tag>
<status status="FAIL" starttime="20250805 15:17:07.472" endtime="20250805 15:17:09.660">Variable '${SSR ID Reference Site Code}' not found. Did you mean:
    ${SSR Reference Site Code}
    ${SSR ID Reference Site Code By Pass}
    ${Reference Site Code}</status>
</test>
<test id="s1-s1-t7" name="[7] สามารถกดออกจากระบบ Transporter ได้" line="136">
<kw name="Log Out" library="Logout_keywords">
<kw name="Click Menu List" library="menu_keywords">
<kw name="Click Element" library="SeleniumLibrary">
<arg>xpath=${Menu List}</arg>
<doc>Click the element identified by ``locator``.</doc>
<msg timestamp="20250805 15:17:09.660" level="INFO">Clicking element 'xpath=//form/div[1]/table/tbody/tr/td[1]/img'.</msg>
<status status="PASS" starttime="20250805 15:17:09.660" endtime="20250805 15:17:09.724"/>
</kw>
<status status="PASS" starttime="20250805 15:17:09.660" endtime="20250805 15:17:09.724"/>
</kw>
<kw name="Execute Javascript" library="SeleniumLibrary">
<arg>document.getElementById("iconheader:frmMenu:LogOut").click()</arg>
<doc>Executes the given JavaScript code with possible arguments.</doc>
<msg timestamp="20250805 15:17:09.724" level="INFO">Executing JavaScript:
document.getElementById("iconheader:frmMenu:LogOut").click()
Without any arguments.</msg>
<status status="PASS" starttime="20250805 15:17:09.724" endtime="20250805 15:17:09.864"/>
</kw>
<kw name="Sleep" library="BuiltIn">
<arg>1 seconds</arg>
<doc>Pauses the test executed for the given time.</doc>
<msg timestamp="20250805 15:17:10.870" level="INFO">Slept 1 second</msg>
<status status="PASS" starttime="20250805 15:17:09.864" endtime="20250805 15:17:10.870"/>
</kw>
<kw name="Wait Until Page Contains" library="SeleniumLibrary">
<arg>Login</arg>
<arg>10s</arg>
<doc>Waits until ``text`` appears on the current page.</doc>
<status status="PASS" starttime="20250805 15:17:10.872" endtime="20250805 15:17:10.905"/>
</kw>
<status status="PASS" starttime="20250805 15:17:09.660" endtime="20250805 15:17:10.905"/>
</kw>
<doc>สามารถกดออกจากระบบ Transporter เพื่อดำเนินการต่อในขั้นตอนถัดไป</doc>
<tag>Standard_Test</tag>
<status status="PASS" starttime="20250805 15:17:09.660" endtime="20250805 15:17:10.905"/>
</test>
<test id="s1-s1-t8" name="[8] สามารถล็อคอินเข้าสู่ระบบ Transporter ได้" line="141">
<kw name="Transporter_Login" library="login_keywords">
<arg>${SSR Approval 1 USER}</arg>
<arg>${SSR Approval 1 PASS}</arg>
<kw name="Input Text" library="SeleniumLibrary">
<arg>id=loginForm:username</arg>
<arg>${username}</arg>
<doc>Types the given ``text`` into the text field identified by ``locator``.</doc>
<msg timestamp="20250805 15:17:10.921" level="INFO">Typing text 'teerachu' into text field 'id=loginForm:username'.</msg>
<status status="PASS" starttime="20250805 15:17:10.921" endtime="20250805 15:17:11.042"/>
</kw>
<kw name="Input Text" library="SeleniumLibrary">
<arg>id=loginForm:password</arg>
<arg>${password}</arg>
<doc>Types the given ``text`` into the text field identified by ``locator``.</doc>
<msg timestamp="20250805 15:17:11.042" level="INFO">Typing text '123' into text field 'id=loginForm:password'.</msg>
<status status="PASS" starttime="20250805 15:17:11.042" endtime="20250805 15:17:11.116"/>
</kw>
<kw name="Click Button" library="SeleniumLibrary">
<arg>xpath=${LOGIN BUTTON}</arg>
<doc>Clicks the button identified by ``locator``.</doc>
<msg timestamp="20250805 15:17:11.118" level="INFO">Clicking button 'xpath=//*[@id="loginForm:login"]'.</msg>
<status status="PASS" starttime="20250805 15:17:11.118" endtime="20250805 15:17:11.369"/>
</kw>
<status status="PASS" starttime="20250805 15:17:10.921" endtime="20250805 15:17:11.369"/>
</kw>
<kw name="Welcome Page Should Be Open" library="login_keywords">
<arg>${LOGIN TITLE}</arg>
<kw name="Title Should Be" library="SeleniumLibrary">
<arg>${Title}</arg>
<doc>Verifies that the current page title equals ``title``.</doc>
<msg timestamp="20250805 15:17:11.380" level="INFO">Page title is 'Transporter Web (TPT)'.</msg>
<status status="PASS" starttime="20250805 15:17:11.370" endtime="20250805 15:17:11.380"/>
</kw>
<status status="PASS" starttime="20250805 15:17:11.370" endtime="20250805 15:17:11.381"/>
</kw>
<kw name="Sleep" library="BuiltIn">
<arg>1 seconds</arg>
<doc>Pauses the test executed for the given time.</doc>
<msg timestamp="20250805 15:17:12.398" level="INFO">Slept 1 second</msg>
<status status="PASS" starttime="20250805 15:17:11.381" endtime="20250805 15:17:12.398"/>
</kw>
<doc>สามารถล็อคอินเข้าสู่ระบบ Transporter ได้โดยใช้บัญชีที่เกี่ยวข้อง</doc>
<tag>Standard_Test</tag>
<status status="PASS" starttime="20250805 15:17:10.905" endtime="20250805 15:17:12.398"/>
</test>
<test id="s1-s1-t9" name="[9] สามารถทำรายการ Process SSR Approval 1 ได้" line="148">
<kw name="Click Menu List" library="menu_keywords">
<kw name="Click Element" library="SeleniumLibrary">
<arg>xpath=${Menu List}</arg>
<doc>Click the element identified by ``locator``.</doc>
<msg timestamp="20250805 15:17:12.415" level="INFO">Clicking element 'xpath=//form/div[1]/table/tbody/tr/td[1]/img'.</msg>
<status status="PASS" starttime="20250805 15:17:12.415" endtime="20250805 15:17:12.498"/>
</kw>
<status status="PASS" starttime="20250805 15:17:12.398" endtime="20250805 15:17:12.498"/>
</kw>
<kw name="Select Menu" library="menu_keywords">
<arg>${Todo list Menu ID}</arg>
<kw name="Execute Javascript" library="SeleniumLibrary">
<arg>document.getElementById("${Menu}").click()</arg>
<doc>Executes the given JavaScript code with possible arguments.</doc>
<msg timestamp="20250805 15:17:12.500" level="INFO">Executing JavaScript:
document.getElementById("iconheader:frmMenu:TodoList").click()
Without any arguments.</msg>
<status status="PASS" starttime="20250805 15:17:12.500" endtime="20250805 15:17:12.729"/>
</kw>
<kw name="Sleep" library="BuiltIn">
<arg>1 seconds</arg>
<doc>Pauses the test executed for the given time.</doc>
<msg timestamp="20250805 15:17:13.737" level="INFO">Slept 1 second</msg>
<status status="PASS" starttime="20250805 15:17:12.729" endtime="20250805 15:17:13.737"/>
</kw>
<status status="PASS" starttime="20250805 15:17:12.498" endtime="20250805 15:17:13.737"/>
</kw>
<kw name="To Do List Serach SSR ID" library="menu_to_do_list_keywords">
<arg>${SSR ID Approval I}</arg>
<msg timestamp="20250805 15:17:13.749" level="FAIL">Variable '${SSR ID Approval I}' not found.</msg>
<status status="FAIL" starttime="20250805 15:17:13.737" endtime="20250805 15:17:13.749"/>
</kw>
<kw name="To Do Click Serach SSR ID" library="menu_to_do_list_keywords">
<status status="NOT RUN" starttime="20250805 15:17:13.751" endtime="20250805 15:17:13.751"/>
</kw>
<kw name="Selected SSR ID" library="menu_to_do_list_keywords">
<status status="NOT RUN" starttime="20250805 15:17:13.753" endtime="20250805 15:17:13.753"/>
</kw>
<kw name="Page Should Contains" library="result_massage_keywords">
<arg>${SSR &gt; SSR Approval}</arg>
<status status="NOT RUN" starttime="20250805 15:17:13.753" endtime="20250805 15:17:13.753"/>
</kw>
<kw name="SSR Approval Approved Or Rejected" library="SSR_Approval_Kewords">
<arg>${SSR Approved Case}</arg>
<status status="NOT RUN" starttime="20250805 15:17:13.753" endtime="20250805 15:17:13.753"/>
</kw>
<kw name="SSR Approval Job Type" library="SSR_Approval_Kewords">
<arg>${New Cable}</arg>
<status status="NOT RUN" starttime="20250805 15:17:13.759" endtime="20250805 15:17:13.759"/>
</kw>
<kw name="SSR Approval Click Save" library="SSR_Approval_Kewords">
<status status="NOT RUN" starttime="20250805 15:17:13.759" endtime="20250805 15:17:13.759"/>
</kw>
<kw name="Result Massage Data recorded" library="result_massage_keywords">
<var>${SSR ID DD Submitted}</var>
<arg>${SSR Approval Result Massage}</arg>
<status status="NOT RUN" starttime="20250805 15:17:13.759" endtime="20250805 15:17:13.759"/>
</kw>
<kw name="Set Global Variable" library="BuiltIn">
<arg>${SSR ID DD Submitted}</arg>
<doc>Makes a variable available globally in all tests and suites.</doc>
<status status="NOT RUN" starttime="20250805 15:17:13.759" endtime="20250805 15:17:13.759"/>
</kw>
<kw name="Log" library="BuiltIn">
<arg>SSR ID DD Submitted เลขที่ดึงออกมา: ${SSR ID DD Submitted}</arg>
<doc>Logs the given message with the given level.</doc>
<status status="NOT RUN" starttime="20250805 15:17:13.759" endtime="20250805 15:17:13.759"/>
</kw>
<kw name="Sleep" library="BuiltIn">
<arg>1 seconds</arg>
<doc>Pauses the test executed for the given time.</doc>
<status status="NOT RUN" starttime="20250805 15:17:13.759" endtime="20250805 15:17:13.759"/>
</kw>
<kw name="Write Value To Excel Status" library="Excel_Template">
<arg>TC_003 SSR Approval 1</arg>
<status status="NOT RUN" starttime="20250805 15:17:13.759" endtime="20250805 15:17:13.759"/>
</kw>
<doc>สามารถทำรายการ Process SSR Approval 1 ได้จนจบขั้นตอน</doc>
<tag>Standard_Test</tag>
<status status="FAIL" starttime="20250805 15:17:12.398" endtime="20250805 15:17:13.759">Variable '${SSR ID Approval I}' not found.</status>
</test>
<test id="s1-s1-t10" name="[10] สามารถกดออกจากระบบ Transporter ได้" line="167">
<kw name="Log Out" library="Logout_keywords">
<kw name="Click Menu List" library="menu_keywords">
<kw name="Click Element" library="SeleniumLibrary">
<arg>xpath=${Menu List}</arg>
<doc>Click the element identified by ``locator``.</doc>
<msg timestamp="20250805 15:17:13.775" level="INFO">Clicking element 'xpath=//form/div[1]/table/tbody/tr/td[1]/img'.</msg>
<status status="PASS" starttime="20250805 15:17:13.775" endtime="20250805 15:17:13.820"/>
</kw>
<status status="PASS" starttime="20250805 15:17:13.771" endtime="20250805 15:17:13.820"/>
</kw>
<kw name="Execute Javascript" library="SeleniumLibrary">
<arg>document.getElementById("iconheader:frmMenu:LogOut").click()</arg>
<doc>Executes the given JavaScript code with possible arguments.</doc>
<msg timestamp="20250805 15:17:13.821" level="INFO">Executing JavaScript:
document.getElementById("iconheader:frmMenu:LogOut").click()
Without any arguments.</msg>
<status status="PASS" starttime="20250805 15:17:13.820" endtime="20250805 15:17:13.951"/>
</kw>
<kw name="Sleep" library="BuiltIn">
<arg>1 seconds</arg>
<doc>Pauses the test executed for the given time.</doc>
<msg timestamp="20250805 15:17:14.958" level="INFO">Slept 1 second</msg>
<status status="PASS" starttime="20250805 15:17:13.951" endtime="20250805 15:17:14.958"/>
</kw>
<kw name="Wait Until Page Contains" library="SeleniumLibrary">
<arg>Login</arg>
<arg>10s</arg>
<doc>Waits until ``text`` appears on the current page.</doc>
<status status="PASS" starttime="20250805 15:17:14.958" endtime="20250805 15:17:14.991"/>
</kw>
<status status="PASS" starttime="20250805 15:17:13.771" endtime="20250805 15:17:14.991"/>
</kw>
<doc>สามารถกดออกจากระบบ Transporter เพื่อดำเนินการต่อในขั้นตอนถัดไป</doc>
<tag>Standard_Test</tag>
<status status="PASS" starttime="20250805 15:17:13.759" endtime="20250805 15:17:14.998"/>
</test>
<test id="s1-s1-t11" name="[11] สามารถล็อคอินเข้าสู่ระบบ Transporter ได้" line="172">
<kw name="Transporter_Login" library="login_keywords">
<arg>${DD Submitted USER}</arg>
<arg>${DD Submitted PASS}</arg>
<kw name="Input Text" library="SeleniumLibrary">
<arg>id=loginForm:username</arg>
<arg>${username}</arg>
<doc>Types the given ``text`` into the text field identified by ``locator``.</doc>
<msg timestamp="20250805 15:17:15.001" level="INFO">Typing text 'tana_huawei' into text field 'id=loginForm:username'.</msg>
<status status="PASS" starttime="20250805 15:17:15.001" endtime="20250805 15:17:15.096"/>
</kw>
<kw name="Input Text" library="SeleniumLibrary">
<arg>id=loginForm:password</arg>
<arg>${password}</arg>
<doc>Types the given ``text`` into the text field identified by ``locator``.</doc>
<msg timestamp="20250805 15:17:15.096" level="INFO">Typing text '123' into text field 'id=loginForm:password'.</msg>
<status status="PASS" starttime="20250805 15:17:15.096" endtime="20250805 15:17:15.159"/>
</kw>
<kw name="Click Button" library="SeleniumLibrary">
<arg>xpath=${LOGIN BUTTON}</arg>
<doc>Clicks the button identified by ``locator``.</doc>
<msg timestamp="20250805 15:17:15.159" level="INFO">Clicking button 'xpath=//*[@id="loginForm:login"]'.</msg>
<status status="PASS" starttime="20250805 15:17:15.159" endtime="20250805 15:17:15.551"/>
</kw>
<status status="PASS" starttime="20250805 15:17:15.001" endtime="20250805 15:17:15.551"/>
</kw>
<kw name="Welcome Page Should Be Open" library="login_keywords">
<arg>${LOGIN TITLE}</arg>
<kw name="Title Should Be" library="SeleniumLibrary">
<arg>${Title}</arg>
<doc>Verifies that the current page title equals ``title``.</doc>
<msg timestamp="20250805 15:17:15.556" level="INFO">Page title is 'Transporter Web (TPT)'.</msg>
<status status="PASS" starttime="20250805 15:17:15.552" endtime="20250805 15:17:15.556"/>
</kw>
<status status="PASS" starttime="20250805 15:17:15.551" endtime="20250805 15:17:15.558"/>
</kw>
<kw name="Sleep" library="BuiltIn">
<arg>1 seconds</arg>
<doc>Pauses the test executed for the given time.</doc>
<msg timestamp="20250805 15:17:16.572" level="INFO">Slept 1 second</msg>
<status status="PASS" starttime="20250805 15:17:15.558" endtime="20250805 15:17:16.572"/>
</kw>
<doc>สามารถล็อคอินเข้าสู่ระบบ Transporter ได้</doc>
<tag>Standard_Test</tag>
<status status="PASS" starttime="20250805 15:17:15.001" endtime="20250805 15:17:16.572"/>
</test>
<test id="s1-s1-t12" name="[12] สามารถทำรายการ DD Submitted ได้" line="179">
<kw name="Click Menu List" library="menu_keywords">
<kw name="Click Element" library="SeleniumLibrary">
<arg>xpath=${Menu List}</arg>
<doc>Click the element identified by ``locator``.</doc>
<msg timestamp="20250805 15:17:16.589" level="INFO">Clicking element 'xpath=//form/div[1]/table/tbody/tr/td[1]/img'.</msg>
<status status="PASS" starttime="20250805 15:17:16.589" endtime="20250805 15:17:16.660"/>
</kw>
<status status="PASS" starttime="20250805 15:17:16.588" endtime="20250805 15:17:16.660"/>
</kw>
<kw name="Select Menu" library="menu_keywords">
<arg>${Todo list Menu ID}</arg>
<kw name="Execute Javascript" library="SeleniumLibrary">
<arg>document.getElementById("${Menu}").click()</arg>
<doc>Executes the given JavaScript code with possible arguments.</doc>
<msg timestamp="20250805 15:17:16.661" level="INFO">Executing JavaScript:
document.getElementById("iconheader:frmMenu:TodoList").click()
Without any arguments.</msg>
<status status="PASS" starttime="20250805 15:17:16.661" endtime="20250805 15:17:16.911"/>
</kw>
<kw name="Sleep" library="BuiltIn">
<arg>1 seconds</arg>
<doc>Pauses the test executed for the given time.</doc>
<msg timestamp="20250805 15:17:17.920" level="INFO">Slept 1 second</msg>
<status status="PASS" starttime="20250805 15:17:16.911" endtime="20250805 15:17:17.920"/>
</kw>
<status status="PASS" starttime="20250805 15:17:16.660" endtime="20250805 15:17:17.921"/>
</kw>
<kw name="To Do List Serach SSR ID" library="menu_to_do_list_keywords">
<arg>${SSR ID DD Submitted}</arg>
<msg timestamp="20250805 15:17:17.942" level="FAIL">Variable '${SSR ID DD Submitted}' not found. Did you mean:
    ${SSR &gt; DD Submitted}</msg>
<status status="FAIL" starttime="20250805 15:17:17.922" endtime="20250805 15:17:17.942"/>
</kw>
<kw name="To Do Click Serach SSR ID" library="menu_to_do_list_keywords">
<status status="NOT RUN" starttime="20250805 15:17:17.944" endtime="20250805 15:17:17.944"/>
</kw>
<kw name="Selected SSR ID" library="menu_to_do_list_keywords">
<status status="NOT RUN" starttime="20250805 15:17:17.945" endtime="20250805 15:17:17.946"/>
</kw>
<kw name="Page Should Contains" library="result_massage_keywords">
<arg>${SSR &gt; DD Submitted}</arg>
<status status="NOT RUN" starttime="20250805 15:17:17.947" endtime="20250805 15:17:17.947"/>
</kw>
<kw name="Get Column Values By Name" library="Excel_Template">
<var>${DD_Submitted_Upload_file List}</var>
<arg>DD_Submitted_Upload_file</arg>
<status status="NOT RUN" starttime="20250805 15:17:17.949" endtime="20250805 15:17:17.949"/>
</kw>
<kw name="Catenate" library="BuiltIn">
<var>${DD_Submitted_Upload_file path}</var>
<arg>SEPARATOR=</arg>
<arg>C:\\Users\\arnoj885\\Robot Framework\\Obsolate Transporter\\tests\\TYPE_Non-Turnkey\\FBB OSP for TPT III/../../../data file/</arg>
<arg>${DD_Submitted_Upload_file List[0]}</arg>
<doc>Catenates the given items together and returns the resulted string.</doc>
<status status="NOT RUN" starttime="20250805 15:17:17.951" endtime="20250805 15:17:17.951"/>
</kw>
<kw name="Set Test Variable" library="BuiltIn">
<arg>${DD_Submitted_Upload_file path}</arg>
<doc>Makes a variable available everywhere within the scope of the current test.</doc>
<status status="NOT RUN" starttime="20250805 15:17:17.953" endtime="20250805 15:17:17.953"/>
</kw>
<kw name="Normalize Path" library="OperatingSystem">
<var>${DD_Submitted_Upload_file path}</var>
<arg>${DD_Submitted_Upload_file path}</arg>
<doc>Normalizes the given path.</doc>
<status status="NOT RUN" starttime="20250805 15:17:17.955" endtime="20250805 15:17:17.955"/>
</kw>
<kw name="Log" library="BuiltIn">
<arg>${DD_Submitted_Upload_file path}</arg>
<doc>Logs the given message with the given level.</doc>
<status status="NOT RUN" starttime="20250805 15:17:17.956" endtime="20250805 15:17:17.956"/>
</kw>
<kw name="DD Submitted Add Picture" library="DD_Submitted_keywords">
<arg>${DD_Submitted_Upload_file path}</arg>
<status status="NOT RUN" starttime="20250805 15:17:17.958" endtime="20250805 15:17:17.958"/>
</kw>
<kw name="DD Submitted Upload Picture" library="DD_Submitted_keywords">
<status status="NOT RUN" starttime="20250805 15:17:17.959" endtime="20250805 15:17:17.959"/>
</kw>
<kw name="DD Submitted Save" library="DD_Submitted_keywords">
<status status="NOT RUN" starttime="20250805 15:17:17.960" endtime="20250805 15:17:17.960"/>
</kw>
<kw name="Result Massage Data recorded" library="result_massage_keywords">
<var>${SSR ID DD Approved}</var>
<arg>${DD Submitted Result Massage}</arg>
<status status="NOT RUN" starttime="20250805 15:17:17.961" endtime="20250805 15:17:17.961"/>
</kw>
<kw name="Set Global Variable" library="BuiltIn">
<arg>${SSR ID DD Approved}</arg>
<doc>Makes a variable available globally in all tests and suites.</doc>
<status status="NOT RUN" starttime="20250805 15:17:17.962" endtime="20250805 15:17:17.962"/>
</kw>
<kw name="Log" library="BuiltIn">
<arg>SSR ID DD Approved เลขที่ดึงออกมา: ${SSR ID DD Approved}</arg>
<doc>Logs the given message with the given level.</doc>
<status status="NOT RUN" starttime="20250805 15:17:17.963" endtime="20250805 15:17:17.963"/>
</kw>
<kw name="Sleep" library="BuiltIn">
<arg>1 seconds</arg>
<doc>Pauses the test executed for the given time.</doc>
<status status="NOT RUN" starttime="20250805 15:17:17.966" endtime="20250805 15:17:17.966"/>
</kw>
<kw name="Write Value To Excel Status" library="Excel_Template">
<arg>TC_004 DD Submitted</arg>
<status status="NOT RUN" starttime="20250805 15:17:17.967" endtime="20250805 15:17:17.967"/>
</kw>
<doc>สามารถทำรายการ DD Submitted ได้จนจบขั้นตอน</doc>
<tag>Standard_Test</tag>
<status status="FAIL" starttime="20250805 15:17:16.572" endtime="20250805 15:17:17.968">Variable '${SSR ID DD Submitted}' not found. Did you mean:
    ${SSR &gt; DD Submitted}</status>
</test>
<test id="s1-s1-t13" name="[13] สามารถกดออกจากระบบ Transporter ได้" line="206">
<kw name="Log Out" library="Logout_keywords">
<kw name="Click Menu List" library="menu_keywords">
<kw name="Click Element" library="SeleniumLibrary">
<arg>xpath=${Menu List}</arg>
<doc>Click the element identified by ``locator``.</doc>
<msg timestamp="20250805 15:17:17.975" level="INFO">Clicking element 'xpath=//form/div[1]/table/tbody/tr/td[1]/img'.</msg>
<status status="PASS" starttime="20250805 15:17:17.975" endtime="20250805 15:17:18.019"/>
</kw>
<status status="PASS" starttime="20250805 15:17:17.974" endtime="20250805 15:17:18.019"/>
</kw>
<kw name="Execute Javascript" library="SeleniumLibrary">
<arg>document.getElementById("iconheader:frmMenu:LogOut").click()</arg>
<doc>Executes the given JavaScript code with possible arguments.</doc>
<msg timestamp="20250805 15:17:18.019" level="INFO">Executing JavaScript:
document.getElementById("iconheader:frmMenu:LogOut").click()
Without any arguments.</msg>
<status status="PASS" starttime="20250805 15:17:18.019" endtime="20250805 15:17:18.134"/>
</kw>
<kw name="Sleep" library="BuiltIn">
<arg>1 seconds</arg>
<doc>Pauses the test executed for the given time.</doc>
<msg timestamp="20250805 15:17:19.136" level="INFO">Slept 1 second</msg>
<status status="PASS" starttime="20250805 15:17:18.134" endtime="20250805 15:17:19.136"/>
</kw>
<kw name="Wait Until Page Contains" library="SeleniumLibrary">
<arg>Login</arg>
<arg>10s</arg>
<doc>Waits until ``text`` appears on the current page.</doc>
<status status="PASS" starttime="20250805 15:17:19.137" endtime="20250805 15:17:19.154"/>
</kw>
<status status="PASS" starttime="20250805 15:17:17.974" endtime="20250805 15:17:19.154"/>
</kw>
<doc>[10] สามารถกดออกจากระบบ Transporter ได้</doc>
<tag>Standard_Test</tag>
<status status="PASS" starttime="20250805 15:17:17.970" endtime="20250805 15:17:19.154"/>
</test>
<test id="s1-s1-t14" name="[14] สามารถล็อคอินเข้าสู่ระบบ Transporter ได้" line="211">
<kw name="Transporter_Login" library="login_keywords">
<arg>${DD Approved USER}</arg>
<arg>${DD Approved PASS}</arg>
<kw name="Input Text" library="SeleniumLibrary">
<arg>id=loginForm:username</arg>
<arg>${username}</arg>
<doc>Types the given ``text`` into the text field identified by ``locator``.</doc>
<msg timestamp="20250805 15:17:19.165" level="INFO">Typing text 'teerachu' into text field 'id=loginForm:username'.</msg>
<status status="PASS" starttime="20250805 15:17:19.165" endtime="20250805 15:17:19.248"/>
</kw>
<kw name="Input Text" library="SeleniumLibrary">
<arg>id=loginForm:password</arg>
<arg>${password}</arg>
<doc>Types the given ``text`` into the text field identified by ``locator``.</doc>
<msg timestamp="20250805 15:17:19.249" level="INFO">Typing text '123' into text field 'id=loginForm:password'.</msg>
<status status="PASS" starttime="20250805 15:17:19.248" endtime="20250805 15:17:19.320"/>
</kw>
<kw name="Click Button" library="SeleniumLibrary">
<arg>xpath=${LOGIN BUTTON}</arg>
<doc>Clicks the button identified by ``locator``.</doc>
<msg timestamp="20250805 15:17:19.320" level="INFO">Clicking button 'xpath=//*[@id="loginForm:login"]'.</msg>
<status status="PASS" starttime="20250805 15:17:19.320" endtime="20250805 15:17:19.651"/>
</kw>
<status status="PASS" starttime="20250805 15:17:19.162" endtime="20250805 15:17:19.651"/>
</kw>
<kw name="Welcome Page Should Be Open" library="login_keywords">
<arg>${LOGIN TITLE}</arg>
<kw name="Title Should Be" library="SeleniumLibrary">
<arg>${Title}</arg>
<doc>Verifies that the current page title equals ``title``.</doc>
<msg timestamp="20250805 15:17:19.657" level="INFO">Page title is 'Transporter Web (TPT)'.</msg>
<status status="PASS" starttime="20250805 15:17:19.652" endtime="20250805 15:17:19.657"/>
</kw>
<status status="PASS" starttime="20250805 15:17:19.651" endtime="20250805 15:17:19.657"/>
</kw>
<kw name="Sleep" library="BuiltIn">
<arg>1 seconds</arg>
<doc>Pauses the test executed for the given time.</doc>
<msg timestamp="20250805 15:17:20.672" level="INFO">Slept 1 second</msg>
<status status="PASS" starttime="20250805 15:17:19.657" endtime="20250805 15:17:20.672"/>
</kw>
<doc>สามารถล็อคอินเข้าสู่ระบบ Transporter ได้</doc>
<tag>Standard_Test</tag>
<status status="PASS" starttime="20250805 15:17:19.154" endtime="20250805 15:17:20.672"/>
</test>
<test id="s1-s1-t15" name="[15] สามารถทำรายการ DD Approved ได้" line="218">
<kw name="Click Menu List" library="menu_keywords">
<kw name="Click Element" library="SeleniumLibrary">
<arg>xpath=${Menu List}</arg>
<doc>Click the element identified by ``locator``.</doc>
<msg timestamp="20250805 15:17:20.681" level="INFO">Clicking element 'xpath=//form/div[1]/table/tbody/tr/td[1]/img'.</msg>
<status status="PASS" starttime="20250805 15:17:20.681" endtime="20250805 15:17:20.753"/>
</kw>
<status status="PASS" starttime="20250805 15:17:20.681" endtime="20250805 15:17:20.754"/>
</kw>
<kw name="Select Menu" library="menu_keywords">
<arg>${Todo list Menu ID}</arg>
<kw name="Execute Javascript" library="SeleniumLibrary">
<arg>document.getElementById("${Menu}").click()</arg>
<doc>Executes the given JavaScript code with possible arguments.</doc>
<msg timestamp="20250805 15:17:20.755" level="INFO">Executing JavaScript:
document.getElementById("iconheader:frmMenu:TodoList").click()
Without any arguments.</msg>
<status status="PASS" starttime="20250805 15:17:20.755" endtime="20250805 15:17:21.010"/>
</kw>
<kw name="Sleep" library="BuiltIn">
<arg>1 seconds</arg>
<doc>Pauses the test executed for the given time.</doc>
<msg timestamp="20250805 15:17:22.022" level="INFO">Slept 1 second</msg>
<status status="PASS" starttime="20250805 15:17:21.010" endtime="20250805 15:17:22.022"/>
</kw>
<status status="PASS" starttime="20250805 15:17:20.754" endtime="20250805 15:17:22.022"/>
</kw>
<kw name="To Do List Serach SSR ID" library="menu_to_do_list_keywords">
<arg>${SSR ID DD Approved}</arg>
<msg timestamp="20250805 15:17:22.039" level="FAIL">Variable '${SSR ID DD Approved}' not found. Did you mean:
    ${SSR &gt; DD Approved}</msg>
<status status="FAIL" starttime="20250805 15:17:22.024" endtime="20250805 15:17:22.039"/>
</kw>
<kw name="To Do Click Serach SSR ID" library="menu_to_do_list_keywords">
<status status="NOT RUN" starttime="20250805 15:17:22.039" endtime="20250805 15:17:22.039"/>
</kw>
<kw name="Selected SSR ID" library="menu_to_do_list_keywords">
<status status="NOT RUN" starttime="20250805 15:17:22.039" endtime="20250805 15:17:22.039"/>
</kw>
<kw name="Page Should Contains" library="result_massage_keywords">
<arg>${SSR &gt; DD Approved}</arg>
<status status="NOT RUN" starttime="20250805 15:17:22.044" endtime="20250805 15:17:22.044"/>
</kw>
<kw name="DD Approved Route Type" library="DD_Approved_keywords">
<arg>${Site to Site}</arg>
<status status="NOT RUN" starttime="20250805 15:17:22.045" endtime="20250805 15:17:22.045"/>
</kw>
<kw name="DD Approved Cable Job Type" library="DD_Approved_keywords">
<arg>${New}</arg>
<status status="NOT RUN" starttime="20250805 15:17:22.045" endtime="20250805 15:17:22.045"/>
</kw>
<kw name="DD Approved Destination site" library="DD_Approved_keywords">
<arg>${CWT}</arg>
<status status="NOT RUN" starttime="20250805 15:17:22.045" endtime="20250805 15:17:22.045"/>
</kw>
<kw name="DD Approved" library="DD_Approved_keywords">
<arg>${DD Approved Case}</arg>
<status status="NOT RUN" starttime="20250805 15:17:22.051" endtime="20250805 15:17:22.051"/>
</kw>
<kw name="DD Approved Save" library="DD_Approved_keywords">
<status status="NOT RUN" starttime="20250805 15:17:22.051" endtime="20250805 15:17:22.051"/>
</kw>
<kw name="DD Approved Confirm Route" library="DD_Approved_keywords">
<status status="NOT RUN" starttime="20250805 15:17:22.055" endtime="20250805 15:17:22.055"/>
</kw>
<kw name="Result Massage Data recorded" library="result_massage_keywords">
<var>${SSR ID Permission Start Submitted}</var>
<arg>${DD Approved Result Massage}</arg>
<status status="NOT RUN" starttime="20250805 15:17:22.055" endtime="20250805 15:17:22.055"/>
</kw>
<kw name="Set Global Variable" library="BuiltIn">
<arg>${SSR ID Permission Start Submitted}</arg>
<doc>Makes a variable available globally in all tests and suites.</doc>
<status status="NOT RUN" starttime="20250805 15:17:22.055" endtime="20250805 15:17:22.055"/>
</kw>
<kw name="Log" library="BuiltIn">
<arg>SSR ID Permission Start Submitted เลขที่ดึงออกมา: ${SSR ID Permission Start Submitted}</arg>
<doc>Logs the given message with the given level.</doc>
<status status="NOT RUN" starttime="20250805 15:17:22.055" endtime="20250805 15:17:22.055"/>
</kw>
<kw name="Write Value To Excel Status" library="Excel_Template">
<arg>TC_005 DD Approved</arg>
<status status="NOT RUN" starttime="20250805 15:17:22.060" endtime="20250805 15:17:22.060"/>
</kw>
<doc>สามารถทำรายการ DD Approved ได้จนจบขั้นตอน</doc>
<tag>Standard_Test</tag>
<status status="FAIL" starttime="20250805 15:17:20.672" endtime="20250805 15:17:22.060">Variable '${SSR ID DD Approved}' not found. Did you mean:
    ${SSR &gt; DD Approved}</status>
</test>
<test id="s1-s1-t16" name="[16] สามารถกดออกจากระบบ Transporter ได้" line="241">
<kw name="Log Out" library="Logout_keywords">
<kw name="Click Menu List" library="menu_keywords">
<kw name="Click Element" library="SeleniumLibrary">
<arg>xpath=${Menu List}</arg>
<doc>Click the element identified by ``locator``.</doc>
<msg timestamp="20250805 15:17:22.070" level="INFO">Clicking element 'xpath=//form/div[1]/table/tbody/tr/td[1]/img'.</msg>
<status status="PASS" starttime="20250805 15:17:22.070" endtime="20250805 15:17:22.147"/>
</kw>
<status status="PASS" starttime="20250805 15:17:22.070" endtime="20250805 15:17:22.148"/>
</kw>
<kw name="Execute Javascript" library="SeleniumLibrary">
<arg>document.getElementById("iconheader:frmMenu:LogOut").click()</arg>
<doc>Executes the given JavaScript code with possible arguments.</doc>
<msg timestamp="20250805 15:17:22.148" level="INFO">Executing JavaScript:
document.getElementById("iconheader:frmMenu:LogOut").click()
Without any arguments.</msg>
<status status="PASS" starttime="20250805 15:17:22.148" endtime="20250805 15:17:22.251"/>
</kw>
<kw name="Sleep" library="BuiltIn">
<arg>1 seconds</arg>
<doc>Pauses the test executed for the given time.</doc>
<msg timestamp="20250805 15:17:23.258" level="INFO">Slept 1 second</msg>
<status status="PASS" starttime="20250805 15:17:22.251" endtime="20250805 15:17:23.258"/>
</kw>
<kw name="Wait Until Page Contains" library="SeleniumLibrary">
<arg>Login</arg>
<arg>10s</arg>
<doc>Waits until ``text`` appears on the current page.</doc>
<status status="PASS" starttime="20250805 15:17:23.258" endtime="20250805 15:17:23.269"/>
</kw>
<status status="PASS" starttime="20250805 15:17:22.068" endtime="20250805 15:17:23.269"/>
</kw>
<doc>สามารถกดออกจากระบบ Transporter ได้</doc>
<tag>Standard_Test</tag>
<status status="PASS" starttime="20250805 15:17:22.060" endtime="20250805 15:17:23.269"/>
</test>
<test id="s1-s1-t17" name="[17] สามารถล็อคอินเข้าสู่ระบบ Transporter ได้" line="246">
<kw name="Transporter_Login" library="login_keywords">
<arg>${Permission Submitted USER}</arg>
<arg>${Permission Submitted PASS}</arg>
<kw name="Input Text" library="SeleniumLibrary">
<arg>id=loginForm:username</arg>
<arg>${username}</arg>
<doc>Types the given ``text`` into the text field identified by ``locator``.</doc>
<msg timestamp="20250805 15:17:23.274" level="INFO">Typing text 'tana_huawei' into text field 'id=loginForm:username'.</msg>
<status status="PASS" starttime="20250805 15:17:23.274" endtime="20250805 15:17:23.394"/>
</kw>
<kw name="Input Text" library="SeleniumLibrary">
<arg>id=loginForm:password</arg>
<arg>${password}</arg>
<doc>Types the given ``text`` into the text field identified by ``locator``.</doc>
<msg timestamp="20250805 15:17:23.394" level="INFO">Typing text '123' into text field 'id=loginForm:password'.</msg>
<status status="PASS" starttime="20250805 15:17:23.394" endtime="20250805 15:17:23.473"/>
</kw>
<kw name="Click Button" library="SeleniumLibrary">
<arg>xpath=${LOGIN BUTTON}</arg>
<doc>Clicks the button identified by ``locator``.</doc>
<msg timestamp="20250805 15:17:23.473" level="INFO">Clicking button 'xpath=//*[@id="loginForm:login"]'.</msg>
<status status="PASS" starttime="20250805 15:17:23.473" endtime="20250805 15:17:23.792"/>
</kw>
<status status="PASS" starttime="20250805 15:17:23.273" endtime="20250805 15:17:23.792"/>
</kw>
<kw name="Welcome Page Should Be Open" library="login_keywords">
<arg>${LOGIN TITLE}</arg>
<kw name="Title Should Be" library="SeleniumLibrary">
<arg>${Title}</arg>
<doc>Verifies that the current page title equals ``title``.</doc>
<msg timestamp="20250805 15:17:23.797" level="INFO">Page title is 'Transporter Web (TPT)'.</msg>
<status status="PASS" starttime="20250805 15:17:23.793" endtime="20250805 15:17:23.797"/>
</kw>
<status status="PASS" starttime="20250805 15:17:23.792" endtime="20250805 15:17:23.797"/>
</kw>
<kw name="Sleep" library="BuiltIn">
<arg>1 seconds</arg>
<doc>Pauses the test executed for the given time.</doc>
<msg timestamp="20250805 15:17:24.811" level="INFO">Slept 1 second</msg>
<status status="PASS" starttime="20250805 15:17:23.797" endtime="20250805 15:17:24.811"/>
</kw>
<doc>สามารถล็อคอินเข้าสู่ระบบ Transporter ได้</doc>
<tag>Standard_Test</tag>
<status status="PASS" starttime="20250805 15:17:23.270" endtime="20250805 15:17:24.811"/>
</test>
<test id="s1-s1-t18" name="[18] สามารถทำรายการ Permission Start Submitted NBTC PEA MEA ได้" line="253">
<kw name="Click Menu List" library="menu_keywords">
<kw name="Click Element" library="SeleniumLibrary">
<arg>xpath=${Menu List}</arg>
<doc>Click the element identified by ``locator``.</doc>
<msg timestamp="20250805 15:17:24.811" level="INFO">Clicking element 'xpath=//form/div[1]/table/tbody/tr/td[1]/img'.</msg>
<msg timestamp="20250805 15:17:24.827" level="WARN">Keyword 'Capture Page Screenshot' could not be run on failure: Message: no such window: target window already closed
from unknown error: web view not found
  (Session info: chrome=114.0.5735.199)
Stacktrace:
Backtrace:
	GetHandleVerifier [0x0072A813+48355]
	(No symbol) [0x006BC4B1]
	(No symbol) [0x005C5358]
	(No symbol) [0x005AD293]
	(No symbol) [0x0060E37B]
	(No symbol) [0x0061C473]
	(No symbol) [0x0060A536]
	(No symbol) [0x005E82DC]
	(No symbol) [0x005E93DD]
	GetHandleVerifier [0x0098AABD+2539405]
	GetHandleVerifier [0x009CA78F+2800735]
	GetHandleVerifier [0x009C456C+2775612]
	GetHandleVerifier [0x007B51E0+616112]
	(No symbol) [0x006C5F8C]
	(No symbol) [0x006C2328]
	(No symbol) [0x006C240B]
	(No symbol) [0x006B4FF7]
	BaseThreadInitThunk [0x75B25D49+25]
	RtlInitializeExceptionChain [0x76F7D1AB+107]
	RtlGetAppContainerNamedObjectPath [0x76F7D131+561]
</msg>
<msg timestamp="20250805 15:17:24.827" level="FAIL">NoSuchWindowException: Message: no such window: target window already closed
from unknown error: web view not found
  (Session info: chrome=114.0.5735.199)
Stacktrace:
Backtrace:
	GetHandleVerifier [0x0072A813+48355]
	(No symbol) [0x006BC4B1]
	(No symbol) [0x005C5358]
	(No symbol) [0x005AD293]
	(No symbol) [0x0060E37B]
	(No symbol) [0x0061C473]
	(No symbol) [0x0060A536]
	(No symbol) [0x005E82DC]
	(No symbol) [0x005E93DD]
	GetHandleVerifier [0x0098AABD+2539405]
	GetHandleVerifier [0x009CA78F+2800735]
	GetHandleVerifier [0x009C456C+2775612]
	GetHandleVerifier [0x007B51E0+616112]
	(No symbol) [0x006C5F8C]
	(No symbol) [0x006C2328]
	(No symbol) [0x006C240B]
	(No symbol) [0x006B4FF7]
	BaseThreadInitThunk [0x75B25D49+25]
	RtlInitializeExceptionChain [0x76F7D1AB+107]
	RtlGetAppContainerNamedObjectPath [0x76F7D131+561]
</msg>
<status status="FAIL" starttime="20250805 15:17:24.811" endtime="20250805 15:17:24.858"/>
</kw>
<status status="FAIL" starttime="20250805 15:17:24.811" endtime="20250805 15:17:24.858"/>
</kw>
<kw name="Select Menu" library="menu_keywords">
<arg>${Todo list Menu ID}</arg>
<status status="NOT RUN" starttime="20250805 15:17:24.858" endtime="20250805 15:17:24.858"/>
</kw>
<kw name="To Do List Serach SSR ID" library="menu_to_do_list_keywords">
<arg>${SSR ID Permission Start Submitted}</arg>
<status status="NOT RUN" starttime="20250805 15:17:24.858" endtime="20250805 15:17:24.858"/>
</kw>
<kw name="To Do Click Serach SSR ID" library="menu_to_do_list_keywords">
<status status="NOT RUN" starttime="20250805 15:17:24.858" endtime="20250805 15:17:24.858"/>
</kw>
<kw name="Selected SSR ID" library="menu_to_do_list_keywords">
<status status="NOT RUN" starttime="20250805 15:17:24.858" endtime="20250805 15:17:24.858"/>
</kw>
<kw name="Page Should Contains" library="result_massage_keywords">
<arg>${SSR &gt; Permission Submitted}</arg>
<status status="NOT RUN" starttime="20250805 15:17:24.858" endtime="20250805 15:17:24.858"/>
</kw>
<kw name="Get Column Values By Name" library="Excel_Template">
<var>${Permission_Start_Submitted_Upload_file List}</var>
<arg>Permission_Start_Submitted_Upload_file</arg>
<status status="NOT RUN" starttime="20250805 15:17:24.858" endtime="20250805 15:17:24.858"/>
</kw>
<kw name="Catenate" library="BuiltIn">
<var>${Permission_Start_Submitted_Upload_file path}</var>
<arg>SEPARATOR=</arg>
<arg>C:\\Users\\arnoj885\\Robot Framework\\Obsolate Transporter\\tests\\TYPE_Non-Turnkey\\FBB OSP for TPT III/../../../data file/</arg>
<arg>${Permission_Start_Submitted_Upload_file List[0]}</arg>
<doc>Catenates the given items together and returns the resulted string.</doc>
<status status="NOT RUN" starttime="20250805 15:17:24.858" endtime="20250805 15:17:24.858"/>
</kw>
<kw name="Set Test Variable" library="BuiltIn">
<arg>${Permission_Start_Submitted_Upload_file path}</arg>
<doc>Makes a variable available everywhere within the scope of the current test.</doc>
<status status="NOT RUN" starttime="20250805 15:17:24.858" endtime="20250805 15:17:24.858"/>
</kw>
<kw name="Normalize Path" library="OperatingSystem">
<var>${Permission_Start_Submitted_Upload_file path}</var>
<arg>${Permission_Start_Submitted_Upload_file path}</arg>
<doc>Normalizes the given path.</doc>
<status status="NOT RUN" starttime="20250805 15:17:24.858" endtime="20250805 15:17:24.858"/>
</kw>
<kw name="Log" library="BuiltIn">
<arg>${Permission_Start_Submitted_Upload_file path}</arg>
<doc>Logs the given message with the given level.</doc>
<status status="NOT RUN" starttime="20250805 15:17:24.858" endtime="20250805 15:17:24.858"/>
</kw>
<kw name="Permission Start Submitted Add Picture" library="Permission_Start_Submitted_keywords">
<arg>${Permission_Start_Submitted_Upload_file path}</arg>
<status status="NOT RUN" starttime="20250805 15:17:24.875" endtime="20250805 15:17:24.875"/>
</kw>
<kw name="Permission Start Submitted Upload Picture" library="Permission_Start_Submitted_keywords">
<status status="NOT RUN" starttime="20250805 15:17:24.875" endtime="20250805 15:17:24.875"/>
</kw>
<kw name="Permission Start Submitted Save" library="Permission_Start_Submitted_keywords">
<status status="NOT RUN" starttime="20250805 15:17:24.875" endtime="20250805 15:17:24.875"/>
</kw>
<kw name="Result Massage Data recorded" library="result_massage_keywords">
<var>${SSR ID Permission Start Approved}</var>
<arg>${Permission Start Submitted Result Massage}</arg>
<status status="NOT RUN" starttime="20250805 15:17:24.875" endtime="20250805 15:17:24.875"/>
</kw>
<kw name="Set Global Variable" library="BuiltIn">
<arg>${SSR ID Permission Start Approved}</arg>
<doc>Makes a variable available globally in all tests and suites.</doc>
<status status="NOT RUN" starttime="20250805 15:17:24.875" endtime="20250805 15:17:24.875"/>
</kw>
<kw name="Log" library="BuiltIn">
<arg>Permission Start Submitted เลขที่ดึงออกมา: ${SSR ID Permission Start Approved}</arg>
<doc>Logs the given message with the given level.</doc>
<status status="NOT RUN" starttime="20250805 15:17:24.875" endtime="20250805 15:17:24.875"/>
</kw>
<kw name="Sleep" library="BuiltIn">
<arg>1</arg>
<arg>seconds</arg>
<doc>Pauses the test executed for the given time.</doc>
<status status="NOT RUN" starttime="20250805 15:17:24.875" endtime="20250805 15:17:24.875"/>
</kw>
<kw name="Write Value To Excel Status" library="Excel_Template">
<arg>TC_006 Permission Start Submitted NBTC PEA MEA</arg>
<status status="NOT RUN" starttime="20250805 15:17:24.875" endtime="20250805 15:17:24.875"/>
</kw>
<doc>สามารถทำรายการ Permission Start Submitted NBTC PEA MEA ได้จนจบขั้นตอน</doc>
<tag>Standard_Test</tag>
<status status="FAIL" starttime="20250805 15:17:24.811" endtime="20250805 15:17:24.875">NoSuchWindowException: Message: no such window: target window already closed
from unknown error: web view not found
  (Session info: chrome=114.0.5735.199)
Stacktrace:
Backtrace:
	GetHandleVerifier [0x0072A813+48355]
	(No symbol) [0x006BC4B1]
	(No symbol) [0x005C5358]
	(No symbol) [0x005AD293]
	(No symbol) [0x0060E37B]
	(No symbol) [0x0061C473]
	(No symbol) [0x0060A536]
	(No symbol) [0x005E82DC]
	(No symbol) [0x005E93DD]
	GetHandleVerifier [0x0098AABD+2539405]
	GetHandleVerifier [0x009CA78F+2800735]
	GetHandleVerifier [0x009C456C+2775612]
	GetHandleVerifier [0x007B51E0+616112]
	(No symbol) [0x006C5F8C]
	(No symbol) [0x006C2328]
	(No symbol) [0x006C240B]
	(No symbol) [0x006B4FF7]
	BaseThreadInitThunk [0x75B25D49+25]
	RtlInitializeExceptionChain [0x76F7D1AB+107]
	RtlGetAppContainerNamedObjectPath [0x76F7D131+561]
</status>
</test>
<test id="s1-s1-t19" name="[19] สามารถกดออกจากระบบ Transporter ได้" line="280">
<kw name="Log Out" library="Logout_keywords">
<kw name="Click Menu List" library="menu_keywords">
<kw name="Click Element" library="SeleniumLibrary">
<arg>xpath=${Menu List}</arg>
<doc>Click the element identified by ``locator``.</doc>
<msg timestamp="20250805 15:17:24.875" level="INFO">Clicking element 'xpath=//form/div[1]/table/tbody/tr/td[1]/img'.</msg>
<msg timestamp="20250805 15:17:24.875" level="WARN">Keyword 'Capture Page Screenshot' could not be run on failure: Message: no such window: target window already closed
from unknown error: web view not found
  (Session info: chrome=114.0.5735.199)
Stacktrace:
Backtrace:
	GetHandleVerifier [0x0072A813+48355]
	(No symbol) [0x006BC4B1]
	(No symbol) [0x005C5358]
	(No symbol) [0x005AD293]
	(No symbol) [0x0060E37B]
	(No symbol) [0x0061C473]
	(No symbol) [0x0060A536]
	(No symbol) [0x005E82DC]
	(No symbol) [0x005E93DD]
	GetHandleVerifier [0x0098AABD+2539405]
	GetHandleVerifier [0x009CA78F+2800735]
	GetHandleVerifier [0x009C456C+2775612]
	GetHandleVerifier [0x007B51E0+616112]
	(No symbol) [0x006C5F8C]
	(No symbol) [0x006C2328]
	(No symbol) [0x006C240B]
	(No symbol) [0x006B4FF7]
	BaseThreadInitThunk [0x75B25D49+25]
	RtlInitializeExceptionChain [0x76F7D1AB+107]
	RtlGetAppContainerNamedObjectPath [0x76F7D131+561]
</msg>
<msg timestamp="20250805 15:17:24.890" level="FAIL">NoSuchWindowException: Message: no such window: target window already closed
from unknown error: web view not found
  (Session info: chrome=114.0.5735.199)
Stacktrace:
Backtrace:
	GetHandleVerifier [0x0072A813+48355]
	(No symbol) [0x006BC4B1]
	(No symbol) [0x005C5358]
	(No symbol) [0x005AD293]
	(No symbol) [0x0060E37B]
	(No symbol) [0x0061C473]
	(No symbol) [0x0060A536]
	(No symbol) [0x005E82DC]
	(No symbol) [0x005E93DD]
	GetHandleVerifier [0x0098AABD+2539405]
	GetHandleVerifier [0x009CA78F+2800735]
	GetHandleVerifier [0x009C456C+2775612]
	GetHandleVerifier [0x007B51E0+616112]
	(No symbol) [0x006C5F8C]
	(No symbol) [0x006C2328]
	(No symbol) [0x006C240B]
	(No symbol) [0x006B4FF7]
	BaseThreadInitThunk [0x75B25D49+25]
	RtlInitializeExceptionChain [0x76F7D1AB+107]
	RtlGetAppContainerNamedObjectPath [0x76F7D131+561]
</msg>
<status status="FAIL" starttime="20250805 15:17:24.875" endtime="20250805 15:17:24.890"/>
</kw>
<status status="FAIL" starttime="20250805 15:17:24.875" endtime="20250805 15:17:24.892"/>
</kw>
<kw name="Execute Javascript" library="SeleniumLibrary">
<arg>document.getElementById("iconheader:frmMenu:LogOut").click()</arg>
<doc>Executes the given JavaScript code with possible arguments.</doc>
<status status="NOT RUN" starttime="20250805 15:17:24.892" endtime="20250805 15:17:24.892"/>
</kw>
<kw name="Sleep" library="BuiltIn">
<arg>1 seconds</arg>
<doc>Pauses the test executed for the given time.</doc>
<status status="NOT RUN" starttime="20250805 15:17:24.892" endtime="20250805 15:17:24.892"/>
</kw>
<kw name="Wait Until Page Contains" library="SeleniumLibrary">
<arg>Login</arg>
<arg>10s</arg>
<doc>Waits until ``text`` appears on the current page.</doc>
<status status="NOT RUN" starttime="20250805 15:17:24.894" endtime="20250805 15:17:24.894"/>
</kw>
<status status="FAIL" starttime="20250805 15:17:24.875" endtime="20250805 15:17:24.894"/>
</kw>
<doc>สามารถกดออกจากระบบ Transporter ได้</doc>
<tag>Standard_Test</tag>
<status status="FAIL" starttime="20250805 15:17:24.875" endtime="20250805 15:17:24.894">NoSuchWindowException: Message: no such window: target window already closed
from unknown error: web view not found
  (Session info: chrome=114.0.5735.199)
Stacktrace:
Backtrace:
	GetHandleVerifier [0x0072A813+48355]
	(No symbol) [0x006BC4B1]
	(No symbol) [0x005C5358]
	(No symbol) [0x005AD293]
	(No symbol) [0x0060E37B]
	(No symbol) [0x0061C473]
	(No symbol) [0x0060A536]
	(No symbol) [0x005E82DC]
	(No symbol) [0x005E93DD]
	GetHandleVerifier [0x0098AABD+2539405]
	GetHandleVerifier [0x009CA78F+2800735]
	GetHandleVerifier [0x009C456C+2775612]
	GetHandleVerifier [0x007B51E0+616112]
	(No symbol) [0x006C5F8C]
	(No symbol) [0x006C2328]
	(No symbol) [0x006C240B]
	(No symbol) [0x006B4FF7]
	BaseThreadInitThunk [0x75B25D49+25]
	RtlInitializeExceptionChain [0x76F7D1AB+107]
	RtlGetAppContainerNamedObjectPath [0x76F7D131+561]
</status>
</test>
<test id="s1-s1-t20" name="[20] สามารถล็อคอินเข้าสู่ระบบ Transporter ได้" line="285">
<kw name="Transporter_Login" library="login_keywords">
<arg>${Permission Approved USER}</arg>
<arg>${Permission Approved PASS}</arg>
<kw name="Input Text" library="SeleniumLibrary">
<arg>id=loginForm:username</arg>
<arg>${username}</arg>
<doc>Types the given ``text`` into the text field identified by ``locator``.</doc>
<msg timestamp="20250805 15:17:24.894" level="INFO">Typing text 'teerachu' into text field 'id=loginForm:username'.</msg>
<msg timestamp="20250805 15:17:24.894" level="WARN">Keyword 'Capture Page Screenshot' could not be run on failure: Message: no such window: target window already closed
from unknown error: web view not found
  (Session info: chrome=114.0.5735.199)
Stacktrace:
Backtrace:
	GetHandleVerifier [0x0072A813+48355]
	(No symbol) [0x006BC4B1]
	(No symbol) [0x005C5358]
	(No symbol) [0x005AD293]
	(No symbol) [0x0060E37B]
	(No symbol) [0x0061C473]
	(No symbol) [0x0060A536]
	(No symbol) [0x005E82DC]
	(No symbol) [0x005E93DD]
	GetHandleVerifier [0x0098AABD+2539405]
	GetHandleVerifier [0x009CA78F+2800735]
	GetHandleVerifier [0x009C456C+2775612]
	GetHandleVerifier [0x007B51E0+616112]
	(No symbol) [0x006C5F8C]
	(No symbol) [0x006C2328]
	(No symbol) [0x006C240B]
	(No symbol) [0x006B4FF7]
	BaseThreadInitThunk [0x75B25D49+25]
	RtlInitializeExceptionChain [0x76F7D1AB+107]
	RtlGetAppContainerNamedObjectPath [0x76F7D131+561]
</msg>
<msg timestamp="20250805 15:17:24.906" level="FAIL">NoSuchWindowException: Message: no such window: target window already closed
from unknown error: web view not found
  (Session info: chrome=114.0.5735.199)
Stacktrace:
Backtrace:
	GetHandleVerifier [0x0072A813+48355]
	(No symbol) [0x006BC4B1]
	(No symbol) [0x005C5358]
	(No symbol) [0x005AD293]
	(No symbol) [0x0060E37B]
	(No symbol) [0x0061C473]
	(No symbol) [0x0060A536]
	(No symbol) [0x005E82DC]
	(No symbol) [0x005E93DD]
	GetHandleVerifier [0x0098AABD+2539405]
	GetHandleVerifier [0x009CA78F+2800735]
	GetHandleVerifier [0x009C456C+2775612]
	GetHandleVerifier [0x007B51E0+616112]
	(No symbol) [0x006C5F8C]
	(No symbol) [0x006C2328]
	(No symbol) [0x006C240B]
	(No symbol) [0x006B4FF7]
	BaseThreadInitThunk [0x75B25D49+25]
	RtlInitializeExceptionChain [0x76F7D1AB+107]
	RtlGetAppContainerNamedObjectPath [0x76F7D131+561]
</msg>
<status status="FAIL" starttime="20250805 15:17:24.894" endtime="20250805 15:17:24.912"/>
</kw>
<kw name="Input Text" library="SeleniumLibrary">
<arg>id=loginForm:password</arg>
<arg>${password}</arg>
<doc>Types the given ``text`` into the text field identified by ``locator``.</doc>
<status status="NOT RUN" starttime="20250805 15:17:24.912" endtime="20250805 15:17:24.912"/>
</kw>
<kw name="Click Button" library="SeleniumLibrary">
<arg>xpath=${LOGIN BUTTON}</arg>
<doc>Clicks the button identified by ``locator``.</doc>
<status status="NOT RUN" starttime="20250805 15:17:24.912" endtime="20250805 15:17:24.912"/>
</kw>
<status status="FAIL" starttime="20250805 15:17:24.894" endtime="20250805 15:17:24.912"/>
</kw>
<kw name="Welcome Page Should Be Open" library="login_keywords">
<arg>${LOGIN TITLE}</arg>
<status status="NOT RUN" starttime="20250805 15:17:24.912" endtime="20250805 15:17:24.912"/>
</kw>
<kw name="Sleep" library="BuiltIn">
<arg>1 seconds</arg>
<doc>Pauses the test executed for the given time.</doc>
<status status="NOT RUN" starttime="20250805 15:17:24.912" endtime="20250805 15:17:24.912"/>
</kw>
<doc>สามารถล็อคอินเข้าสู่ระบบ Transporter ได้</doc>
<tag>Standard_Test</tag>
<status status="FAIL" starttime="20250805 15:17:24.894" endtime="20250805 15:17:24.912">NoSuchWindowException: Message: no such window: target window already closed
from unknown error: web view not found
  (Session info: chrome=114.0.5735.199)
Stacktrace:
Backtrace:
	GetHandleVerifier [0x0072A813+48355]
	(No symbol) [0x006BC4B1]
	(No symbol) [0x005C5358]
	(No symbol) [0x005AD293]
	(No symbol) [0x0060E37B]
	(No symbol) [0x0061C473]
	(No symbol) [0x0060A536]
	(No symbol) [0x005E82DC]
	(No symbol) [0x005E93DD]
	GetHandleVerifier [0x0098AABD+2539405]
	GetHandleVerifier [0x009CA78F+2800735]
	GetHandleVerifier [0x009C456C+2775612]
	GetHandleVerifier [0x007B51E0+616112]
	(No symbol) [0x006C5F8C]
	(No symbol) [0x006C2328]
	(No symbol) [0x006C240B]
	(No symbol) [0x006B4FF7]
	BaseThreadInitThunk [0x75B25D49+25]
	RtlInitializeExceptionChain [0x76F7D1AB+107]
	RtlGetAppContainerNamedObjectPath [0x76F7D131+561]
</status>
</test>
<test id="s1-s1-t21" name="[21] สามารถทำรายการ Permission Start Approve NBTC PEA MEA ได้" line="292">
<kw name="Click Menu List" library="menu_keywords">
<kw name="Click Element" library="SeleniumLibrary">
<arg>xpath=${Menu List}</arg>
<doc>Click the element identified by ``locator``.</doc>
<msg timestamp="20250805 15:17:24.922" level="INFO">Clicking element 'xpath=//form/div[1]/table/tbody/tr/td[1]/img'.</msg>
<msg timestamp="20250805 15:17:24.922" level="WARN">Keyword 'Capture Page Screenshot' could not be run on failure: Message: no such window: target window already closed
from unknown error: web view not found
  (Session info: chrome=114.0.5735.199)
Stacktrace:
Backtrace:
	GetHandleVerifier [0x0072A813+48355]
	(No symbol) [0x006BC4B1]
	(No symbol) [0x005C5358]
	(No symbol) [0x005AD293]
	(No symbol) [0x0060E37B]
	(No symbol) [0x0061C473]
	(No symbol) [0x0060A536]
	(No symbol) [0x005E82DC]
	(No symbol) [0x005E93DD]
	GetHandleVerifier [0x0098AABD+2539405]
	GetHandleVerifier [0x009CA78F+2800735]
	GetHandleVerifier [0x009C456C+2775612]
	GetHandleVerifier [0x007B51E0+616112]
	(No symbol) [0x006C5F8C]
	(No symbol) [0x006C2328]
	(No symbol) [0x006C240B]
	(No symbol) [0x006B4FF7]
	BaseThreadInitThunk [0x75B25D49+25]
	RtlInitializeExceptionChain [0x76F7D1AB+107]
	RtlGetAppContainerNamedObjectPath [0x76F7D131+561]
</msg>
<msg timestamp="20250805 15:17:24.922" level="FAIL">NoSuchWindowException: Message: no such window: target window already closed
from unknown error: web view not found
  (Session info: chrome=114.0.5735.199)
Stacktrace:
Backtrace:
	GetHandleVerifier [0x0072A813+48355]
	(No symbol) [0x006BC4B1]
	(No symbol) [0x005C5358]
	(No symbol) [0x005AD293]
	(No symbol) [0x0060E37B]
	(No symbol) [0x0061C473]
	(No symbol) [0x0060A536]
	(No symbol) [0x005E82DC]
	(No symbol) [0x005E93DD]
	GetHandleVerifier [0x0098AABD+2539405]
	GetHandleVerifier [0x009CA78F+2800735]
	GetHandleVerifier [0x009C456C+2775612]
	GetHandleVerifier [0x007B51E0+616112]
	(No symbol) [0x006C5F8C]
	(No symbol) [0x006C2328]
	(No symbol) [0x006C240B]
	(No symbol) [0x006B4FF7]
	BaseThreadInitThunk [0x75B25D49+25]
	RtlInitializeExceptionChain [0x76F7D1AB+107]
	RtlGetAppContainerNamedObjectPath [0x76F7D131+561]
</msg>
<status status="FAIL" starttime="20250805 15:17:24.912" endtime="20250805 15:17:24.922"/>
</kw>
<status status="FAIL" starttime="20250805 15:17:24.912" endtime="20250805 15:17:24.929"/>
</kw>
<kw name="Select Menu" library="menu_keywords">
<arg>${Todo list Menu ID}</arg>
<status status="NOT RUN" starttime="20250805 15:17:24.929" endtime="20250805 15:17:24.929"/>
</kw>
<kw name="To Do List Serach SSR ID" library="menu_to_do_list_keywords">
<arg>${SSR ID Permission Start Approved}</arg>
<status status="NOT RUN" starttime="20250805 15:17:24.929" endtime="20250805 15:17:24.929"/>
</kw>
<kw name="To Do Click Serach SSR ID" library="menu_to_do_list_keywords">
<status status="NOT RUN" starttime="20250805 15:17:24.929" endtime="20250805 15:17:24.929"/>
</kw>
<kw name="Selected SSR ID" library="menu_to_do_list_keywords">
<status status="NOT RUN" starttime="20250805 15:17:24.929" endtime="20250805 15:17:24.929"/>
</kw>
<kw name="Page Should Contains" library="result_massage_keywords">
<arg>${SSR &gt; Permission Approved}</arg>
<status status="NOT RUN" starttime="20250805 15:17:24.929" endtime="20250805 15:17:24.929"/>
</kw>
<kw name="Permission Start Approved NBTC PEA MEA" library="Permission_Start_Approve_keywords">
<arg>${Permission Start Approve Case}</arg>
<status status="NOT RUN" starttime="20250805 15:17:24.929" endtime="20250805 15:17:24.929"/>
</kw>
<kw name="Permission Start Approved Save" library="Permission_Start_Approve_keywords">
<status status="NOT RUN" starttime="20250805 15:17:24.929" endtime="20250805 15:17:24.929"/>
</kw>
<kw name="Result Massage Data recorded" library="result_massage_keywords">
<var>${SSR ID PAT BOQ Submitted}</var>
<arg>${Permission Start Approve Result Massage}</arg>
<status status="NOT RUN" starttime="20250805 15:17:24.929" endtime="20250805 15:17:24.929"/>
</kw>
<kw name="Set Global Variable" library="BuiltIn">
<arg>${SSR ID PAT BOQ Submitted}</arg>
<doc>Makes a variable available globally in all tests and suites.</doc>
<status status="NOT RUN" starttime="20250805 15:17:24.929" endtime="20250805 15:17:24.929"/>
</kw>
<kw name="Log" library="BuiltIn">
<arg>Permission Start Approve เลขที่ดึงออกมา: ${SSR ID PAT BOQ Submitted}</arg>
<doc>Logs the given message with the given level.</doc>
<status status="NOT RUN" starttime="20250805 15:17:24.929" endtime="20250805 15:17:24.929"/>
</kw>
<kw name="Write Value To Excel Status" library="Excel_Template">
<arg>TC_007 Permission Start Approve NBTC PEA MEA</arg>
<status status="NOT RUN" starttime="20250805 15:17:24.938" endtime="20250805 15:17:24.938"/>
</kw>
<doc>สามารถทำรายการ Permission Start Approve NBTC PEA MEA ได้จนจบขั้นตอน</doc>
<tag>Standard_Test</tag>
<status status="FAIL" starttime="20250805 15:17:24.912" endtime="20250805 15:17:24.938">NoSuchWindowException: Message: no such window: target window already closed
from unknown error: web view not found
  (Session info: chrome=114.0.5735.199)
Stacktrace:
Backtrace:
	GetHandleVerifier [0x0072A813+48355]
	(No symbol) [0x006BC4B1]
	(No symbol) [0x005C5358]
	(No symbol) [0x005AD293]
	(No symbol) [0x0060E37B]
	(No symbol) [0x0061C473]
	(No symbol) [0x0060A536]
	(No symbol) [0x005E82DC]
	(No symbol) [0x005E93DD]
	GetHandleVerifier [0x0098AABD+2539405]
	GetHandleVerifier [0x009CA78F+2800735]
	GetHandleVerifier [0x009C456C+2775612]
	GetHandleVerifier [0x007B51E0+616112]
	(No symbol) [0x006C5F8C]
	(No symbol) [0x006C2328]
	(No symbol) [0x006C240B]
	(No symbol) [0x006B4FF7]
	BaseThreadInitThunk [0x75B25D49+25]
	RtlInitializeExceptionChain [0x76F7D1AB+107]
	RtlGetAppContainerNamedObjectPath [0x76F7D131+561]
</status>
</test>
<test id="s1-s1-t22" name="[22] สามารถกดออกจากระบบ Transporter ได้" line="309">
<kw name="Log Out" library="Logout_keywords">
<kw name="Click Menu List" library="menu_keywords">
<kw name="Click Element" library="SeleniumLibrary">
<arg>xpath=${Menu List}</arg>
<doc>Click the element identified by ``locator``.</doc>
<msg timestamp="20250805 15:17:24.946" level="INFO">Clicking element 'xpath=//form/div[1]/table/tbody/tr/td[1]/img'.</msg>
<msg timestamp="20250805 15:17:24.948" level="WARN">Keyword 'Capture Page Screenshot' could not be run on failure: Message: no such window: target window already closed
from unknown error: web view not found
  (Session info: chrome=114.0.5735.199)
Stacktrace:
Backtrace:
	GetHandleVerifier [0x0072A813+48355]
	(No symbol) [0x006BC4B1]
	(No symbol) [0x005C5358]
	(No symbol) [0x005AD293]
	(No symbol) [0x0060E37B]
	(No symbol) [0x0061C473]
	(No symbol) [0x0060A536]
	(No symbol) [0x005E82DC]
	(No symbol) [0x005E93DD]
	GetHandleVerifier [0x0098AABD+2539405]
	GetHandleVerifier [0x009CA78F+2800735]
	GetHandleVerifier [0x009C456C+2775612]
	GetHandleVerifier [0x007B51E0+616112]
	(No symbol) [0x006C5F8C]
	(No symbol) [0x006C2328]
	(No symbol) [0x006C240B]
	(No symbol) [0x006B4FF7]
	BaseThreadInitThunk [0x75B25D49+25]
	RtlInitializeExceptionChain [0x76F7D1AB+107]
	RtlGetAppContainerNamedObjectPath [0x76F7D131+561]
</msg>
<msg timestamp="20250805 15:17:24.948" level="FAIL">NoSuchWindowException: Message: no such window: target window already closed
from unknown error: web view not found
  (Session info: chrome=114.0.5735.199)
Stacktrace:
Backtrace:
	GetHandleVerifier [0x0072A813+48355]
	(No symbol) [0x006BC4B1]
	(No symbol) [0x005C5358]
	(No symbol) [0x005AD293]
	(No symbol) [0x0060E37B]
	(No symbol) [0x0061C473]
	(No symbol) [0x0060A536]
	(No symbol) [0x005E82DC]
	(No symbol) [0x005E93DD]
	GetHandleVerifier [0x0098AABD+2539405]
	GetHandleVerifier [0x009CA78F+2800735]
	GetHandleVerifier [0x009C456C+2775612]
	GetHandleVerifier [0x007B51E0+616112]
	(No symbol) [0x006C5F8C]
	(No symbol) [0x006C2328]
	(No symbol) [0x006C240B]
	(No symbol) [0x006B4FF7]
	BaseThreadInitThunk [0x75B25D49+25]
	RtlInitializeExceptionChain [0x76F7D1AB+107]
	RtlGetAppContainerNamedObjectPath [0x76F7D131+561]
</msg>
<status status="FAIL" starttime="20250805 15:17:24.946" endtime="20250805 15:17:24.948"/>
</kw>
<status status="FAIL" starttime="20250805 15:17:24.942" endtime="20250805 15:17:24.953"/>
</kw>
<kw name="Execute Javascript" library="SeleniumLibrary">
<arg>document.getElementById("iconheader:frmMenu:LogOut").click()</arg>
<doc>Executes the given JavaScript code with possible arguments.</doc>
<status status="NOT RUN" starttime="20250805 15:17:24.953" endtime="20250805 15:17:24.953"/>
</kw>
<kw name="Sleep" library="BuiltIn">
<arg>1 seconds</arg>
<doc>Pauses the test executed for the given time.</doc>
<status status="NOT RUN" starttime="20250805 15:17:24.953" endtime="20250805 15:17:24.953"/>
</kw>
<kw name="Wait Until Page Contains" library="SeleniumLibrary">
<arg>Login</arg>
<arg>10s</arg>
<doc>Waits until ``text`` appears on the current page.</doc>
<status status="NOT RUN" starttime="20250805 15:17:24.953" endtime="20250805 15:17:24.953"/>
</kw>
<status status="FAIL" starttime="20250805 15:17:24.942" endtime="20250805 15:17:24.953"/>
</kw>
<doc>สามารถกดออกจากระบบ Transporter ได้</doc>
<tag>Standard_Test</tag>
<status status="FAIL" starttime="20250805 15:17:24.938" endtime="20250805 15:17:24.953">NoSuchWindowException: Message: no such window: target window already closed
from unknown error: web view not found
  (Session info: chrome=114.0.5735.199)
Stacktrace:
Backtrace:
	GetHandleVerifier [0x0072A813+48355]
	(No symbol) [0x006BC4B1]
	(No symbol) [0x005C5358]
	(No symbol) [0x005AD293]
	(No symbol) [0x0060E37B]
	(No symbol) [0x0061C473]
	(No symbol) [0x0060A536]
	(No symbol) [0x005E82DC]
	(No symbol) [0x005E93DD]
	GetHandleVerifier [0x0098AABD+2539405]
	GetHandleVerifier [0x009CA78F+2800735]
	GetHandleVerifier [0x009C456C+2775612]
	GetHandleVerifier [0x007B51E0+616112]
	(No symbol) [0x006C5F8C]
	(No symbol) [0x006C2328]
	(No symbol) [0x006C240B]
	(No symbol) [0x006B4FF7]
	BaseThreadInitThunk [0x75B25D49+25]
	RtlInitializeExceptionChain [0x76F7D1AB+107]
	RtlGetAppContainerNamedObjectPath [0x76F7D131+561]
</status>
</test>
<test id="s1-s1-t23" name="[23] สามารถล็อคอินเข้าสู่ระบบ Transporter ได้" line="314">
<kw name="Transporter_Login" library="login_keywords">
<arg>${PAT BOQ Submitted USER}</arg>
<arg>${PAT BOQ Submitted PASS}</arg>
<kw name="Input Text" library="SeleniumLibrary">
<arg>id=loginForm:username</arg>
<arg>${username}</arg>
<doc>Types the given ``text`` into the text field identified by ``locator``.</doc>
<msg timestamp="20250805 15:17:24.953" level="INFO">Typing text 'tana_huawei' into text field 'id=loginForm:username'.</msg>
<msg timestamp="20250805 15:17:24.953" level="WARN">Keyword 'Capture Page Screenshot' could not be run on failure: Message: no such window: target window already closed
from unknown error: web view not found
  (Session info: chrome=114.0.5735.199)
Stacktrace:
Backtrace:
	GetHandleVerifier [0x0072A813+48355]
	(No symbol) [0x006BC4B1]
	(No symbol) [0x005C5358]
	(No symbol) [0x005AD293]
	(No symbol) [0x0060E37B]
	(No symbol) [0x0061C473]
	(No symbol) [0x0060A536]
	(No symbol) [0x005E82DC]
	(No symbol) [0x005E93DD]
	GetHandleVerifier [0x0098AABD+2539405]
	GetHandleVerifier [0x009CA78F+2800735]
	GetHandleVerifier [0x009C456C+2775612]
	GetHandleVerifier [0x007B51E0+616112]
	(No symbol) [0x006C5F8C]
	(No symbol) [0x006C2328]
	(No symbol) [0x006C240B]
	(No symbol) [0x006B4FF7]
	BaseThreadInitThunk [0x75B25D49+25]
	RtlInitializeExceptionChain [0x76F7D1AB+107]
	RtlGetAppContainerNamedObjectPath [0x76F7D131+561]
</msg>
<msg timestamp="20250805 15:17:24.953" level="FAIL">NoSuchWindowException: Message: no such window: target window already closed
from unknown error: web view not found
  (Session info: chrome=114.0.5735.199)
Stacktrace:
Backtrace:
	GetHandleVerifier [0x0072A813+48355]
	(No symbol) [0x006BC4B1]
	(No symbol) [0x005C5358]
	(No symbol) [0x005AD293]
	(No symbol) [0x0060E37B]
	(No symbol) [0x0061C473]
	(No symbol) [0x0060A536]
	(No symbol) [0x005E82DC]
	(No symbol) [0x005E93DD]
	GetHandleVerifier [0x0098AABD+2539405]
	GetHandleVerifier [0x009CA78F+2800735]
	GetHandleVerifier [0x009C456C+2775612]
	GetHandleVerifier [0x007B51E0+616112]
	(No symbol) [0x006C5F8C]
	(No symbol) [0x006C2328]
	(No symbol) [0x006C240B]
	(No symbol) [0x006B4FF7]
	BaseThreadInitThunk [0x75B25D49+25]
	RtlInitializeExceptionChain [0x76F7D1AB+107]
	RtlGetAppContainerNamedObjectPath [0x76F7D131+561]
</msg>
<status status="FAIL" starttime="20250805 15:17:24.953" endtime="20250805 15:17:24.970"/>
</kw>
<kw name="Input Text" library="SeleniumLibrary">
<arg>id=loginForm:password</arg>
<arg>${password}</arg>
<doc>Types the given ``text`` into the text field identified by ``locator``.</doc>
<status status="NOT RUN" starttime="20250805 15:17:24.970" endtime="20250805 15:17:24.970"/>
</kw>
<kw name="Click Button" library="SeleniumLibrary">
<arg>xpath=${LOGIN BUTTON}</arg>
<doc>Clicks the button identified by ``locator``.</doc>
<status status="NOT RUN" starttime="20250805 15:17:24.970" endtime="20250805 15:17:24.970"/>
</kw>
<status status="FAIL" starttime="20250805 15:17:24.953" endtime="20250805 15:17:24.972"/>
</kw>
<kw name="Welcome Page Should Be Open" library="login_keywords">
<arg>${LOGIN TITLE}</arg>
<status status="NOT RUN" starttime="20250805 15:17:24.972" endtime="20250805 15:17:24.972"/>
</kw>
<kw name="Sleep" library="BuiltIn">
<arg>1 seconds</arg>
<doc>Pauses the test executed for the given time.</doc>
<status status="NOT RUN" starttime="20250805 15:17:24.972" endtime="20250805 15:17:24.972"/>
</kw>
<doc>สามารถล็อคอินเข้าสู่ระบบ Transporter ได้</doc>
<tag>Standard_Test</tag>
<status status="FAIL" starttime="20250805 15:17:24.953" endtime="20250805 15:17:24.974">NoSuchWindowException: Message: no such window: target window already closed
from unknown error: web view not found
  (Session info: chrome=114.0.5735.199)
Stacktrace:
Backtrace:
	GetHandleVerifier [0x0072A813+48355]
	(No symbol) [0x006BC4B1]
	(No symbol) [0x005C5358]
	(No symbol) [0x005AD293]
	(No symbol) [0x0060E37B]
	(No symbol) [0x0061C473]
	(No symbol) [0x0060A536]
	(No symbol) [0x005E82DC]
	(No symbol) [0x005E93DD]
	GetHandleVerifier [0x0098AABD+2539405]
	GetHandleVerifier [0x009CA78F+2800735]
	GetHandleVerifier [0x009C456C+2775612]
	GetHandleVerifier [0x007B51E0+616112]
	(No symbol) [0x006C5F8C]
	(No symbol) [0x006C2328]
	(No symbol) [0x006C240B]
	(No symbol) [0x006B4FF7]
	BaseThreadInitThunk [0x75B25D49+25]
	RtlInitializeExceptionChain [0x76F7D1AB+107]
	RtlGetAppContainerNamedObjectPath [0x76F7D131+561]
</status>
</test>
<test id="s1-s1-t24" name="[24] สามารถทำรายการ PAT BOQ Submitted Step ได้" line="321">
<kw name="Click Menu List" library="menu_keywords">
<kw name="Click Element" library="SeleniumLibrary">
<arg>xpath=${Menu List}</arg>
<doc>Click the element identified by ``locator``.</doc>
<msg timestamp="20250805 15:17:24.977" level="INFO">Clicking element 'xpath=//form/div[1]/table/tbody/tr/td[1]/img'.</msg>
<msg timestamp="20250805 15:17:24.979" level="WARN">Keyword 'Capture Page Screenshot' could not be run on failure: Message: no such window: target window already closed
from unknown error: web view not found
  (Session info: chrome=114.0.5735.199)
Stacktrace:
Backtrace:
	GetHandleVerifier [0x0072A813+48355]
	(No symbol) [0x006BC4B1]
	(No symbol) [0x005C5358]
	(No symbol) [0x005AD293]
	(No symbol) [0x0060E37B]
	(No symbol) [0x0061C473]
	(No symbol) [0x0060A536]
	(No symbol) [0x005E82DC]
	(No symbol) [0x005E93DD]
	GetHandleVerifier [0x0098AABD+2539405]
	GetHandleVerifier [0x009CA78F+2800735]
	GetHandleVerifier [0x009C456C+2775612]
	GetHandleVerifier [0x007B51E0+616112]
	(No symbol) [0x006C5F8C]
	(No symbol) [0x006C2328]
	(No symbol) [0x006C240B]
	(No symbol) [0x006B4FF7]
	BaseThreadInitThunk [0x75B25D49+25]
	RtlInitializeExceptionChain [0x76F7D1AB+107]
	RtlGetAppContainerNamedObjectPath [0x76F7D131+561]
</msg>
<msg timestamp="20250805 15:17:24.979" level="FAIL">NoSuchWindowException: Message: no such window: target window already closed
from unknown error: web view not found
  (Session info: chrome=114.0.5735.199)
Stacktrace:
Backtrace:
	GetHandleVerifier [0x0072A813+48355]
	(No symbol) [0x006BC4B1]
	(No symbol) [0x005C5358]
	(No symbol) [0x005AD293]
	(No symbol) [0x0060E37B]
	(No symbol) [0x0061C473]
	(No symbol) [0x0060A536]
	(No symbol) [0x005E82DC]
	(No symbol) [0x005E93DD]
	GetHandleVerifier [0x0098AABD+2539405]
	GetHandleVerifier [0x009CA78F+2800735]
	GetHandleVerifier [0x009C456C+2775612]
	GetHandleVerifier [0x007B51E0+616112]
	(No symbol) [0x006C5F8C]
	(No symbol) [0x006C2328]
	(No symbol) [0x006C240B]
	(No symbol) [0x006B4FF7]
	BaseThreadInitThunk [0x75B25D49+25]
	RtlInitializeExceptionChain [0x76F7D1AB+107]
	RtlGetAppContainerNamedObjectPath [0x76F7D131+561]
</msg>
<status status="FAIL" starttime="20250805 15:17:24.977" endtime="20250805 15:17:24.979"/>
</kw>
<status status="FAIL" starttime="20250805 15:17:24.977" endtime="20250805 15:17:24.985"/>
</kw>
<kw name="Select Menu" library="menu_keywords">
<arg>${Todo list Menu ID}</arg>
<status status="NOT RUN" starttime="20250805 15:17:24.985" endtime="20250805 15:17:24.985"/>
</kw>
<kw name="To Do List Serach SSR ID" library="menu_to_do_list_keywords">
<arg>${SSR ID PAT BOQ Submitted}</arg>
<status status="NOT RUN" starttime="20250805 15:17:24.985" endtime="20250805 15:17:24.985"/>
</kw>
<kw name="To Do Click Serach SSR ID" library="menu_to_do_list_keywords">
<status status="NOT RUN" starttime="20250805 15:17:24.985" endtime="20250805 15:17:24.985"/>
</kw>
<kw name="Selected SSR ID" library="menu_to_do_list_keywords">
<status status="NOT RUN" starttime="20250805 15:17:24.985" endtime="20250805 15:17:24.985"/>
</kw>
<kw name="Page Should Contains" library="result_massage_keywords">
<arg>${SSR &gt; BOQ &amp; Document}</arg>
<status status="NOT RUN" starttime="20250805 15:17:24.985" endtime="20250805 15:17:24.985"/>
</kw>
<kw name="PAT BOQ Submitted Sub Project" library="PAT_BOQ_Submitted_keywords">
<arg>${Test Interface Send/Approve/Cancel PR PF}</arg>
<status status="NOT RUN" starttime="20250805 15:17:24.985" endtime="20250805 15:17:24.985"/>
</kw>
<kw name="PAT BOQ Submitted Sub Project Click Serach" library="PAT_BOQ_Submitted_keywords">
<status status="NOT RUN" starttime="20250805 15:17:24.985" endtime="20250805 15:17:24.985"/>
</kw>
<kw name="PAT BOQ Submitted Standard Price" library="PAT_BOQ_Submitted_keywords">
<arg>${Standard Price 1}</arg>
<arg>${Standard Price 2}</arg>
<status status="NOT RUN" starttime="20250805 15:17:24.985" endtime="20250805 15:17:24.985"/>
</kw>
<kw name="PAT BOQ Submitted Confirm Standard Price" library="PAT_BOQ_Submitted_keywords">
<status status="NOT RUN" starttime="20250805 15:17:24.985" endtime="20250805 15:17:24.985"/>
</kw>
<kw name="PAT BOQ Submitted Input Vendor QTY" library="PAT_BOQ_Submitted_keywords">
<arg>1</arg>
<arg>1</arg>
<status status="NOT RUN" starttime="20250805 15:17:24.985" endtime="20250805 15:17:24.985"/>
</kw>
<kw name="PAT BOQ Submitted Average Article Group" library="PAT_BOQ_Submitted_keywords">
<arg>${FACILITY Power AC}</arg>
<status status="NOT RUN" starttime="20250805 15:17:24.985" endtime="20250805 15:17:24.985"/>
</kw>
<kw name="PAT BOQ Submitted Average Calculate" library="PAT_BOQ_Submitted_keywords">
<status status="NOT RUN" starttime="20250805 15:17:24.985" endtime="20250805 15:17:24.985"/>
</kw>
<kw name="Get Column Values By Name" library="Excel_Template">
<var>${PAT_BOQ_Submitted_Upload_file List}</var>
<arg>PAT_BOQ_Submitted_Upload_file</arg>
<status status="NOT RUN" starttime="20250805 15:17:24.985" endtime="20250805 15:17:24.985"/>
</kw>
<kw name="Catenate" library="BuiltIn">
<var>${PAT_BOQ_Submitted_Upload_file path}</var>
<arg>SEPARATOR=</arg>
<arg>C:\\Users\\arnoj885\\Robot Framework\\Obsolate Transporter\\tests\\TYPE_Non-Turnkey\\FBB OSP for TPT III/../../../data file/</arg>
<arg>${PAT_BOQ_Submitted_Upload_file List[0]}</arg>
<doc>Catenates the given items together and returns the resulted string.</doc>
<status status="NOT RUN" starttime="20250805 15:17:24.985" endtime="20250805 15:17:24.985"/>
</kw>
<kw name="Set Test Variable" library="BuiltIn">
<arg>${PAT_BOQ_Submitted_Upload_file path}</arg>
<doc>Makes a variable available everywhere within the scope of the current test.</doc>
<status status="NOT RUN" starttime="20250805 15:17:24.985" endtime="20250805 15:17:24.985"/>
</kw>
<kw name="Normalize Path" library="OperatingSystem">
<var>${PAT_BOQ_Submitted_Upload_file path}</var>
<arg>${PAT_BOQ_Submitted_Upload_file path}</arg>
<doc>Normalizes the given path.</doc>
<status status="NOT RUN" starttime="20250805 15:17:24.985" endtime="20250805 15:17:24.985"/>
</kw>
<kw name="Log" library="BuiltIn">
<arg>${PAT_BOQ_Submitted_Upload_file path}</arg>
<doc>Logs the given message with the given level.</doc>
<status status="NOT RUN" starttime="20250805 15:17:24.985" endtime="20250805 15:17:24.985"/>
</kw>
<kw name="PAT BOQ Submitted Add Picture" library="PAT_BOQ_Submitted_keywords">
<arg>${PAT_BOQ_Submitted_Upload_file path}</arg>
<status status="NOT RUN" starttime="20250805 15:17:24.985" endtime="20250805 15:17:24.985"/>
</kw>
<kw name="PAT BOQ Submitted Save" library="PAT_BOQ_Submitted_keywords">
<status status="NOT RUN" starttime="20250805 15:17:24.985" endtime="20250805 15:17:24.985"/>
</kw>
<kw name="Result Massage Data recorded" library="result_massage_keywords">
<var>${SSR ID PAT BOQ Verify}</var>
<arg>${PAT/BOQ Submitted Result Massage}</arg>
<status status="NOT RUN" starttime="20250805 15:17:24.985" endtime="20250805 15:17:24.985"/>
</kw>
<kw name="Set Global Variable" library="BuiltIn">
<arg>${SSR ID PAT BOQ Verify}</arg>
<doc>Makes a variable available globally in all tests and suites.</doc>
<status status="NOT RUN" starttime="20250805 15:17:24.985" endtime="20250805 15:17:24.985"/>
</kw>
<kw name="Log" library="BuiltIn">
<arg>PAT BOQ Submitted เลขที่ดึงออกมา: ${SSR ID PAT BOQ Verify}</arg>
<doc>Logs the given message with the given level.</doc>
<status status="NOT RUN" starttime="20250805 15:17:24.985" endtime="20250805 15:17:24.985"/>
</kw>
<kw name="Sleep" library="BuiltIn">
<arg>1 seconds</arg>
<doc>Pauses the test executed for the given time.</doc>
<status status="NOT RUN" starttime="20250805 15:17:24.985" endtime="20250805 15:17:24.985"/>
</kw>
<kw name="Write Value To Excel Status" library="Excel_Template">
<arg>TC_008 PAT BOQ Submitted</arg>
<status status="NOT RUN" starttime="20250805 15:17:24.985" endtime="20250805 15:17:24.985"/>
</kw>
<doc>สามารถทำรายการ PAT BOQ Submitted Step ได้จนจบขั้นตอน</doc>
<tag>Standard_Test</tag>
<status status="FAIL" starttime="20250805 15:17:24.975" endtime="20250805 15:17:24.985">NoSuchWindowException: Message: no such window: target window already closed
from unknown error: web view not found
  (Session info: chrome=114.0.5735.199)
Stacktrace:
Backtrace:
	GetHandleVerifier [0x0072A813+48355]
	(No symbol) [0x006BC4B1]
	(No symbol) [0x005C5358]
	(No symbol) [0x005AD293]
	(No symbol) [0x0060E37B]
	(No symbol) [0x0061C473]
	(No symbol) [0x0060A536]
	(No symbol) [0x005E82DC]
	(No symbol) [0x005E93DD]
	GetHandleVerifier [0x0098AABD+2539405]
	GetHandleVerifier [0x009CA78F+2800735]
	GetHandleVerifier [0x009C456C+2775612]
	GetHandleVerifier [0x007B51E0+616112]
	(No symbol) [0x006C5F8C]
	(No symbol) [0x006C2328]
	(No symbol) [0x006C240B]
	(No symbol) [0x006B4FF7]
	BaseThreadInitThunk [0x75B25D49+25]
	RtlInitializeExceptionChain [0x76F7D1AB+107]
	RtlGetAppContainerNamedObjectPath [0x76F7D131+561]
</status>
</test>
<test id="s1-s1-t25" name="[25] สามารถกดออกจากระบบ Transporter ได้" line="354">
<kw name="Log Out" library="Logout_keywords">
<kw name="Click Menu List" library="menu_keywords">
<kw name="Click Element" library="SeleniumLibrary">
<arg>xpath=${Menu List}</arg>
<doc>Click the element identified by ``locator``.</doc>
<msg timestamp="20250805 15:17:25.004" level="INFO">Clicking element 'xpath=//form/div[1]/table/tbody/tr/td[1]/img'.</msg>
<msg timestamp="20250805 15:17:25.004" level="WARN">Keyword 'Capture Page Screenshot' could not be run on failure: Message: no such window: target window already closed
from unknown error: web view not found
  (Session info: chrome=114.0.5735.199)
Stacktrace:
Backtrace:
	GetHandleVerifier [0x0072A813+48355]
	(No symbol) [0x006BC4B1]
	(No symbol) [0x005C5358]
	(No symbol) [0x005AD293]
	(No symbol) [0x0060E37B]
	(No symbol) [0x0061C473]
	(No symbol) [0x0060A536]
	(No symbol) [0x005E82DC]
	(No symbol) [0x005E93DD]
	GetHandleVerifier [0x0098AABD+2539405]
	GetHandleVerifier [0x009CA78F+2800735]
	GetHandleVerifier [0x009C456C+2775612]
	GetHandleVerifier [0x007B51E0+616112]
	(No symbol) [0x006C5F8C]
	(No symbol) [0x006C2328]
	(No symbol) [0x006C240B]
	(No symbol) [0x006B4FF7]
	BaseThreadInitThunk [0x75B25D49+25]
	RtlInitializeExceptionChain [0x76F7D1AB+107]
	RtlGetAppContainerNamedObjectPath [0x76F7D131+561]
</msg>
<msg timestamp="20250805 15:17:25.004" level="FAIL">NoSuchWindowException: Message: no such window: target window already closed
from unknown error: web view not found
  (Session info: chrome=114.0.5735.199)
Stacktrace:
Backtrace:
	GetHandleVerifier [0x0072A813+48355]
	(No symbol) [0x006BC4B1]
	(No symbol) [0x005C5358]
	(No symbol) [0x005AD293]
	(No symbol) [0x0060E37B]
	(No symbol) [0x0061C473]
	(No symbol) [0x0060A536]
	(No symbol) [0x005E82DC]
	(No symbol) [0x005E93DD]
	GetHandleVerifier [0x0098AABD+2539405]
	GetHandleVerifier [0x009CA78F+2800735]
	GetHandleVerifier [0x009C456C+2775612]
	GetHandleVerifier [0x007B51E0+616112]
	(No symbol) [0x006C5F8C]
	(No symbol) [0x006C2328]
	(No symbol) [0x006C240B]
	(No symbol) [0x006B4FF7]
	BaseThreadInitThunk [0x75B25D49+25]
	RtlInitializeExceptionChain [0x76F7D1AB+107]
	RtlGetAppContainerNamedObjectPath [0x76F7D131+561]
</msg>
<status status="FAIL" starttime="20250805 15:17:25.004" endtime="20250805 15:17:25.004"/>
</kw>
<status status="FAIL" starttime="20250805 15:17:25.004" endtime="20250805 15:17:25.004"/>
</kw>
<kw name="Execute Javascript" library="SeleniumLibrary">
<arg>document.getElementById("iconheader:frmMenu:LogOut").click()</arg>
<doc>Executes the given JavaScript code with possible arguments.</doc>
<status status="NOT RUN" starttime="20250805 15:17:25.004" endtime="20250805 15:17:25.004"/>
</kw>
<kw name="Sleep" library="BuiltIn">
<arg>1 seconds</arg>
<doc>Pauses the test executed for the given time.</doc>
<status status="NOT RUN" starttime="20250805 15:17:25.004" endtime="20250805 15:17:25.004"/>
</kw>
<kw name="Wait Until Page Contains" library="SeleniumLibrary">
<arg>Login</arg>
<arg>10s</arg>
<doc>Waits until ``text`` appears on the current page.</doc>
<status status="NOT RUN" starttime="20250805 15:17:25.004" endtime="20250805 15:17:25.004"/>
</kw>
<status status="FAIL" starttime="20250805 15:17:25.004" endtime="20250805 15:17:25.004"/>
</kw>
<doc>สามารถกดออกจากระบบ Transporter ได้</doc>
<tag>Standard_Test</tag>
<status status="FAIL" starttime="20250805 15:17:25.001" endtime="20250805 15:17:25.004">NoSuchWindowException: Message: no such window: target window already closed
from unknown error: web view not found
  (Session info: chrome=114.0.5735.199)
Stacktrace:
Backtrace:
	GetHandleVerifier [0x0072A813+48355]
	(No symbol) [0x006BC4B1]
	(No symbol) [0x005C5358]
	(No symbol) [0x005AD293]
	(No symbol) [0x0060E37B]
	(No symbol) [0x0061C473]
	(No symbol) [0x0060A536]
	(No symbol) [0x005E82DC]
	(No symbol) [0x005E93DD]
	GetHandleVerifier [0x0098AABD+2539405]
	GetHandleVerifier [0x009CA78F+2800735]
	GetHandleVerifier [0x009C456C+2775612]
	GetHandleVerifier [0x007B51E0+616112]
	(No symbol) [0x006C5F8C]
	(No symbol) [0x006C2328]
	(No symbol) [0x006C240B]
	(No symbol) [0x006B4FF7]
	BaseThreadInitThunk [0x75B25D49+25]
	RtlInitializeExceptionChain [0x76F7D1AB+107]
	RtlGetAppContainerNamedObjectPath [0x76F7D131+561]
</status>
</test>
<test id="s1-s1-t26" name="[26] สามารถล็อคอินเข้าสู่ระบบ Transporter ได้" line="359">
<kw name="Transporter_Login" library="login_keywords">
<arg>${PAT BOQ Verify USER}</arg>
<arg>${PAT BOQ Verify PASS}</arg>
<kw name="Input Text" library="SeleniumLibrary">
<arg>id=loginForm:username</arg>
<arg>${username}</arg>
<doc>Types the given ``text`` into the text field identified by ``locator``.</doc>
<msg timestamp="20250805 15:17:25.020" level="INFO">Typing text 'chaipats' into text field 'id=loginForm:username'.</msg>
<msg timestamp="20250805 15:17:25.020" level="WARN">Keyword 'Capture Page Screenshot' could not be run on failure: Message: no such window: target window already closed
from unknown error: web view not found
  (Session info: chrome=114.0.5735.199)
Stacktrace:
Backtrace:
	GetHandleVerifier [0x0072A813+48355]
	(No symbol) [0x006BC4B1]
	(No symbol) [0x005C5358]
	(No symbol) [0x005AD293]
	(No symbol) [0x0060E37B]
	(No symbol) [0x0061C473]
	(No symbol) [0x0060A536]
	(No symbol) [0x005E82DC]
	(No symbol) [0x005E93DD]
	GetHandleVerifier [0x0098AABD+2539405]
	GetHandleVerifier [0x009CA78F+2800735]
	GetHandleVerifier [0x009C456C+2775612]
	GetHandleVerifier [0x007B51E0+616112]
	(No symbol) [0x006C5F8C]
	(No symbol) [0x006C2328]
	(No symbol) [0x006C240B]
	(No symbol) [0x006B4FF7]
	BaseThreadInitThunk [0x75B25D49+25]
	RtlInitializeExceptionChain [0x76F7D1AB+107]
	RtlGetAppContainerNamedObjectPath [0x76F7D131+561]
</msg>
<msg timestamp="20250805 15:17:25.020" level="FAIL">NoSuchWindowException: Message: no such window: target window already closed
from unknown error: web view not found
  (Session info: chrome=114.0.5735.199)
Stacktrace:
Backtrace:
	GetHandleVerifier [0x0072A813+48355]
	(No symbol) [0x006BC4B1]
	(No symbol) [0x005C5358]
	(No symbol) [0x005AD293]
	(No symbol) [0x0060E37B]
	(No symbol) [0x0061C473]
	(No symbol) [0x0060A536]
	(No symbol) [0x005E82DC]
	(No symbol) [0x005E93DD]
	GetHandleVerifier [0x0098AABD+2539405]
	GetHandleVerifier [0x009CA78F+2800735]
	GetHandleVerifier [0x009C456C+2775612]
	GetHandleVerifier [0x007B51E0+616112]
	(No symbol) [0x006C5F8C]
	(No symbol) [0x006C2328]
	(No symbol) [0x006C240B]
	(No symbol) [0x006B4FF7]
	BaseThreadInitThunk [0x75B25D49+25]
	RtlInitializeExceptionChain [0x76F7D1AB+107]
	RtlGetAppContainerNamedObjectPath [0x76F7D131+561]
</msg>
<status status="FAIL" starttime="20250805 15:17:25.018" endtime="20250805 15:17:25.020"/>
</kw>
<kw name="Input Text" library="SeleniumLibrary">
<arg>id=loginForm:password</arg>
<arg>${password}</arg>
<doc>Types the given ``text`` into the text field identified by ``locator``.</doc>
<status status="NOT RUN" starttime="20250805 15:17:25.020" endtime="20250805 15:17:25.020"/>
</kw>
<kw name="Click Button" library="SeleniumLibrary">
<arg>xpath=${LOGIN BUTTON}</arg>
<doc>Clicks the button identified by ``locator``.</doc>
<status status="NOT RUN" starttime="20250805 15:17:25.020" endtime="20250805 15:17:25.020"/>
</kw>
<status status="FAIL" starttime="20250805 15:17:25.018" endtime="20250805 15:17:25.020"/>
</kw>
<kw name="Welcome Page Should Be Open" library="login_keywords">
<arg>${LOGIN TITLE}</arg>
<status status="NOT RUN" starttime="20250805 15:17:25.020" endtime="20250805 15:17:25.020"/>
</kw>
<kw name="Sleep" library="BuiltIn">
<arg>1 seconds</arg>
<doc>Pauses the test executed for the given time.</doc>
<status status="NOT RUN" starttime="20250805 15:17:25.020" endtime="20250805 15:17:25.020"/>
</kw>
<doc>สามารถล็อคอินเข้าสู่ระบบ Transporter ได้</doc>
<tag>Standard_Test</tag>
<status status="FAIL" starttime="20250805 15:17:25.016" endtime="20250805 15:17:25.020">NoSuchWindowException: Message: no such window: target window already closed
from unknown error: web view not found
  (Session info: chrome=114.0.5735.199)
Stacktrace:
Backtrace:
	GetHandleVerifier [0x0072A813+48355]
	(No symbol) [0x006BC4B1]
	(No symbol) [0x005C5358]
	(No symbol) [0x005AD293]
	(No symbol) [0x0060E37B]
	(No symbol) [0x0061C473]
	(No symbol) [0x0060A536]
	(No symbol) [0x005E82DC]
	(No symbol) [0x005E93DD]
	GetHandleVerifier [0x0098AABD+2539405]
	GetHandleVerifier [0x009CA78F+2800735]
	GetHandleVerifier [0x009C456C+2775612]
	GetHandleVerifier [0x007B51E0+616112]
	(No symbol) [0x006C5F8C]
	(No symbol) [0x006C2328]
	(No symbol) [0x006C240B]
	(No symbol) [0x006B4FF7]
	BaseThreadInitThunk [0x75B25D49+25]
	RtlInitializeExceptionChain [0x76F7D1AB+107]
	RtlGetAppContainerNamedObjectPath [0x76F7D131+561]
</status>
</test>
<test id="s1-s1-t27" name="[27] สามารถทำรายการ PAT BOQ Verify Step ได้" line="366">
<kw name="Click Menu List" library="menu_keywords">
<kw name="Click Element" library="SeleniumLibrary">
<arg>xpath=${Menu List}</arg>
<doc>Click the element identified by ``locator``.</doc>
<msg timestamp="20250805 15:17:25.032" level="INFO">Clicking element 'xpath=//form/div[1]/table/tbody/tr/td[1]/img'.</msg>
<msg timestamp="20250805 15:17:25.032" level="WARN">Keyword 'Capture Page Screenshot' could not be run on failure: Message: no such window: target window already closed
from unknown error: web view not found
  (Session info: chrome=114.0.5735.199)
Stacktrace:
Backtrace:
	GetHandleVerifier [0x0072A813+48355]
	(No symbol) [0x006BC4B1]
	(No symbol) [0x005C5358]
	(No symbol) [0x005AD293]
	(No symbol) [0x0060E37B]
	(No symbol) [0x0061C473]
	(No symbol) [0x0060A536]
	(No symbol) [0x005E82DC]
	(No symbol) [0x005E93DD]
	GetHandleVerifier [0x0098AABD+2539405]
	GetHandleVerifier [0x009CA78F+2800735]
	GetHandleVerifier [0x009C456C+2775612]
	GetHandleVerifier [0x007B51E0+616112]
	(No symbol) [0x006C5F8C]
	(No symbol) [0x006C2328]
	(No symbol) [0x006C240B]
	(No symbol) [0x006B4FF7]
	BaseThreadInitThunk [0x75B25D49+25]
	RtlInitializeExceptionChain [0x76F7D1AB+107]
	RtlGetAppContainerNamedObjectPath [0x76F7D131+561]
</msg>
<msg timestamp="20250805 15:17:25.032" level="FAIL">NoSuchWindowException: Message: no such window: target window already closed
from unknown error: web view not found
  (Session info: chrome=114.0.5735.199)
Stacktrace:
Backtrace:
	GetHandleVerifier [0x0072A813+48355]
	(No symbol) [0x006BC4B1]
	(No symbol) [0x005C5358]
	(No symbol) [0x005AD293]
	(No symbol) [0x0060E37B]
	(No symbol) [0x0061C473]
	(No symbol) [0x0060A536]
	(No symbol) [0x005E82DC]
	(No symbol) [0x005E93DD]
	GetHandleVerifier [0x0098AABD+2539405]
	GetHandleVerifier [0x009CA78F+2800735]
	GetHandleVerifier [0x009C456C+2775612]
	GetHandleVerifier [0x007B51E0+616112]
	(No symbol) [0x006C5F8C]
	(No symbol) [0x006C2328]
	(No symbol) [0x006C240B]
	(No symbol) [0x006B4FF7]
	BaseThreadInitThunk [0x75B25D49+25]
	RtlInitializeExceptionChain [0x76F7D1AB+107]
	RtlGetAppContainerNamedObjectPath [0x76F7D131+561]
</msg>
<status status="FAIL" starttime="20250805 15:17:25.032" endtime="20250805 15:17:25.032"/>
</kw>
<status status="FAIL" starttime="20250805 15:17:25.032" endtime="20250805 15:17:25.032"/>
</kw>
<kw name="Select Menu" library="menu_keywords">
<arg>${Todo list Menu ID}</arg>
<status status="NOT RUN" starttime="20250805 15:17:25.032" endtime="20250805 15:17:25.032"/>
</kw>
<kw name="To Do List Serach SSR ID" library="menu_to_do_list_keywords">
<arg>${SSR ID PAT BOQ Verify}</arg>
<status status="NOT RUN" starttime="20250805 15:17:25.032" endtime="20250805 15:17:25.032"/>
</kw>
<kw name="To Do Click Serach SSR ID" library="menu_to_do_list_keywords">
<status status="NOT RUN" starttime="20250805 15:17:25.032" endtime="20250805 15:17:25.032"/>
</kw>
<kw name="Selected SSR ID" library="menu_to_do_list_keywords">
<status status="NOT RUN" starttime="20250805 15:17:25.032" endtime="20250805 15:17:25.032"/>
</kw>
<kw name="Page Should Contains" library="result_massage_keywords">
<arg>${SSR &gt; BOQ Verified}</arg>
<status status="NOT RUN" starttime="20250805 15:17:25.032" endtime="20250805 15:17:25.032"/>
</kw>
<kw name="PAT/BOQ Verify Pass And Fail" library="PAT_BOQ_Verify_keywords">
<arg>${Verify Pass Case}</arg>
<status status="NOT RUN" starttime="20250805 15:17:25.032" endtime="20250805 15:17:25.032"/>
</kw>
<kw name="PAT/BOQ Verify Save Case" library="PAT_BOQ_Verify_keywords">
<status status="NOT RUN" starttime="20250805 15:17:25.032" endtime="20250805 15:17:25.032"/>
</kw>
<kw name="Result Massage Data recorded" library="result_massage_keywords">
<var>${SSR ID PAT BOQ Approved}</var>
<arg>${PAT/BOQ Verify Result Massage}</arg>
<status status="NOT RUN" starttime="20250805 15:17:25.032" endtime="20250805 15:17:25.032"/>
</kw>
<kw name="Set Global Variable" library="BuiltIn">
<arg>${SSR ID PAT BOQ Approved}</arg>
<doc>Makes a variable available globally in all tests and suites.</doc>
<status status="NOT RUN" starttime="20250805 15:17:25.032" endtime="20250805 15:17:25.032"/>
</kw>
<kw name="Log" library="BuiltIn">
<arg>PAT BOQ Verify เลขที่ดึงออกมา: ${SSR ID PAT BOQ Approved}</arg>
<doc>Logs the given message with the given level.</doc>
<status status="NOT RUN" starttime="20250805 15:17:25.032" endtime="20250805 15:17:25.032"/>
</kw>
<kw name="Sleep" library="BuiltIn">
<arg>1 seconds</arg>
<doc>Pauses the test executed for the given time.</doc>
<status status="NOT RUN" starttime="20250805 15:17:25.032" endtime="20250805 15:17:25.032"/>
</kw>
<kw name="Write Value To Excel Status" library="Excel_Template">
<arg>TC_009 PAT BOQ Verify</arg>
<status status="NOT RUN" starttime="20250805 15:17:25.048" endtime="20250805 15:17:25.048"/>
</kw>
<doc>สามารถทำรายการ PAT BOQ Verify Step ได้จนจบขั้นตอน</doc>
<tag>Standard_Test</tag>
<status status="FAIL" starttime="20250805 15:17:25.020" endtime="20250805 15:17:25.048">NoSuchWindowException: Message: no such window: target window already closed
from unknown error: web view not found
  (Session info: chrome=114.0.5735.199)
Stacktrace:
Backtrace:
	GetHandleVerifier [0x0072A813+48355]
	(No symbol) [0x006BC4B1]
	(No symbol) [0x005C5358]
	(No symbol) [0x005AD293]
	(No symbol) [0x0060E37B]
	(No symbol) [0x0061C473]
	(No symbol) [0x0060A536]
	(No symbol) [0x005E82DC]
	(No symbol) [0x005E93DD]
	GetHandleVerifier [0x0098AABD+2539405]
	GetHandleVerifier [0x009CA78F+2800735]
	GetHandleVerifier [0x009C456C+2775612]
	GetHandleVerifier [0x007B51E0+616112]
	(No symbol) [0x006C5F8C]
	(No symbol) [0x006C2328]
	(No symbol) [0x006C240B]
	(No symbol) [0x006B4FF7]
	BaseThreadInitThunk [0x75B25D49+25]
	RtlInitializeExceptionChain [0x76F7D1AB+107]
	RtlGetAppContainerNamedObjectPath [0x76F7D131+561]
</status>
</test>
<test id="s1-s1-t28" name="[28] สามารถกดออกจากระบบ Transporter ได้" line="384">
<kw name="Log Out" library="Logout_keywords">
<kw name="Click Menu List" library="menu_keywords">
<kw name="Click Element" library="SeleniumLibrary">
<arg>xpath=${Menu List}</arg>
<doc>Click the element identified by ``locator``.</doc>
<msg timestamp="20250805 15:17:25.048" level="INFO">Clicking element 'xpath=//form/div[1]/table/tbody/tr/td[1]/img'.</msg>
<msg timestamp="20250805 15:17:25.048" level="WARN">Keyword 'Capture Page Screenshot' could not be run on failure: Message: no such window: target window already closed
from unknown error: web view not found
  (Session info: chrome=114.0.5735.199)
Stacktrace:
Backtrace:
	GetHandleVerifier [0x0072A813+48355]
	(No symbol) [0x006BC4B1]
	(No symbol) [0x005C5358]
	(No symbol) [0x005AD293]
	(No symbol) [0x0060E37B]
	(No symbol) [0x0061C473]
	(No symbol) [0x0060A536]
	(No symbol) [0x005E82DC]
	(No symbol) [0x005E93DD]
	GetHandleVerifier [0x0098AABD+2539405]
	GetHandleVerifier [0x009CA78F+2800735]
	GetHandleVerifier [0x009C456C+2775612]
	GetHandleVerifier [0x007B51E0+616112]
	(No symbol) [0x006C5F8C]
	(No symbol) [0x006C2328]
	(No symbol) [0x006C240B]
	(No symbol) [0x006B4FF7]
	BaseThreadInitThunk [0x75B25D49+25]
	RtlInitializeExceptionChain [0x76F7D1AB+107]
	RtlGetAppContainerNamedObjectPath [0x76F7D131+561]
</msg>
<msg timestamp="20250805 15:17:25.048" level="FAIL">NoSuchWindowException: Message: no such window: target window already closed
from unknown error: web view not found
  (Session info: chrome=114.0.5735.199)
Stacktrace:
Backtrace:
	GetHandleVerifier [0x0072A813+48355]
	(No symbol) [0x006BC4B1]
	(No symbol) [0x005C5358]
	(No symbol) [0x005AD293]
	(No symbol) [0x0060E37B]
	(No symbol) [0x0061C473]
	(No symbol) [0x0060A536]
	(No symbol) [0x005E82DC]
	(No symbol) [0x005E93DD]
	GetHandleVerifier [0x0098AABD+2539405]
	GetHandleVerifier [0x009CA78F+2800735]
	GetHandleVerifier [0x009C456C+2775612]
	GetHandleVerifier [0x007B51E0+616112]
	(No symbol) [0x006C5F8C]
	(No symbol) [0x006C2328]
	(No symbol) [0x006C240B]
	(No symbol) [0x006B4FF7]
	BaseThreadInitThunk [0x75B25D49+25]
	RtlInitializeExceptionChain [0x76F7D1AB+107]
	RtlGetAppContainerNamedObjectPath [0x76F7D131+561]
</msg>
<status status="FAIL" starttime="20250805 15:17:25.048" endtime="20250805 15:17:25.048"/>
</kw>
<status status="FAIL" starttime="20250805 15:17:25.048" endtime="20250805 15:17:25.048"/>
</kw>
<kw name="Execute Javascript" library="SeleniumLibrary">
<arg>document.getElementById("iconheader:frmMenu:LogOut").click()</arg>
<doc>Executes the given JavaScript code with possible arguments.</doc>
<status status="NOT RUN" starttime="20250805 15:17:25.048" endtime="20250805 15:17:25.048"/>
</kw>
<kw name="Sleep" library="BuiltIn">
<arg>1 seconds</arg>
<doc>Pauses the test executed for the given time.</doc>
<status status="NOT RUN" starttime="20250805 15:17:25.048" endtime="20250805 15:17:25.048"/>
</kw>
<kw name="Wait Until Page Contains" library="SeleniumLibrary">
<arg>Login</arg>
<arg>10s</arg>
<doc>Waits until ``text`` appears on the current page.</doc>
<status status="NOT RUN" starttime="20250805 15:17:25.048" endtime="20250805 15:17:25.048"/>
</kw>
<status status="FAIL" starttime="20250805 15:17:25.048" endtime="20250805 15:17:25.048"/>
</kw>
<doc>สามารถกดออกจากระบบ Transporter ได้</doc>
<tag>Standard_Test</tag>
<status status="FAIL" starttime="20250805 15:17:25.048" endtime="20250805 15:17:25.048">NoSuchWindowException: Message: no such window: target window already closed
from unknown error: web view not found
  (Session info: chrome=114.0.5735.199)
Stacktrace:
Backtrace:
	GetHandleVerifier [0x0072A813+48355]
	(No symbol) [0x006BC4B1]
	(No symbol) [0x005C5358]
	(No symbol) [0x005AD293]
	(No symbol) [0x0060E37B]
	(No symbol) [0x0061C473]
	(No symbol) [0x0060A536]
	(No symbol) [0x005E82DC]
	(No symbol) [0x005E93DD]
	GetHandleVerifier [0x0098AABD+2539405]
	GetHandleVerifier [0x009CA78F+2800735]
	GetHandleVerifier [0x009C456C+2775612]
	GetHandleVerifier [0x007B51E0+616112]
	(No symbol) [0x006C5F8C]
	(No symbol) [0x006C2328]
	(No symbol) [0x006C240B]
	(No symbol) [0x006B4FF7]
	BaseThreadInitThunk [0x75B25D49+25]
	RtlInitializeExceptionChain [0x76F7D1AB+107]
	RtlGetAppContainerNamedObjectPath [0x76F7D131+561]
</status>
</test>
<test id="s1-s1-t29" name="[29] สามารถล็อคอินเข้าสู่ระบบ Transporter ได้" line="389">
<kw name="Transporter_Login" library="login_keywords">
<arg>${PAT BOQ Approved USER}</arg>
<arg>${PAT BOQ Approved PASS}</arg>
<kw name="Input Text" library="SeleniumLibrary">
<arg>id=loginForm:username</arg>
<arg>${username}</arg>
<doc>Types the given ``text`` into the text field identified by ``locator``.</doc>
<msg timestamp="20250805 15:17:25.069" level="INFO">Typing text 'teerachu' into text field 'id=loginForm:username'.</msg>
<msg timestamp="20250805 15:17:25.069" level="WARN">Keyword 'Capture Page Screenshot' could not be run on failure: Message: no such window: target window already closed
from unknown error: web view not found
  (Session info: chrome=114.0.5735.199)
Stacktrace:
Backtrace:
	GetHandleVerifier [0x0072A813+48355]
	(No symbol) [0x006BC4B1]
	(No symbol) [0x005C5358]
	(No symbol) [0x005AD293]
	(No symbol) [0x0060E37B]
	(No symbol) [0x0061C473]
	(No symbol) [0x0060A536]
	(No symbol) [0x005E82DC]
	(No symbol) [0x005E93DD]
	GetHandleVerifier [0x0098AABD+2539405]
	GetHandleVerifier [0x009CA78F+2800735]
	GetHandleVerifier [0x009C456C+2775612]
	GetHandleVerifier [0x007B51E0+616112]
	(No symbol) [0x006C5F8C]
	(No symbol) [0x006C2328]
	(No symbol) [0x006C240B]
	(No symbol) [0x006B4FF7]
	BaseThreadInitThunk [0x75B25D49+25]
	RtlInitializeExceptionChain [0x76F7D1AB+107]
	RtlGetAppContainerNamedObjectPath [0x76F7D131+561]
</msg>
<msg timestamp="20250805 15:17:25.069" level="FAIL">NoSuchWindowException: Message: no such window: target window already closed
from unknown error: web view not found
  (Session info: chrome=114.0.5735.199)
Stacktrace:
Backtrace:
	GetHandleVerifier [0x0072A813+48355]
	(No symbol) [0x006BC4B1]
	(No symbol) [0x005C5358]
	(No symbol) [0x005AD293]
	(No symbol) [0x0060E37B]
	(No symbol) [0x0061C473]
	(No symbol) [0x0060A536]
	(No symbol) [0x005E82DC]
	(No symbol) [0x005E93DD]
	GetHandleVerifier [0x0098AABD+2539405]
	GetHandleVerifier [0x009CA78F+2800735]
	GetHandleVerifier [0x009C456C+2775612]
	GetHandleVerifier [0x007B51E0+616112]
	(No symbol) [0x006C5F8C]
	(No symbol) [0x006C2328]
	(No symbol) [0x006C240B]
	(No symbol) [0x006B4FF7]
	BaseThreadInitThunk [0x75B25D49+25]
	RtlInitializeExceptionChain [0x76F7D1AB+107]
	RtlGetAppContainerNamedObjectPath [0x76F7D131+561]
</msg>
<status status="FAIL" starttime="20250805 15:17:25.069" endtime="20250805 15:17:25.075"/>
</kw>
<kw name="Input Text" library="SeleniumLibrary">
<arg>id=loginForm:password</arg>
<arg>${password}</arg>
<doc>Types the given ``text`` into the text field identified by ``locator``.</doc>
<status status="NOT RUN" starttime="20250805 15:17:25.075" endtime="20250805 15:17:25.075"/>
</kw>
<kw name="Click Button" library="SeleniumLibrary">
<arg>xpath=${LOGIN BUTTON}</arg>
<doc>Clicks the button identified by ``locator``.</doc>
<status status="NOT RUN" starttime="20250805 15:17:25.075" endtime="20250805 15:17:25.075"/>
</kw>
<status status="FAIL" starttime="20250805 15:17:25.069" endtime="20250805 15:17:25.075"/>
</kw>
<kw name="Welcome Page Should Be Open" library="login_keywords">
<arg>${LOGIN TITLE}</arg>
<status status="NOT RUN" starttime="20250805 15:17:25.075" endtime="20250805 15:17:25.075"/>
</kw>
<kw name="Sleep" library="BuiltIn">
<arg>1 seconds</arg>
<doc>Pauses the test executed for the given time.</doc>
<status status="NOT RUN" starttime="20250805 15:17:25.075" endtime="20250805 15:17:25.075"/>
</kw>
<doc>สามารถล็อคอินเข้าสู่ระบบ Transporter ได้</doc>
<tag>Standard_Test</tag>
<status status="FAIL" starttime="20250805 15:17:25.064" endtime="20250805 15:17:25.075">NoSuchWindowException: Message: no such window: target window already closed
from unknown error: web view not found
  (Session info: chrome=114.0.5735.199)
Stacktrace:
Backtrace:
	GetHandleVerifier [0x0072A813+48355]
	(No symbol) [0x006BC4B1]
	(No symbol) [0x005C5358]
	(No symbol) [0x005AD293]
	(No symbol) [0x0060E37B]
	(No symbol) [0x0061C473]
	(No symbol) [0x0060A536]
	(No symbol) [0x005E82DC]
	(No symbol) [0x005E93DD]
	GetHandleVerifier [0x0098AABD+2539405]
	GetHandleVerifier [0x009CA78F+2800735]
	GetHandleVerifier [0x009C456C+2775612]
	GetHandleVerifier [0x007B51E0+616112]
	(No symbol) [0x006C5F8C]
	(No symbol) [0x006C2328]
	(No symbol) [0x006C240B]
	(No symbol) [0x006B4FF7]
	BaseThreadInitThunk [0x75B25D49+25]
	RtlInitializeExceptionChain [0x76F7D1AB+107]
	RtlGetAppContainerNamedObjectPath [0x76F7D131+561]
</status>
</test>
<test id="s1-s1-t30" name="[30] สามารถทำรายการ PAT/BOQ Approved ได้" line="396">
<kw name="Click Menu List" library="menu_keywords">
<kw name="Click Element" library="SeleniumLibrary">
<arg>xpath=${Menu List}</arg>
<doc>Click the element identified by ``locator``.</doc>
<msg timestamp="20250805 15:17:25.080" level="INFO">Clicking element 'xpath=//form/div[1]/table/tbody/tr/td[1]/img'.</msg>
<msg timestamp="20250805 15:17:25.080" level="WARN">Keyword 'Capture Page Screenshot' could not be run on failure: Message: no such window: target window already closed
from unknown error: web view not found
  (Session info: chrome=114.0.5735.199)
Stacktrace:
Backtrace:
	GetHandleVerifier [0x0072A813+48355]
	(No symbol) [0x006BC4B1]
	(No symbol) [0x005C5358]
	(No symbol) [0x005AD293]
	(No symbol) [0x0060E37B]
	(No symbol) [0x0061C473]
	(No symbol) [0x0060A536]
	(No symbol) [0x005E82DC]
	(No symbol) [0x005E93DD]
	GetHandleVerifier [0x0098AABD+2539405]
	GetHandleVerifier [0x009CA78F+2800735]
	GetHandleVerifier [0x009C456C+2775612]
	GetHandleVerifier [0x007B51E0+616112]
	(No symbol) [0x006C5F8C]
	(No symbol) [0x006C2328]
	(No symbol) [0x006C240B]
	(No symbol) [0x006B4FF7]
	BaseThreadInitThunk [0x75B25D49+25]
	RtlInitializeExceptionChain [0x76F7D1AB+107]
	RtlGetAppContainerNamedObjectPath [0x76F7D131+561]
</msg>
<msg timestamp="20250805 15:17:25.080" level="FAIL">NoSuchWindowException: Message: no such window: target window already closed
from unknown error: web view not found
  (Session info: chrome=114.0.5735.199)
Stacktrace:
Backtrace:
	GetHandleVerifier [0x0072A813+48355]
	(No symbol) [0x006BC4B1]
	(No symbol) [0x005C5358]
	(No symbol) [0x005AD293]
	(No symbol) [0x0060E37B]
	(No symbol) [0x0061C473]
	(No symbol) [0x0060A536]
	(No symbol) [0x005E82DC]
	(No symbol) [0x005E93DD]
	GetHandleVerifier [0x0098AABD+2539405]
	GetHandleVerifier [0x009CA78F+2800735]
	GetHandleVerifier [0x009C456C+2775612]
	GetHandleVerifier [0x007B51E0+616112]
	(No symbol) [0x006C5F8C]
	(No symbol) [0x006C2328]
	(No symbol) [0x006C240B]
	(No symbol) [0x006B4FF7]
	BaseThreadInitThunk [0x75B25D49+25]
	RtlInitializeExceptionChain [0x76F7D1AB+107]
	RtlGetAppContainerNamedObjectPath [0x76F7D131+561]
</msg>
<status status="FAIL" starttime="20250805 15:17:25.080" endtime="20250805 15:17:25.080"/>
</kw>
<status status="FAIL" starttime="20250805 15:17:25.080" endtime="20250805 15:17:25.080"/>
</kw>
<kw name="Select Menu" library="menu_keywords">
<arg>${Todo list Menu ID}</arg>
<status status="NOT RUN" starttime="20250805 15:17:25.080" endtime="20250805 15:17:25.080"/>
</kw>
<kw name="To Do List Serach SSR ID" library="menu_to_do_list_keywords">
<arg>${SSR ID PAT BOQ Approved}</arg>
<status status="NOT RUN" starttime="20250805 15:17:25.080" endtime="20250805 15:17:25.080"/>
</kw>
<kw name="To Do Click Serach SSR ID" library="menu_to_do_list_keywords">
<status status="NOT RUN" starttime="20250805 15:17:25.080" endtime="20250805 15:17:25.080"/>
</kw>
<kw name="Selected SSR ID" library="menu_to_do_list_keywords">
<status status="NOT RUN" starttime="20250805 15:17:25.080" endtime="20250805 15:17:25.080"/>
</kw>
<kw name="Page Should Contains" library="result_massage_keywords">
<arg>${SSR &gt; BOQ Approved}</arg>
<status status="NOT RUN" starttime="20250805 15:17:25.080" endtime="20250805 15:17:25.080"/>
</kw>
<kw name="PAT/BOQ Approved Select Approved Rejected" library="PAT_BOQ_Approved_keywords">
<arg>${BOQ Approved Approved Case}</arg>
<status status="NOT RUN" starttime="20250805 15:17:25.080" endtime="20250805 15:17:25.080"/>
</kw>
<kw name="PAT/BOQ Approved Save" library="PAT_BOQ_Approved_keywords">
<status status="NOT RUN" starttime="20250805 15:17:25.080" endtime="20250805 15:17:25.080"/>
</kw>
<kw name="Result Massage Data recorded" library="result_massage_keywords">
<var>${SSR ID GR Approved}</var>
<arg>${BOQ Approved Result Massage}</arg>
<status status="NOT RUN" starttime="20250805 15:17:25.080" endtime="20250805 15:17:25.080"/>
</kw>
<kw name="Set Global Variable" library="BuiltIn">
<arg>${SSR ID GR Approved}</arg>
<doc>Makes a variable available globally in all tests and suites.</doc>
<status status="NOT RUN" starttime="20250805 15:17:25.096" endtime="20250805 15:17:25.096"/>
</kw>
<kw name="Sleep" library="BuiltIn">
<arg>1 seconds</arg>
<doc>Pauses the test executed for the given time.</doc>
<status status="NOT RUN" starttime="20250805 15:17:25.096" endtime="20250805 15:17:25.096"/>
</kw>
<kw name="Write Value To Excel Status" library="Excel_Template">
<arg>TC_010 PAT BOQ Approved</arg>
<status status="NOT RUN" starttime="20250805 15:17:25.096" endtime="20250805 15:17:25.096"/>
</kw>
<doc>สามารถทำรายการ PAT/BOQ Approved ได้จนจบขั้นตอน</doc>
<tag>Standard_Test</tag>
<status status="FAIL" starttime="20250805 15:17:25.080" endtime="20250805 15:17:25.096">NoSuchWindowException: Message: no such window: target window already closed
from unknown error: web view not found
  (Session info: chrome=114.0.5735.199)
Stacktrace:
Backtrace:
	GetHandleVerifier [0x0072A813+48355]
	(No symbol) [0x006BC4B1]
	(No symbol) [0x005C5358]
	(No symbol) [0x005AD293]
	(No symbol) [0x0060E37B]
	(No symbol) [0x0061C473]
	(No symbol) [0x0060A536]
	(No symbol) [0x005E82DC]
	(No symbol) [0x005E93DD]
	GetHandleVerifier [0x0098AABD+2539405]
	GetHandleVerifier [0x009CA78F+2800735]
	GetHandleVerifier [0x009C456C+2775612]
	GetHandleVerifier [0x007B51E0+616112]
	(No symbol) [0x006C5F8C]
	(No symbol) [0x006C2328]
	(No symbol) [0x006C240B]
	(No symbol) [0x006B4FF7]
	BaseThreadInitThunk [0x75B25D49+25]
	RtlInitializeExceptionChain [0x76F7D1AB+107]
	RtlGetAppContainerNamedObjectPath [0x76F7D131+561]
</status>
</test>
<test id="s1-s1-t31" name="[31] สามารถเข้าเมนู SSR Tracking ได้" line="413">
<kw name="Click Menu List" library="menu_keywords">
<kw name="Click Element" library="SeleniumLibrary">
<arg>xpath=${Menu List}</arg>
<doc>Click the element identified by ``locator``.</doc>
<msg timestamp="20250805 15:17:25.096" level="INFO">Clicking element 'xpath=//form/div[1]/table/tbody/tr/td[1]/img'.</msg>
<msg timestamp="20250805 15:17:25.096" level="WARN">Keyword 'Capture Page Screenshot' could not be run on failure: Message: no such window: target window already closed
from unknown error: web view not found
  (Session info: chrome=114.0.5735.199)
Stacktrace:
Backtrace:
	GetHandleVerifier [0x0072A813+48355]
	(No symbol) [0x006BC4B1]
	(No symbol) [0x005C5358]
	(No symbol) [0x005AD293]
	(No symbol) [0x0060E37B]
	(No symbol) [0x0061C473]
	(No symbol) [0x0060A536]
	(No symbol) [0x005E82DC]
	(No symbol) [0x005E93DD]
	GetHandleVerifier [0x0098AABD+2539405]
	GetHandleVerifier [0x009CA78F+2800735]
	GetHandleVerifier [0x009C456C+2775612]
	GetHandleVerifier [0x007B51E0+616112]
	(No symbol) [0x006C5F8C]
	(No symbol) [0x006C2328]
	(No symbol) [0x006C240B]
	(No symbol) [0x006B4FF7]
	BaseThreadInitThunk [0x75B25D49+25]
	RtlInitializeExceptionChain [0x76F7D1AB+107]
	RtlGetAppContainerNamedObjectPath [0x76F7D131+561]
</msg>
<msg timestamp="20250805 15:17:25.096" level="FAIL">NoSuchWindowException: Message: no such window: target window already closed
from unknown error: web view not found
  (Session info: chrome=114.0.5735.199)
Stacktrace:
Backtrace:
	GetHandleVerifier [0x0072A813+48355]
	(No symbol) [0x006BC4B1]
	(No symbol) [0x005C5358]
	(No symbol) [0x005AD293]
	(No symbol) [0x0060E37B]
	(No symbol) [0x0061C473]
	(No symbol) [0x0060A536]
	(No symbol) [0x005E82DC]
	(No symbol) [0x005E93DD]
	GetHandleVerifier [0x0098AABD+2539405]
	GetHandleVerifier [0x009CA78F+2800735]
	GetHandleVerifier [0x009C456C+2775612]
	GetHandleVerifier [0x007B51E0+616112]
	(No symbol) [0x006C5F8C]
	(No symbol) [0x006C2328]
	(No symbol) [0x006C240B]
	(No symbol) [0x006B4FF7]
	BaseThreadInitThunk [0x75B25D49+25]
	RtlInitializeExceptionChain [0x76F7D1AB+107]
	RtlGetAppContainerNamedObjectPath [0x76F7D131+561]
</msg>
<status status="FAIL" starttime="20250805 15:17:25.096" endtime="20250805 15:17:25.096"/>
</kw>
<status status="FAIL" starttime="20250805 15:17:25.096" endtime="20250805 15:17:25.096"/>
</kw>
<kw name="Select Menu" library="menu_keywords">
<arg>${SSR Tracking Menu ID}</arg>
<status status="NOT RUN" starttime="20250805 15:17:25.096" endtime="20250805 15:17:25.096"/>
</kw>
<kw name="Search SSR ID Tracking" library="menu_ssr_tracking_keywords">
<arg>${SSR ID GR Approved}</arg>
<status status="NOT RUN" starttime="20250805 15:17:25.096" endtime="20250805 15:17:25.096"/>
</kw>
<kw name="Click SSR Search Button" library="menu_ssr_tracking_keywords">
<status status="NOT RUN" starttime="20250805 15:17:25.096" endtime="20250805 15:17:25.096"/>
</kw>
<kw name="Select SSR ID" library="menu_ssr_tracking_keywords">
<status status="NOT RUN" starttime="20250805 15:17:25.096" endtime="20250805 15:17:25.096"/>
</kw>
<kw name="Page Should Contains" library="result_massage_keywords">
<arg>${SSR Tracking &gt; View}</arg>
<status status="NOT RUN" starttime="20250805 15:17:25.112" endtime="20250805 15:17:25.112"/>
</kw>
<kw name="Buffer Pre-PR" library="menu_ssr_tracking_keywords">
<var>${Pre PR No}</var>
<status status="NOT RUN" starttime="20250805 15:17:25.112" endtime="20250805 15:17:25.112"/>
</kw>
<kw name="Set Global Variable" library="BuiltIn">
<arg>${Pre PR No}</arg>
<doc>Makes a variable available globally in all tests and suites.</doc>
<status status="NOT RUN" starttime="20250805 15:17:25.112" endtime="20250805 15:17:25.112"/>
</kw>
<kw name="Write Value Pre PR" library="Excel_Template">
<arg>${Pre PR No}</arg>
<status status="NOT RUN" starttime="20250805 15:17:25.112" endtime="20250805 15:17:25.112"/>
</kw>
<kw name="Log" library="BuiltIn">
<arg>Pre PR&gt;&gt;&gt;&gt;&gt;: ${Pre PR No}</arg>
<doc>Logs the given message with the given level.</doc>
<status status="NOT RUN" starttime="20250805 15:17:25.112" endtime="20250805 15:17:25.112"/>
</kw>
<kw name="Write Value To Excel Status" library="Excel_Template">
<arg>TC_011 Buffer Pre-PR No</arg>
<status status="NOT RUN" starttime="20250805 15:17:25.112" endtime="20250805 15:17:25.112"/>
</kw>
<doc>สามารถเข้าเมนู SSR Tracking เพื่อเช็คเลข Pre-PR No ได้</doc>
<tag>Standard_Test</tag>
<status status="FAIL" starttime="20250805 15:17:25.096" endtime="20250805 15:17:25.112">NoSuchWindowException: Message: no such window: target window already closed
from unknown error: web view not found
  (Session info: chrome=114.0.5735.199)
Stacktrace:
Backtrace:
	GetHandleVerifier [0x0072A813+48355]
	(No symbol) [0x006BC4B1]
	(No symbol) [0x005C5358]
	(No symbol) [0x005AD293]
	(No symbol) [0x0060E37B]
	(No symbol) [0x0061C473]
	(No symbol) [0x0060A536]
	(No symbol) [0x005E82DC]
	(No symbol) [0x005E93DD]
	GetHandleVerifier [0x0098AABD+2539405]
	GetHandleVerifier [0x009CA78F+2800735]
	GetHandleVerifier [0x009C456C+2775612]
	GetHandleVerifier [0x007B51E0+616112]
	(No symbol) [0x006C5F8C]
	(No symbol) [0x006C2328]
	(No symbol) [0x006C240B]
	(No symbol) [0x006B4FF7]
	BaseThreadInitThunk [0x75B25D49+25]
	RtlInitializeExceptionChain [0x76F7D1AB+107]
	RtlGetAppContainerNamedObjectPath [0x76F7D131+561]
</status>
</test>
<test id="s1-s1-t32" name="[32] สามารถกดออกจากระบบ Transporter ได้" line="430">
<kw name="Log Out" library="Logout_keywords">
<kw name="Click Menu List" library="menu_keywords">
<kw name="Click Element" library="SeleniumLibrary">
<arg>xpath=${Menu List}</arg>
<doc>Click the element identified by ``locator``.</doc>
<msg timestamp="20250805 15:17:25.112" level="INFO">Clicking element 'xpath=//form/div[1]/table/tbody/tr/td[1]/img'.</msg>
<msg timestamp="20250805 15:17:25.112" level="WARN">Keyword 'Capture Page Screenshot' could not be run on failure: Message: no such window: target window already closed
from unknown error: web view not found
  (Session info: chrome=114.0.5735.199)
Stacktrace:
Backtrace:
	GetHandleVerifier [0x0072A813+48355]
	(No symbol) [0x006BC4B1]
	(No symbol) [0x005C5358]
	(No symbol) [0x005AD293]
	(No symbol) [0x0060E37B]
	(No symbol) [0x0061C473]
	(No symbol) [0x0060A536]
	(No symbol) [0x005E82DC]
	(No symbol) [0x005E93DD]
	GetHandleVerifier [0x0098AABD+2539405]
	GetHandleVerifier [0x009CA78F+2800735]
	GetHandleVerifier [0x009C456C+2775612]
	GetHandleVerifier [0x007B51E0+616112]
	(No symbol) [0x006C5F8C]
	(No symbol) [0x006C2328]
	(No symbol) [0x006C240B]
	(No symbol) [0x006B4FF7]
	BaseThreadInitThunk [0x75B25D49+25]
	RtlInitializeExceptionChain [0x76F7D1AB+107]
	RtlGetAppContainerNamedObjectPath [0x76F7D131+561]
</msg>
<msg timestamp="20250805 15:17:25.112" level="FAIL">NoSuchWindowException: Message: no such window: target window already closed
from unknown error: web view not found
  (Session info: chrome=114.0.5735.199)
Stacktrace:
Backtrace:
	GetHandleVerifier [0x0072A813+48355]
	(No symbol) [0x006BC4B1]
	(No symbol) [0x005C5358]
	(No symbol) [0x005AD293]
	(No symbol) [0x0060E37B]
	(No symbol) [0x0061C473]
	(No symbol) [0x0060A536]
	(No symbol) [0x005E82DC]
	(No symbol) [0x005E93DD]
	GetHandleVerifier [0x0098AABD+2539405]
	GetHandleVerifier [0x009CA78F+2800735]
	GetHandleVerifier [0x009C456C+2775612]
	GetHandleVerifier [0x007B51E0+616112]
	(No symbol) [0x006C5F8C]
	(No symbol) [0x006C2328]
	(No symbol) [0x006C240B]
	(No symbol) [0x006B4FF7]
	BaseThreadInitThunk [0x75B25D49+25]
	RtlInitializeExceptionChain [0x76F7D1AB+107]
	RtlGetAppContainerNamedObjectPath [0x76F7D131+561]
</msg>
<status status="FAIL" starttime="20250805 15:17:25.112" endtime="20250805 15:17:25.112"/>
</kw>
<status status="FAIL" starttime="20250805 15:17:25.112" endtime="20250805 15:17:25.112"/>
</kw>
<kw name="Execute Javascript" library="SeleniumLibrary">
<arg>document.getElementById("iconheader:frmMenu:LogOut").click()</arg>
<doc>Executes the given JavaScript code with possible arguments.</doc>
<status status="NOT RUN" starttime="20250805 15:17:25.128" endtime="20250805 15:17:25.128"/>
</kw>
<kw name="Sleep" library="BuiltIn">
<arg>1 seconds</arg>
<doc>Pauses the test executed for the given time.</doc>
<status status="NOT RUN" starttime="20250805 15:17:25.128" endtime="20250805 15:17:25.128"/>
</kw>
<kw name="Wait Until Page Contains" library="SeleniumLibrary">
<arg>Login</arg>
<arg>10s</arg>
<doc>Waits until ``text`` appears on the current page.</doc>
<status status="NOT RUN" starttime="20250805 15:17:25.128" endtime="20250805 15:17:25.128"/>
</kw>
<status status="FAIL" starttime="20250805 15:17:25.112" endtime="20250805 15:17:25.128"/>
</kw>
<kw name="Close Browser" library="SeleniumLibrary">
<doc>Closes the current browser.</doc>
<status status="NOT RUN" starttime="20250805 15:17:25.128" endtime="20250805 15:17:25.128"/>
</kw>
<doc>สามารถกดออกจากระบบ Transporter ได้</doc>
<tag>Standard_Test</tag>
<status status="FAIL" starttime="20250805 15:17:25.112" endtime="20250805 15:17:25.131">NoSuchWindowException: Message: no such window: target window already closed
from unknown error: web view not found
  (Session info: chrome=114.0.5735.199)
Stacktrace:
Backtrace:
	GetHandleVerifier [0x0072A813+48355]
	(No symbol) [0x006BC4B1]
	(No symbol) [0x005C5358]
	(No symbol) [0x005AD293]
	(No symbol) [0x0060E37B]
	(No symbol) [0x0061C473]
	(No symbol) [0x0060A536]
	(No symbol) [0x005E82DC]
	(No symbol) [0x005E93DD]
	GetHandleVerifier [0x0098AABD+2539405]
	GetHandleVerifier [0x009CA78F+2800735]
	GetHandleVerifier [0x009C456C+2775612]
	GetHandleVerifier [0x007B51E0+616112]
	(No symbol) [0x006C5F8C]
	(No symbol) [0x006C2328]
	(No symbol) [0x006C240B]
	(No symbol) [0x006B4FF7]
	BaseThreadInitThunk [0x75B25D49+25]
	RtlInitializeExceptionChain [0x76F7D1AB+107]
	RtlGetAppContainerNamedObjectPath [0x76F7D131+561]
</status>
</test>
<test id="s1-s1-t33" name="[33] สามารถล็อคอินเข้าสู่ระบบ My Net-Work Stagging ได้" line="436">
<kw name="Open Browser To My net-work" library="login_keywords">
<kw name="Open Browser" library="SeleniumLibrary">
<arg>${Mynetwork URL}</arg>
<arg>${BROWSER}</arg>
<doc>Opens a new browser instance to the optional ``url``.</doc>
<msg timestamp="20250805 15:17:25.135" level="INFO">Opening browser 'Chrome' to base url 'https://test-mynetwork.ais.co.th/login'.</msg>
<errors>
<msg timestamp="20250805 15:17:24.827" level="WARN">Keyword 'Capture Page Screenshot' could not be run on failure: Message: no such window: target window already closed
from unknown error: web view not found
  (Session info: chrome=114.0.5735.199)
Stacktrace:
Backtrace:
	GetHandleVerifier [0x0072A813+48355]
	(No symbol) [0x006BC4B1]
	(No symbol) [0x005C5358]
	(No symbol) [0x005AD293]
	(No symbol) [0x0060E37B]
	(No symbol) [0x0061C473]
	(No symbol) [0x0060A536]
	(No symbol) [0x005E82DC]
	(No symbol) [0x005E93DD]
	GetHandleVerifier [0x0098AABD+2539405]
	GetHandleVerifier [0x009CA78F+2800735]
	GetHandleVerifier [0x009C456C+2775612]
	GetHandleVerifier [0x007B51E0+616112]
	(No symbol) [0x006C5F8C]
	(No symbol) [0x006C2328]
	(No symbol) [0x006C240B]
	(No symbol) [0x006B4FF7]
	BaseThreadInitThunk [0x75B25D49+25]
	RtlInitializeExceptionChain [0x76F7D1AB+107]
	RtlGetAppContainerNamedObjectPath [0x76F7D131+561]
</msg>
<msg timestamp="20250805 15:17:24.875" level="WARN">Keyword 'Capture Page Screenshot' could not be run on failure: Message: no such window: target window already closed
from unknown error: web view not found
  (Session info: chrome=114.0.5735.199)
Stacktrace:
Backtrace:
	GetHandleVerifier [0x0072A813+48355]
	(No symbol) [0x006BC4B1]
	(No symbol) [0x005C5358]
	(No symbol) [0x005AD293]
	(No symbol) [0x0060E37B]
	(No symbol) [0x0061C473]
	(No symbol) [0x0060A536]
	(No symbol) [0x005E82DC]
	(No symbol) [0x005E93DD]
	GetHandleVerifier [0x0098AABD+2539405]
	GetHandleVerifier [0x009CA78F+2800735]
	GetHandleVerifier [0x009C456C+2775612]
	GetHandleVerifier [0x007B51E0+616112]
	(No symbol) [0x006C5F8C]
	(No symbol) [0x006C2328]
	(No symbol) [0x006C240B]
	(No symbol) [0x006B4FF7]
	BaseThreadInitThunk [0x75B25D49+25]
	RtlInitializeExceptionChain [0x76F7D1AB+107]
	RtlGetAppContainerNamedObjectPath [0x76F7D131+561]
</msg>
<msg timestamp="20250805 15:17:24.894" level="WARN">Keyword 'Capture Page Screenshot' could not be run on failure: Message: no such window: target window already closed
from unknown error: web view not found
  (Session info: chrome=114.0.5735.199)
Stacktrace:
Backtrace:
	GetHandleVerifier [0x0072A813+48355]
	(No symbol) [0x006BC4B1]
	(No symbol) [0x005C5358]
	(No symbol) [0x005AD293]
	(No symbol) [0x0060E37B]
	(No symbol) [0x0061C473]
	(No symbol) [0x0060A536]
	(No symbol) [0x005E82DC]
	(No symbol) [0x005E93DD]
	GetHandleVerifier [0x0098AABD+2539405]
	GetHandleVerifier [0x009CA78F+2800735]
	GetHandleVerifier [0x009C456C+2775612]
	GetHandleVerifier [0x007B51E0+616112]
	(No symbol) [0x006C5F8C]
	(No symbol) [0x006C2328]
	(No symbol) [0x006C240B]
	(No symbol) [0x006B4FF7]
	BaseThreadInitThunk [0x75B25D49+25]
	RtlInitializeExceptionChain [0x76F7D1AB+107]
	RtlGetAppContainerNamedObjectPath [0x76F7D131+561]
</msg>
<msg timestamp="20250805 15:17:24.922" level="WARN">Keyword 'Capture Page Screenshot' could not be run on failure: Message: no such window: target window already closed
from unknown error: web view not found
  (Session info: chrome=114.0.5735.199)
Stacktrace:
Backtrace:
	GetHandleVerifier [0x0072A813+48355]
	(No symbol) [0x006BC4B1]
	(No symbol) [0x005C5358]
	(No symbol) [0x005AD293]
	(No symbol) [0x0060E37B]
	(No symbol) [0x0061C473]
	(No symbol) [0x0060A536]
	(No symbol) [0x005E82DC]
	(No symbol) [0x005E93DD]
	GetHandleVerifier [0x0098AABD+2539405]
	GetHandleVerifier [0x009CA78F+2800735]
	GetHandleVerifier [0x009C456C+2775612]
	GetHandleVerifier [0x007B51E0+616112]
	(No symbol) [0x006C5F8C]
	(No symbol) [0x006C2328]
	(No symbol) [0x006C240B]
	(No symbol) [0x006B4FF7]
	BaseThreadInitThunk [0x75B25D49+25]
	RtlInitializeExceptionChain [0x76F7D1AB+107]
	RtlGetAppContainerNamedObjectPath [0x76F7D131+561]
</msg>
<msg timestamp="20250805 15:17:24.948" level="WARN">Keyword 'Capture Page Screenshot' could not be run on failure: Message: no such window: target window already closed
from unknown error: web view not found
  (Session info: chrome=114.0.5735.199)
Stacktrace:
Backtrace:
	GetHandleVerifier [0x0072A813+48355]
	(No symbol) [0x006BC4B1]
	(No symbol) [0x005C5358]
	(No symbol) [0x005AD293]
	(No symbol) [0x0060E37B]
	(No symbol) [0x0061C473]
	(No symbol) [0x0060A536]
	(No symbol) [0x005E82DC]
	(No symbol) [0x005E93DD]
	GetHandleVerifier [0x0098AABD+2539405]
	GetHandleVerifier [0x009CA78F+2800735]
	GetHandleVerifier [0x009C456C+2775612]
	GetHandleVerifier [0x007B51E0+616112]
	(No symbol) [0x006C5F8C]
	(No symbol) [0x006C2328]
	(No symbol) [0x006C240B]
	(No symbol) [0x006B4FF7]
	BaseThreadInitThunk [0x75B25D49+25]
	RtlInitializeExceptionChain [0x76F7D1AB+107]
	RtlGetAppContainerNamedObjectPath [0x76F7D131+561]
</msg>
<msg timestamp="20250805 15:17:24.953" level="WARN">Keyword 'Capture Page Screenshot' could not be run on failure: Message: no such window: target window already closed
from unknown error: web view not found
  (Session info: chrome=114.0.5735.199)
Stacktrace:
Backtrace:
	GetHandleVerifier [0x0072A813+48355]
	(No symbol) [0x006BC4B1]
	(No symbol) [0x005C5358]
	(No symbol) [0x005AD293]
	(No symbol) [0x0060E37B]
	(No symbol) [0x0061C473]
	(No symbol) [0x0060A536]
	(No symbol) [0x005E82DC]
	(No symbol) [0x005E93DD]
	GetHandleVerifier [0x0098AABD+2539405]
	GetHandleVerifier [0x009CA78F+2800735]
	GetHandleVerifier [0x009C456C+2775612]
	GetHandleVerifier [0x007B51E0+616112]
	(No symbol) [0x006C5F8C]
	(No symbol) [0x006C2328]
	(No symbol) [0x006C240B]
	(No symbol) [0x006B4FF7]
	BaseThreadInitThunk [0x75B25D49+25]
	RtlInitializeExceptionChain [0x76F7D1AB+107]
	RtlGetAppContainerNamedObjectPath [0x76F7D131+561]
</msg>
<msg timestamp="20250805 15:17:24.979" level="WARN">Keyword 'Capture Page Screenshot' could not be run on failure: Message: no such window: target window already closed
from unknown error: web view not found
  (Session info: chrome=114.0.5735.199)
Stacktrace:
Backtrace:
	GetHandleVerifier [0x0072A813+48355]
	(No symbol) [0x006BC4B1]
	(No symbol) [0x005C5358]
	(No symbol) [0x005AD293]
	(No symbol) [0x0060E37B]
	(No symbol) [0x0061C473]
	(No symbol) [0x0060A536]
	(No symbol) [0x005E82DC]
	(No symbol) [0x005E93DD]
	GetHandleVerifier [0x0098AABD+2539405]
	GetHandleVerifier [0x009CA78F+2800735]
	GetHandleVerifier [0x009C456C+2775612]
	GetHandleVerifier [0x007B51E0+616112]
	(No symbol) [0x006C5F8C]
	(No symbol) [0x006C2328]
	(No symbol) [0x006C240B]
	(No symbol) [0x006B4FF7]
	BaseThreadInitThunk [0x75B25D49+25]
	RtlInitializeExceptionChain [0x76F7D1AB+107]
	RtlGetAppContainerNamedObjectPath [0x76F7D131+561]
</msg>
<msg timestamp="20250805 15:17:25.004" level="WARN">Keyword 'Capture Page Screenshot' could not be run on failure: Message: no such window: target window already closed
from unknown error: web view not found
  (Session info: chrome=114.0.5735.199)
Stacktrace:
Backtrace:
	GetHandleVerifier [0x0072A813+48355]
	(No symbol) [0x006BC4B1]
	(No symbol) [0x005C5358]
	(No symbol) [0x005AD293]
	(No symbol) [0x0060E37B]
	(No symbol) [0x0061C473]
	(No symbol) [0x0060A536]
	(No symbol) [0x005E82DC]
	(No symbol) [0x005E93DD]
	GetHandleVerifier [0x0098AABD+2539405]
	GetHandleVerifier [0x009CA78F+2800735]
	GetHandleVerifier [0x009C456C+2775612]
	GetHandleVerifier [0x007B51E0+616112]
	(No symbol) [0x006C5F8C]
	(No symbol) [0x006C2328]
	(No symbol) [0x006C240B]
	(No symbol) [0x006B4FF7]
	BaseThreadInitThunk [0x75B25D49+25]
	RtlInitializeExceptionChain [0x76F7D1AB+107]
	RtlGetAppContainerNamedObjectPath [0x76F7D131+561]
</msg>
<msg timestamp="20250805 15:17:25.020" level="WARN">Keyword 'Capture Page Screenshot' could not be run on failure: Message: no such window: target window already closed
from unknown error: web view not found
  (Session info: chrome=114.0.5735.199)
Stacktrace:
Backtrace:
	GetHandleVerifier [0x0072A813+48355]
	(No symbol) [0x006BC4B1]
	(No symbol) [0x005C5358]
	(No symbol) [0x005AD293]
	(No symbol) [0x0060E37B]
	(No symbol) [0x0061C473]
	(No symbol) [0x0060A536]
	(No symbol) [0x005E82DC]
	(No symbol) [0x005E93DD]
	GetHandleVerifier [0x0098AABD+2539405]
	GetHandleVerifier [0x009CA78F+2800735]
	GetHandleVerifier [0x009C456C+2775612]
	GetHandleVerifier [0x007B51E0+616112]
	(No symbol) [0x006C5F8C]
	(No symbol) [0x006C2328]
	(No symbol) [0x006C240B]
	(No symbol) [0x006B4FF7]
	BaseThreadInitThunk [0x75B25D49+25]
	RtlInitializeExceptionChain [0x76F7D1AB+107]
	RtlGetAppContainerNamedObjectPath [0x76F7D131+561]
</msg>
<msg timestamp="20250805 15:17:25.032" level="WARN">Keyword 'Capture Page Screenshot' could not be run on failure: Message: no such window: target window already closed
from unknown error: web view not found
  (Session info: chrome=114.0.5735.199)
Stacktrace:
Backtrace:
	GetHandleVerifier [0x0072A813+48355]
	(No symbol) [0x006BC4B1]
	(No symbol) [0x005C5358]
	(No symbol) [0x005AD293]
	(No symbol) [0x0060E37B]
	(No symbol) [0x0061C473]
	(No symbol) [0x0060A536]
	(No symbol) [0x005E82DC]
	(No symbol) [0x005E93DD]
	GetHandleVerifier [0x0098AABD+2539405]
	GetHandleVerifier [0x009CA78F+2800735]
	GetHandleVerifier [0x009C456C+2775612]
	GetHandleVerifier [0x007B51E0+616112]
	(No symbol) [0x006C5F8C]
	(No symbol) [0x006C2328]
	(No symbol) [0x006C240B]
	(No symbol) [0x006B4FF7]
	BaseThreadInitThunk [0x75B25D49+25]
	RtlInitializeExceptionChain [0x76F7D1AB+107]
	RtlGetAppContainerNamedObjectPath [0x76F7D131+561]
</msg>
<msg timestamp="20250805 15:17:25.048" level="WARN">Keyword 'Capture Page Screenshot' could not be run on failure: Message: no such window: target window already closed
from unknown error: web view not found
  (Session info: chrome=114.0.5735.199)
Stacktrace:
Backtrace:
	GetHandleVerifier [0x0072A813+48355]
	(No symbol) [0x006BC4B1]
	(No symbol) [0x005C5358]
	(No symbol) [0x005AD293]
	(No symbol) [0x0060E37B]
	(No symbol) [0x0061C473]
	(No symbol) [0x0060A536]
	(No symbol) [0x005E82DC]
	(No symbol) [0x005E93DD]
	GetHandleVerifier [0x0098AABD+2539405]
	GetHandleVerifier [0x009CA78F+2800735]
	GetHandleVerifier [0x009C456C+2775612]
	GetHandleVerifier [0x007B51E0+616112]
	(No symbol) [0x006C5F8C]
	(No symbol) [0x006C2328]
	(No symbol) [0x006C240B]
	(No symbol) [0x006B4FF7]
	BaseThreadInitThunk [0x75B25D49+25]
	RtlInitializeExceptionChain [0x76F7D1AB+107]
	RtlGetAppContainerNamedObjectPath [0x76F7D131+561]
</msg>
<msg timestamp="20250805 15:17:25.069" level="WARN">Keyword 'Capture Page Screenshot' could not be run on failure: Message: no such window: target window already closed
from unknown error: web view not found
  (Session info: chrome=114.0.5735.199)
Stacktrace:
Backtrace:
	GetHandleVerifier [0x0072A813+48355]
	(No symbol) [0x006BC4B1]
	(No symbol) [0x005C5358]
	(No symbol) [0x005AD293]
	(No symbol) [0x0060E37B]
	(No symbol) [0x0061C473]
	(No symbol) [0x0060A536]
	(No symbol) [0x005E82DC]
	(No symbol) [0x005E93DD]
	GetHandleVerifier [0x0098AABD+2539405]
	GetHandleVerifier [0x009CA78F+2800735]
	GetHandleVerifier [0x009C456C+2775612]
	GetHandleVerifier [0x007B51E0+616112]
	(No symbol) [0x006C5F8C]
	(No symbol) [0x006C2328]
	(No symbol) [0x006C240B]
	(No symbol) [0x006B4FF7]
	BaseThreadInitThunk [0x75B25D49+25]
	RtlInitializeExceptionChain [0x76F7D1AB+107]
	RtlGetAppContainerNamedObjectPath [0x76F7D131+561]
</msg>
<msg timestamp="20250805 15:17:25.080" level="WARN">Keyword 'Capture Page Screenshot' could not be run on failure: Message: no such window: target window already closed
from unknown error: web view not found
  (Session info: chrome=114.0.5735.199)
Stacktrace:
Backtrace:
	GetHandleVerifier [0x0072A813+48355]
	(No symbol) [0x006BC4B1]
	(No symbol) [0x005C5358]
	(No symbol) [0x005AD293]
	(No symbol) [0x0060E37B]
	(No symbol) [0x0061C473]
	(No symbol) [0x0060A536]
	(No symbol) [0x005E82DC]
	(No symbol) [0x005E93DD]
	GetHandleVerifier [0x0098AABD+2539405]
	GetHandleVerifier [0x009CA78F+2800735]
	GetHandleVerifier [0x009C456C+2775612]
	GetHandleVerifier [0x007B51E0+616112]
	(No symbol) [0x006C5F8C]
	(No symbol) [0x006C2328]
	(No symbol) [0x006C240B]
	(No symbol) [0x006B4FF7]
	BaseThreadInitThunk [0x75B25D49+25]
	RtlInitializeExceptionChain [0x76F7D1AB+107]
	RtlGetAppContainerNamedObjectPath [0x76F7D131+561]
</msg>
<msg timestamp="20250805 15:17:25.096" level="WARN">Keyword 'Capture Page Screenshot' could not be run on failure: Message: no such window: target window already closed
from unknown error: web view not found
  (Session info: chrome=114.0.5735.199)
Stacktrace:
Backtrace:
	GetHandleVerifier [0x0072A813+48355]
	(No symbol) [0x006BC4B1]
	(No symbol) [0x005C5358]
	(No symbol) [0x005AD293]
	(No symbol) [0x0060E37B]
	(No symbol) [0x0061C473]
	(No symbol) [0x0060A536]
	(No symbol) [0x005E82DC]
	(No symbol) [0x005E93DD]
	GetHandleVerifier [0x0098AABD+2539405]
	GetHandleVerifier [0x009CA78F+2800735]
	GetHandleVerifier [0x009C456C+2775612]
	GetHandleVerifier [0x007B51E0+616112]
	(No symbol) [0x006C5F8C]
	(No symbol) [0x006C2328]
	(No symbol) [0x006C240B]
	(No symbol) [0x006B4FF7]
	BaseThreadInitThunk [0x75B25D49+25]
	RtlInitializeExceptionChain [0x76F7D1AB+107]
	RtlGetAppContainerNamedObjectPath [0x76F7D131+561]
</msg>
<msg timestamp="20250805 15:17:25.112" level="WARN">Keyword 'Capture Page Screenshot' could not be run on failure: Message: no such window: target window already closed
from unknown error: web view not found
  (Session info: chrome=114.0.5735.199)
Stacktrace:
Backtrace:
	GetHandleVerifier [0x0072A813+48355]
	(No symbol) [0x006BC4B1]
	(No symbol) [0x005C5358]
	(No symbol) [0x005AD293]
	(No symbol) [0x0060E37B]
	(No symbol) [0x0061C473]
	(No symbol) [0x0060A536]
	(No symbol) [0x005E82DC]
	(No symbol) [0x005E93DD]
	GetHandleVerifier [0x0098AABD+2539405]
	GetHandleVerifier [0x009CA78F+2800735]
	GetHandleVerifier [0x009C456C+2775612]
	GetHandleVerifier [0x007B51E0+616112]
	(No symbol) [0x006C5F8C]
	(No symbol) [0x006C2328]
	(No symbol) [0x006C240B]
	(No symbol) [0x006B4FF7]
	BaseThreadInitThunk [0x75B25D49+25]
	RtlInitializeExceptionChain [0x76F7D1AB+107]
	RtlGetAppContainerNamedObjectPath [0x76F7D131+561]
</msg>
<msg timestamp="20250805 15:17:30.103" level="ERROR">Execution stopped by user.</msg>
</errors>
</robot>
